TN:
SF:src/App.tsx
FN:17,App
FNF:1
FNH:1
FNDA:4,App
DA:1,1
DA:2,1
DA:3,1
DA:4,1
DA:5,1
DA:6,1
DA:7,1
DA:8,1
DA:9,1
DA:10,1
DA:11,1
DA:12,1
DA:13,1
DA:14,1
DA:15,1
DA:17,4
DA:18,4
DA:19,4
DA:20,4
DA:21,4
DA:22,4
DA:23,4
DA:24,4
DA:25,4
DA:26,4
DA:27,4
DA:28,4
DA:29,4
DA:30,4
DA:31,4
DA:32,4
DA:33,4
DA:34,4
DA:35,4
DA:37,4
DA:39,1
LF:36
LH:36
BRDA:17,0,0,4
BRF:1
BRH:1
end_of_record
TN:
SF:src/setupTests.ts
FN:1,(empty-report)
FNF:1
FNH:0
FNDA:0,(empty-report)
DA:1,0
LF:1
LH:0
BRDA:1,0,0,0
BRF:1
BRH:0
end_of_record
TN:
SF:src/components/Navbar.tsx
FN:9,Navbar
FN:27,checkSession
FN:51,handleClickOutside
FN:64,handleSubmit
FN:105,handleLogout
FN:115,handleChange
FN:121,onClick
FN:138,onMouseEnter
FN:141,onMouseLeave
FN:146,onClick
FN:157,onClick
FN:167,onClick
FN:177,onClick
FN:187,onClick
FN:201,onClick
FN:210,onClick
FN:216,onClick
FN:234,onClick
FN:283,onClick
FNF:19
FNH:19
FNDA:90,Navbar
FNDA:15,checkSession
FNDA:32,handleClickOutside
FNDA:3,handleSubmit
FNDA:1,handleLogout
FNDA:25,handleChange
FNDA:1,onClick
FNDA:9,onMouseEnter
FNDA:4,onMouseLeave
FNDA:5,onClick
FNDA:1,onClick
FNDA:1,onClick
FNDA:1,onClick
FNDA:1,onClick
FNDA:1,onClick
FNDA:1,onClick
FNDA:1,onClick
FNDA:3,onClick
FNDA:3,onClick
DA:1,1
DA:2,1
DA:3,1
DA:4,1
DA:5,1
DA:7,1
DA:9,1
DA:10,90
DA:11,90
DA:12,90
DA:13,90
DA:14,90
DA:15,90
DA:16,90
DA:17,90
DA:19,90
DA:20,90
DA:21,90
DA:22,90
DA:23,90
DA:24,90
DA:26,90
DA:27,15
DA:28,15
DA:29,15
DA:30,15
DA:31,1
DA:32,1
DA:33,11
DA:34,9
DA:35,9
DA:36,15
DA:37,5
DA:38,5
DA:39,15
DA:40,15
DA:41,90
DA:43,90
DA:44,15
DA:45,1
DA:46,1
DA:47,1
DA:48,90
DA:50,90
DA:51,15
DA:52,32
DA:53,23
DA:54,23
DA:55,23
DA:56,32
DA:57,12
DA:58,12
DA:59,32
DA:60,15
DA:61,15
DA:62,90
DA:64,90
DA:65,3
DA:66,3
DA:67,1
DA:68,1
DA:69,1
DA:71,3
DA:72,3
DA:73,0
DA:74,2
DA:76,3
DA:77,3
DA:78,3
DA:79,3
DA:80,3
DA:82,3
DA:83,1
DA:84,1
DA:85,1
DA:86,1
DA:87,1
DA:88,1
DA:89,1
DA:90,1
DA:91,1
DA:92,1
DA:93,1
DA:94,0
DA:95,1
DA:96,0
DA:97,0
DA:98,1
DA:100,0
DA:101,1
DA:102,1
DA:103,3
DA:105,90
DA:106,1
DA:107,1
DA:108,1
DA:109,1
DA:110,1
DA:111,1
DA:112,1
DA:113,1
DA:115,90
DA:116,25
DA:117,25
DA:119,90
DA:120,90
DA:121,90
DA:122,90
DA:123,90
DA:124,90
DA:125,90
DA:126,90
DA:127,90
DA:129,90
DA:130,90
DA:131,90
DA:132,90
DA:135,90
DA:136,90
DA:137,90
DA:138,90
DA:139,9
DA:140,9
DA:141,90
DA:142,4
DA:143,4
DA:145,90
DA:146,90
DA:147,5
DA:148,5
DA:149,5
DA:150,90
DA:151,90
DA:153,90
DA:154,90
DA:155,19
DA:156,19
DA:157,19
DA:158,1
DA:159,1
DA:160,1
DA:161,1
DA:162,19
DA:163,19
DA:165,19
DA:166,19
DA:167,19
DA:168,1
DA:169,1
DA:170,1
DA:171,1
DA:172,19
DA:173,19
DA:175,19
DA:176,19
DA:177,19
DA:178,1
DA:179,1
DA:180,1
DA:181,1
DA:182,19
DA:183,19
DA:185,19
DA:186,19
DA:187,19
DA:188,1
DA:189,1
DA:190,1
DA:191,1
DA:192,19
DA:193,19
DA:195,19
DA:196,19
DA:198,90
DA:200,90
DA:201,90
DA:202,90
DA:203,90
DA:205,90
DA:207,90
DA:208,1
DA:209,1
DA:210,1
DA:211,1
DA:212,1
DA:214,1
DA:215,1
DA:216,1
DA:217,1
DA:218,1
DA:220,1
DA:221,1
DA:224,90
DA:225,1
DA:226,1
DA:227,1
DA:228,1
DA:230,1
DA:232,89
DA:233,89
DA:234,89
DA:235,89
DA:237,89
DA:238,89
DA:240,89
DA:241,46
DA:242,46
DA:243,46
DA:244,46
DA:245,46
DA:246,46
DA:247,46
DA:248,46
DA:249,46
DA:250,46
DA:251,46
DA:252,46
DA:253,46
DA:254,46
DA:255,46
DA:256,46
DA:257,46
DA:258,46
DA:259,19
DA:260,19
DA:261,19
DA:262,19
DA:263,19
DA:264,19
DA:265,19
DA:266,19
DA:267,19
DA:268,19
DA:269,19
DA:270,19
DA:271,19
DA:272,19
DA:273,19
DA:274,19
DA:275,19
DA:276,19
DA:278,46
DA:280,46
DA:281,46
DA:282,46
DA:283,46
DA:284,46
DA:286,46
DA:287,46
DA:288,46
DA:290,89
DA:292,90
DA:293,90
DA:295,90
DA:297,1
LF:255
LH:250
BRDA:9,0,0,90
BRDA:131,1,0,1
BRDA:131,2,0,89
BRDA:154,3,0,19
BRDA:207,4,0,1
BRDA:207,5,0,1
BRDA:224,6,0,1
BRDA:230,7,0,89
BRDA:237,8,0,19
BRDA:237,9,0,70
BRDA:240,10,0,46
BRDA:258,11,0,19
BRDA:286,12,0,19
BRDA:286,13,0,27
BRDA:26,14,0,15
BRDA:27,15,0,15
BRDA:29,16,0,10
BRDA:30,17,0,11
BRDA:30,18,0,1
BRDA:33,19,0,9
BRDA:36,20,0,5
BRDA:43,21,0,15
BRDA:44,22,0,1
BRDA:44,23,0,14
BRDA:44,24,0,1
BRDA:50,25,0,15
BRDA:51,26,0,32
BRDA:52,27,0,23
BRDA:56,28,0,29
BRDA:56,29,0,12
BRDA:61,30,0,15
BRDA:64,31,0,3
BRDA:66,32,0,1
BRDA:66,33,0,1
BRDA:69,34,0,2
BRDA:71,35,0,0
BRDA:71,36,0,2
BRDA:72,37,0,0
BRDA:73,38,0,2
BRDA:80,39,0,2
BRDA:82,40,0,1
BRDA:88,41,0,0
BRDA:93,42,0,0
BRDA:95,43,0,0
BRDA:98,44,0,0
BRDA:105,45,0,1
BRDA:115,46,0,25
BRDA:121,47,0,1
BRDA:138,48,0,9
BRDA:139,49,0,5
BRDA:141,50,0,4
BRDA:142,51,0,0
BRDA:146,52,0,5
BRDA:157,53,0,1
BRDA:167,54,0,1
BRDA:177,55,0,1
BRDA:187,56,0,1
BRDA:201,57,0,1
BRDA:210,58,0,1
BRDA:216,59,0,1
BRDA:234,60,0,3
BRDA:283,61,0,3
BRF:62
BRH:55
end_of_record
TN:
SF:src/components/units/UnitIdleSprite.tsx
FN:12,loadImageElement
FN:20,finish
FN:26,img.onload
FN:27,img.onerror
FN:36,imageExists
FN:40,UnitIdleSprite
FN:58,drawSpriteOutline
FN:92,loadAnimFromPath
FN:146,loadAssets
FN:172,computeVerticalShift
FN:207,draw
FN:251,maybeStart
FN:260,spriteImage.onload
FNF:13
FNH:10
FNDA:11,loadImageElement
FNDA:17,finish
FNDA:7,img.onload
FNDA:0,img.onerror
FNDA:5,imageExists
FNDA:12,UnitIdleSprite
FNDA:0,drawSpriteOutline
FNDA:5,loadAnimFromPath
FNDA:5,loadAssets
FNDA:2,computeVerticalShift
FNDA:3,draw
FNDA:3,maybeStart
FNDA:0,spriteImage.onload
DA:1,1
DA:2,1
DA:12,11
DA:13,11
DA:14,11
DA:15,11
DA:16,11
DA:17,11
DA:19,11
DA:20,11
DA:21,17
DA:22,10
DA:23,10
DA:24,17
DA:26,11
DA:27,11
DA:28,11
DA:30,11
DA:31,10
DA:32,10
DA:33,11
DA:34,11
DA:36,5
DA:37,5
DA:38,5
DA:40,12
DA:41,12
DA:42,12
DA:43,12
DA:44,12
DA:45,12
DA:46,12
DA:47,12
DA:48,12
DA:49,12
DA:50,12
DA:51,12
DA:52,12
DA:53,12
DA:55,12
DA:56,12
DA:58,12
DA:59,0
DA:60,0
DA:61,0
DA:62,0
DA:63,0
DA:64,0
DA:65,0
DA:66,0
DA:67,0
DA:68,0
DA:69,0
DA:70,0
DA:72,0
DA:73,0
DA:74,0
DA:75,0
DA:76,0
DA:77,0
DA:78,0
DA:79,0
DA:80,0
DA:82,0
DA:83,0
DA:84,0
DA:85,0
DA:86,0
DA:87,0
DA:89,12
DA:90,5
DA:92,5
DA:93,5
DA:94,4
DA:96,4
DA:97,4
DA:99,4
DA:100,4
DA:101,4
DA:102,4
DA:103,4
DA:105,4
DA:106,4
DA:107,4
DA:109,4
DA:110,0
DA:111,0
DA:112,0
DA:114,4
DA:116,5
DA:117,5
DA:118,5
DA:119,4
DA:120,5
DA:122,5
DA:124,4
DA:125,4
DA:126,4
DA:127,5
DA:129,5
DA:130,5
DA:131,5
DA:133,4
DA:135,4
DA:136,2
DA:137,2
DA:138,2
DA:139,2
DA:140,2
DA:141,2
DA:143,4
DA:144,5
DA:146,5
DA:147,5
DA:148,5
DA:149,5
DA:151,5
DA:152,5
DA:153,0
DA:154,5
DA:155,5
DA:156,5
DA:157,5
DA:159,5
DA:160,5
DA:161,0
DA:162,0
DA:163,5
DA:165,5
DA:167,5
DA:168,5
DA:169,5
DA:170,12
DA:172,12
DA:173,2
DA:174,2
DA:175,2
DA:176,2
DA:177,2
DA:178,2
DA:180,2
DA:181,2
DA:182,96
DA:183,2304
DA:184,0
DA:185,0
DA:186,0
DA:187,2304
DA:188,96
DA:189,96
DA:191,2
DA:192,2
DA:194,12
DA:195,12
DA:196,12
DA:197,12
DA:199,12
DA:200,12
DA:201,12
DA:203,3
DA:204,3
DA:205,3
DA:207,3
DA:208,3
DA:210,3
DA:211,3
DA:212,3
DA:214,3
DA:215,1
DA:216,1
DA:218,3
DA:219,0
DA:220,0
DA:221,0
DA:222,0
DA:223,0
DA:224,0
DA:225,3
DA:226,3
DA:228,3
DA:229,0
DA:230,0
DA:231,0
DA:232,0
DA:233,0
DA:235,0
DA:236,0
DA:237,0
DA:238,3
DA:240,3
DA:242,3
DA:243,3
DA:244,0
DA:245,0
DA:246,0
DA:248,3
DA:249,3
DA:251,3
DA:252,3
DA:253,3
DA:254,3
DA:255,3
DA:257,3
DA:258,3
DA:259,11
DA:260,0
DA:261,0
DA:263,3
DA:264,12
DA:266,12
DA:268,12
DA:269,6
DA:270,6
DA:271,6
DA:272,6
DA:273,6
DA:274,6
DA:275,6
DA:276,6
DA:278,6
DA:279,6
DA:280,6
DA:281,6
DA:282,6
DA:283,6
DA:284,6
DA:285,6
DA:286,6
DA:287,6
DA:288,6
DA:289,6
DA:290,6
DA:291,6
DA:292,6
DA:293,6
DA:295,6
DA:296,6
DA:297,6
DA:298,6
DA:299,6
DA:300,6
DA:301,6
DA:302,6
DA:303,6
DA:304,6
DA:306,12
LF:246
LH:191
BRDA:12,0,0,11
BRDA:13,1,0,11
BRDA:30,2,0,10
BRDA:31,3,0,0
BRDA:20,4,0,17
BRDA:21,5,0,7
BRDA:21,6,0,10
BRDA:26,7,0,7
BRDA:36,8,0,5
BRDA:37,9,0,4
BRDA:40,10,0,12
BRDA:268,11,0,6
BRDA:293,12,0,6
BRDA:89,13,0,5
BRDA:92,14,0,5
BRDA:93,15,0,4
BRDA:94,16,0,0
BRDA:97,17,0,0
BRDA:103,18,0,0
BRDA:109,19,0,0
BRDA:114,20,0,0
BRDA:116,21,0,0
BRDA:117,22,0,4
BRDA:117,23,0,0
BRDA:122,24,0,4
BRDA:122,25,0,0
BRDA:125,26,0,1
BRDA:127,27,0,0
BRDA:127,28,0,4
BRDA:129,29,0,0
BRDA:129,30,0,4
BRDA:130,31,0,4
BRDA:131,32,0,4
BRDA:131,33,0,0
BRDA:135,34,0,2
BRDA:106,35,0,4
BRDA:118,36,0,4
BRDA:119,37,0,0
BRDA:146,38,0,5
BRDA:152,39,0,0
BRDA:154,40,0,0
BRDA:159,41,0,4
BRDA:160,42,0,0
BRDA:160,43,0,0
BRDA:167,44,0,5
BRDA:172,45,0,2
BRDA:181,46,0,96
BRDA:182,47,0,2304
BRDA:183,48,0,0
BRDA:188,49,0,0
BRDA:194,50,0,12
BRDA:201,51,0,3
BRDA:201,52,0,9
BRDA:201,53,0,11
BRDA:201,54,0,3
BRDA:259,55,0,0
BRDA:261,56,0,3
BRDA:207,57,0,3
BRDA:214,58,0,1
BRDA:214,59,0,1
BRDA:214,60,0,1
BRDA:218,61,0,0
BRDA:218,62,0,0
BRDA:228,63,0,0
BRDA:243,64,0,0
BRDA:251,65,0,3
BRDA:263,66,0,3
BRF:67
BRH:43
end_of_record
TN:
SF:src/components/units/UnitPortrait.tsx
FN:10,UnitPortrait
FN:24,testImage
FN:28,finish
FN:34,img.onload
FN:35,img.onerror
FN:44,loadPortrait
FN:79,onLoad
FNF:7
FNH:6
FNDA:5,UnitPortrait
FNDA:5,testImage
FNDA:6,finish
FNDA:2,img.onload
FNDA:3,img.onerror
FNDA:3,loadPortrait
FNDA:0,onLoad
DA:1,1
DA:10,5
DA:11,5
DA:12,5
DA:13,5
DA:15,5
DA:16,3
DA:17,3
DA:18,0
DA:19,3
DA:20,3
DA:21,3
DA:22,3
DA:24,3
DA:25,5
DA:26,5
DA:27,5
DA:28,5
DA:29,6
DA:30,5
DA:31,5
DA:32,6
DA:34,5
DA:35,5
DA:36,5
DA:38,5
DA:39,1
DA:40,1
DA:41,5
DA:42,5
DA:44,3
DA:45,3
DA:46,3
DA:47,1
DA:48,3
DA:49,2
DA:50,2
DA:51,1
DA:52,1
DA:53,1
DA:54,1
DA:55,2
DA:56,3
DA:58,3
DA:59,5
DA:61,5
DA:62,5
DA:63,0
DA:64,5
DA:66,5
DA:67,5
DA:68,5
DA:69,5
DA:70,5
DA:71,5
DA:72,5
DA:74,5
DA:75,2
DA:76,2
DA:77,2
DA:78,2
DA:79,2
DA:80,0
DA:81,0
DA:82,0
DA:83,0
DA:84,2
DA:86,3
DA:88,5
LF:69
LH:63
BRDA:10,0,0,5
BRDA:62,1,0,0
BRDA:64,2,0,0
BRDA:74,3,0,2
BRDA:84,4,0,3
BRDA:15,5,0,3
BRDA:17,6,0,0
BRDA:19,7,0,0
BRDA:24,8,0,5
BRDA:25,9,0,5
BRDA:38,10,0,1
BRDA:28,11,0,6
BRDA:29,12,0,1
BRDA:29,13,0,5
BRDA:34,14,0,2
BRDA:35,15,0,3
BRDA:44,16,0,3
BRDA:46,17,0,1
BRDA:48,18,0,2
BRDA:50,19,0,1
BRF:20
BRH:16
end_of_record
TN:
SF:src/content/gameGuide.ts
FNF:0
FNH:0
DA:13,1
DA:14,1
DA:15,1
DA:16,1
DA:17,1
DA:18,1
DA:19,1
DA:20,1
DA:21,1
DA:22,1
DA:23,1
DA:24,1
DA:25,1
DA:26,1
DA:27,1
DA:28,1
DA:29,1
DA:30,1
DA:31,1
DA:32,1
DA:33,1
DA:34,1
DA:35,1
DA:36,1
DA:37,1
DA:38,1
DA:39,1
DA:40,1
DA:41,1
DA:42,1
DA:43,1
DA:44,1
DA:46,1
DA:47,1
DA:48,1
DA:49,1
DA:50,1
DA:51,1
DA:52,1
DA:53,1
DA:54,1
DA:55,1
DA:56,1
DA:57,1
DA:58,1
DA:59,1
DA:60,1
DA:61,1
DA:62,1
DA:63,1
DA:65,1
DA:66,1
DA:67,1
DA:68,1
DA:69,1
DA:70,1
DA:71,1
DA:72,1
DA:73,1
DA:74,1
DA:75,1
DA:76,1
DA:77,1
DA:78,1
DA:79,1
DA:80,1
DA:81,1
DA:82,1
DA:83,1
DA:84,1
DA:85,1
DA:86,1
DA:87,1
DA:88,1
DA:89,1
DA:90,1
DA:91,1
DA:92,1
DA:93,1
DA:94,1
DA:95,1
DA:96,1
DA:97,1
DA:98,1
DA:99,1
DA:100,1
DA:102,1
DA:103,1
DA:104,1
DA:105,1
DA:106,1
DA:107,1
DA:108,1
DA:109,1
DA:110,1
DA:111,1
DA:112,1
DA:113,1
DA:114,1
DA:115,1
DA:116,1
DA:117,1
DA:118,1
DA:119,1
DA:120,1
DA:121,1
DA:122,1
DA:123,1
DA:124,1
DA:125,1
DA:126,1
DA:127,1
DA:128,1
DA:129,1
DA:130,1
DA:131,1
DA:132,1
DA:133,1
DA:134,1
DA:135,1
DA:136,1
DA:137,1
DA:138,1
DA:139,1
DA:140,1
DA:141,1
DA:142,1
DA:143,1
DA:144,1
DA:145,1
DA:146,1
DA:147,1
DA:148,1
DA:149,1
DA:151,1
DA:152,1
DA:153,1
DA:154,1
DA:155,1
DA:156,1
DA:157,1
DA:158,1
DA:159,1
DA:160,1
DA:161,1
DA:162,1
DA:163,1
DA:164,1
DA:165,1
DA:166,1
DA:167,1
DA:168,1
DA:169,1
DA:170,1
DA:171,1
DA:172,1
DA:173,1
DA:174,1
DA:175,1
DA:176,1
DA:177,1
DA:178,1
DA:180,1
DA:181,1
DA:182,1
DA:183,1
DA:184,1
DA:185,1
DA:186,1
LF:169
LH:169
BRF:0
BRH:0
end_of_record
TN:
SF:src/hooks/useMapDisplayScale.ts
FN:4,useMapDisplayScale
FN:8,update
FNF:2
FNH:2
FNDA:203,useMapDisplayScale
FNDA:51,update
DA:1,1
DA:2,1
DA:4,1
DA:5,203
DA:7,203
DA:8,50
DA:9,51
DA:10,51
DA:11,51
DA:13,50
DA:14,50
DA:15,50
DA:16,203
DA:18,203
DA:19,203
LF:15
LH:15
BRDA:4,0,0,203
BRDA:7,1,0,50
BRDA:8,2,0,51
BRDA:15,3,0,50
BRF:4
BRH:4
end_of_record
TN:
SF:src/hooks/useMapItemRenderer.ts
FN:8,useMapItemRenderer
FN:24,draw
FN:86,pending
FN:105,onDone
FNF:4
FNH:3
FNDA:6,useMapItemRenderer
FNDA:4,draw
FNDA:4,pending
FNDA:0,onDone
DA:1,1
DA:2,1
DA:3,1
DA:4,1
DA:6,1
DA:8,1
DA:9,6
DA:10,6
DA:11,6
DA:12,6
DA:13,6
DA:14,6
DA:15,6
DA:17,6
DA:18,6
DA:19,5
DA:20,6
DA:22,4
DA:24,4
DA:25,4
DA:27,4
DA:28,4
DA:29,4
DA:31,4
DA:32,4
DA:33,4
DA:34,4
DA:36,4
DA:38,4
DA:39,17
DA:40,17
DA:41,17
DA:42,79
DA:43,79
DA:45,0
DA:46,0
DA:47,0
DA:48,0
DA:49,79
DA:51,0
DA:52,79
DA:54,0
DA:55,0
DA:56,0
DA:57,0
DA:58,0
DA:59,0
DA:60,0
DA:61,0
DA:62,0
DA:63,0
DA:64,0
DA:65,0
DA:66,17
DA:67,4
DA:69,4
DA:70,4
DA:71,4
DA:72,17
DA:73,17
DA:74,79
DA:75,0
DA:76,0
DA:77,0
DA:78,0
DA:79,79
DA:80,79
DA:81,17
DA:82,4
DA:84,4
DA:85,4
DA:86,4
DA:87,4
DA:88,4
DA:89,4
DA:91,0
DA:93,0
DA:94,0
DA:95,0
DA:97,0
DA:98,0
DA:99,0
DA:100,0
DA:101,0
DA:103,0
DA:104,0
DA:105,0
DA:106,0
DA:107,0
DA:108,0
DA:109,0
DA:110,0
DA:111,0
DA:112,0
DA:114,0
DA:116,0
DA:117,0
DA:118,0
DA:119,6
DA:120,6
LF:100
LH:56
BRDA:8,0,0,6
BRDA:17,1,0,6
BRDA:18,2,0,5
BRDA:18,3,0,1
BRDA:20,4,0,4
BRDA:20,5,0,4
BRDA:20,6,0,1
BRDA:20,7,0,4
BRDA:71,8,0,17
BRDA:72,9,0,0
BRDA:73,10,0,79
BRDA:74,11,0,0
BRDA:77,12,0,0
BRDA:79,13,0,0
BRDA:89,14,0,0
BRDA:24,15,0,4
BRDA:25,16,0,0
BRDA:29,17,0,0
BRDA:36,18,0,0
BRDA:38,19,0,17
BRDA:40,20,0,0
BRDA:41,21,0,79
BRDA:43,22,0,0
BRDA:47,23,0,0
BRDA:49,24,0,0
BRDA:52,25,0,0
BRDA:52,26,0,0
BRDA:86,27,0,4
BRF:28
BRH:14
end_of_record
TN:
SF:src/hooks/useMapObjectiveRenderer.ts
FN:22,resolveObjectiveOverlayColor
FN:51,useMapObjectiveRenderer
FN:68,draw
FN:147,pending
FN:170,onDone
FNF:5
FNH:1
FNDA:0,resolveObjectiveOverlayColor
FNDA:6,useMapObjectiveRenderer
FNDA:0,draw
FNDA:0,pending
FNDA:0,onDone
DA:1,1
DA:2,1
DA:7,1
DA:8,1
DA:11,1
DA:12,1
DA:13,1
DA:14,1
DA:15,1
DA:16,1
DA:17,1
DA:18,1
DA:19,1
DA:20,1
DA:22,0
DA:23,0
DA:24,0
DA:25,0
DA:26,0
DA:27,0
DA:28,0
DA:29,0
DA:30,0
DA:31,0
DA:32,0
DA:33,0
DA:34,0
DA:51,1
DA:52,6
DA:53,6
DA:54,6
DA:55,6
DA:56,6
DA:57,6
DA:58,6
DA:59,6
DA:61,6
DA:62,6
DA:63,2
DA:64,6
DA:66,1
DA:68,1
DA:69,0
DA:71,0
DA:72,0
DA:73,0
DA:75,0
DA:76,0
DA:77,0
DA:78,0
DA:80,0
DA:82,0
DA:83,0
DA:84,0
DA:85,0
DA:86,0
DA:87,0
DA:89,0
DA:90,0
DA:91,0
DA:93,0
DA:95,0
DA:96,0
DA:97,0
DA:98,0
DA:99,0
DA:100,0
DA:101,0
DA:102,0
DA:103,0
DA:104,0
DA:105,0
DA:106,0
DA:107,0
DA:108,0
DA:109,0
DA:110,0
DA:111,0
DA:113,0
DA:114,0
DA:115,0
DA:116,0
DA:117,0
DA:118,0
DA:120,0
DA:121,0
DA:122,0
DA:123,0
DA:124,0
DA:125,0
DA:126,0
DA:127,0
DA:128,0
DA:129,0
DA:130,0
DA:131,0
DA:132,0
DA:134,1
DA:135,1
DA:136,1
DA:137,1
DA:138,1
DA:139,1
DA:140,1
DA:141,1
DA:142,1
DA:143,1
DA:145,4
DA:146,0
DA:147,0
DA:148,0
DA:149,0
DA:150,0
DA:152,1
DA:153,1
DA:154,1
DA:155,1
DA:156,1
DA:158,1
DA:159,1
DA:160,1
DA:162,1
DA:163,1
DA:164,1
DA:165,1
DA:166,1
DA:168,1
DA:169,1
DA:170,1
DA:171,0
DA:172,0
DA:173,0
DA:174,1
DA:175,1
DA:176,1
DA:177,1
DA:179,4
DA:181,1
DA:182,1
DA:183,1
DA:184,6
DA:185,6
DA:186,6
DA:187,6
DA:188,6
DA:189,6
DA:190,6
DA:191,6
DA:192,6
DA:193,6
LF:150
LH:74
BRDA:51,0,0,6
BRDA:61,1,0,6
BRDA:62,2,0,5
BRDA:62,3,0,4
BRDA:62,4,0,2
BRDA:64,5,0,1
BRDA:64,6,0,1
BRDA:64,7,0,1
BRDA:64,8,0,4
BRDA:64,9,0,1
BRDA:137,10,0,0
BRDA:139,11,0,0
BRDA:140,12,0,0
BRDA:145,13,0,0
BRDA:150,14,0,1
BRDA:160,15,0,0
BRDA:160,16,0,0
BRDA:160,17,0,0
BRDA:176,18,0,0
BRDA:179,19,0,0
BRDA:179,20,0,1
BRDA:181,21,0,1
BRF:22
BRH:13
end_of_record
TN:
SF:src/hooks/useMapRenderer.ts
FN:4,useMapRenderer
FNF:1
FNH:1
FNDA:10,useMapRenderer
DA:1,1
DA:2,1
DA:4,1
DA:5,10
DA:6,10
DA:7,10
DA:8,10
DA:9,10
DA:10,10
DA:11,10
DA:13,1
DA:14,1
DA:15,1
DA:16,1
DA:17,1
DA:18,1
DA:19,1
DA:20,1
DA:21,1
DA:22,1
DA:23,1
DA:24,10
DA:25,10
LF:23
LH:23
BRDA:4,0,0,10
BRDA:9,1,0,10
BRDA:11,2,0,5
BRDA:11,3,0,1
BRDA:11,4,0,9
BRDA:11,5,0,1
BRF:6
BRH:6
end_of_record
TN:
SF:src/hooks/useOverlay2Renderer.ts
FN:16,useOverlay2Renderer
FNF:1
FNH:1
FNDA:7,useOverlay2Renderer
DA:1,1
DA:2,1
DA:16,1
DA:17,7
DA:18,7
DA:19,7
DA:20,7
DA:21,6
DA:22,6
DA:24,1
DA:25,7
DA:26,7
LF:12
LH:12
BRDA:16,0,0,7
BRDA:20,1,0,6
BRDA:22,2,0,3
BRDA:22,3,0,1
BRDA:22,4,0,5
BRDA:22,5,0,1
BRF:6
BRH:6
end_of_record
TN:
SF:src/hooks/useOverlay3Renderer.ts
FN:16,useOverlay3Renderer
FNF:1
FNH:1
FNDA:5,useOverlay3Renderer
DA:1,1
DA:2,1
DA:16,1
DA:17,5
DA:18,5
DA:19,5
DA:20,5
DA:21,4
DA:22,4
DA:24,0
DA:25,5
DA:26,5
LF:12
LH:11
BRDA:16,0,0,5
BRDA:20,1,0,4
BRDA:22,2,0,1
BRDA:22,3,0,0
BRDA:22,4,0,0
BRF:5
BRH:3
end_of_record
TN:
SF:src/pages/GameGuide.tsx
FN:3,GuideBlock
FN:33,GameGuide
FNF:2
FNH:2
FNDA:5,GuideBlock
FNDA:1,GameGuide
DA:1,1
DA:3,5
DA:4,5
DA:5,5
DA:6,5
DA:7,5
DA:8,5
DA:13,5
DA:14,5
DA:15,5
DA:16,5
DA:17,5
DA:18,5
DA:19,5
DA:20,31
DA:21,31
DA:22,31
DA:24,31
DA:25,31
DA:26,31
DA:27,5
DA:28,5
DA:29,5
DA:31,5
DA:33,1
DA:34,1
DA:35,1
DA:36,1
DA:37,1
DA:38,1
DA:39,1
DA:42,1
DA:43,1
DA:45,1
DA:46,1
DA:47,1
DA:49,1
DA:50,1
DA:51,1
DA:52,5
DA:53,5
DA:54,5
DA:55,5
DA:57,5
DA:58,5
DA:59,5
DA:60,1
DA:61,1
DA:62,1
DA:64,1
DA:65,1
DA:66,5
DA:67,1
DA:68,1
DA:69,1
DA:71,1
LF:56
LH:56
BRDA:3,0,0,5
BRDA:17,1,0,4
BRDA:19,2,0,31
BRDA:33,3,0,1
BRDA:51,4,0,5
BRDA:65,5,0,5
BRF:6
BRH:6
end_of_record
TN:
SF:src/pages/Homepage.tsx
FN:34,AlphaBadge
FN:42,GameModeCards
FN:58,Toast
FN:69,LoggedOutHome
FN:123,LoggedInHome
FN:134,handlePasteLink
FN:201,onChange
FN:242,Homepage
FN:276,onLogin
FN:277,onRegister
FNF:10
FNH:10
FNDA:19,AlphaBadge
FNDA:19,GameModeCards
FNDA:4,Toast
FNDA:4,LoggedOutHome
FNDA:15,LoggedInHome
FNDA:3,handlePasteLink
FNDA:3,onChange
FNDA:15,Homepage
FNDA:1,onLogin
FNDA:1,onRegister
DA:1,1
DA:2,1
DA:3,1
DA:4,1
DA:11,1
DA:12,1
DA:13,1
DA:14,1
DA:15,1
DA:16,1
DA:17,1
DA:18,1
DA:19,1
DA:20,1
DA:21,1
DA:22,1
DA:23,1
DA:24,1
DA:26,1
DA:27,1
DA:28,1
DA:29,1
DA:30,1
DA:31,1
DA:32,1
DA:34,19
DA:35,19
DA:36,19
DA:38,19
DA:40,19
DA:42,19
DA:43,19
DA:44,19
DA:45,19
DA:46,57
DA:47,57
DA:48,57
DA:50,57
DA:51,57
DA:52,57
DA:53,19
DA:54,19
DA:56,19
DA:58,4
DA:59,4
DA:60,4
DA:61,4
DA:62,4
DA:64,4
DA:65,4
DA:67,4
DA:69,4
DA:70,4
DA:71,4
DA:72,4
DA:74,4
DA:75,4
DA:77,4
DA:79,4
DA:80,4
DA:81,4
DA:82,4
DA:83,4
DA:84,4
DA:86,4
DA:87,4
DA:88,4
DA:89,4
DA:90,4
DA:91,4
DA:93,4
DA:94,4
DA:95,4
DA:97,4
DA:98,4
DA:99,4
DA:100,4
DA:101,4
DA:102,4
DA:103,4
DA:104,4
DA:106,4
DA:107,4
DA:108,4
DA:109,4
DA:111,4
DA:113,4
DA:114,4
DA:116,4
DA:118,4
DA:119,4
DA:121,4
DA:123,15
DA:124,15
DA:125,15
DA:126,15
DA:129,15
DA:130,15
DA:131,15
DA:132,15
DA:134,15
DA:135,3
DA:136,3
DA:137,3
DA:138,1
DA:139,1
DA:140,1
DA:142,2
DA:143,2
DA:144,2
DA:145,3
DA:146,1
DA:147,1
DA:148,1
DA:149,1
DA:150,3
DA:151,2
DA:152,2
DA:153,3
DA:155,15
DA:156,15
DA:157,15
DA:159,15
DA:160,15
DA:162,15
DA:163,15
DA:164,15
DA:165,15
DA:166,15
DA:168,15
DA:169,15
DA:170,15
DA:171,15
DA:172,15
DA:174,15
DA:175,15
DA:177,15
DA:178,15
DA:179,15
DA:180,15
DA:181,15
DA:183,15
DA:184,15
DA:185,15
DA:186,15
DA:187,15
DA:189,15
DA:190,15
DA:192,15
DA:193,15
DA:195,15
DA:196,15
DA:197,15
DA:198,15
DA:199,15
DA:200,15
DA:201,15
DA:202,15
DA:203,15
DA:204,15
DA:205,15
DA:206,15
DA:207,15
DA:208,15
DA:209,15
DA:211,15
DA:212,15
DA:213,15
DA:214,15
DA:216,15
DA:217,15
DA:218,15
DA:219,15
DA:220,75
DA:221,15
DA:222,15
DA:223,15
DA:225,15
DA:226,15
DA:227,15
DA:228,15
DA:230,15
DA:232,15
DA:233,15
DA:235,15
DA:237,15
DA:238,15
DA:240,15
DA:242,1
DA:243,15
DA:244,15
DA:245,15
DA:246,15
DA:248,15
DA:249,10
DA:250,10
DA:251,1
DA:252,1
DA:253,15
DA:255,15
DA:256,12
DA:257,3
DA:258,3
DA:259,15
DA:261,15
DA:262,2
DA:263,2
DA:265,2
DA:267,2
DA:269,13
DA:270,13
DA:271,15
DA:272,15
DA:273,9
DA:275,4
DA:276,4
DA:277,4
DA:278,4
DA:280,15
DA:282,15
DA:284,1
LF:221
LH:221
BRDA:34,0,0,19
BRDA:42,1,0,19
BRDA:45,2,0,57
BRDA:58,3,0,4
BRDA:69,4,0,4
BRDA:123,5,0,15
BRDA:211,6,0,2
BRDA:211,7,0,13
BRDA:134,8,0,3
BRDA:137,9,0,1
BRDA:140,10,0,2
BRDA:145,11,0,1
BRDA:150,12,0,2
BRDA:201,13,0,3
BRDA:219,14,0,75
BRDA:242,15,0,15
BRDA:261,16,0,13
BRDA:261,17,0,2
BRDA:271,18,0,4
BRDA:272,19,0,9
BRDA:273,20,0,4
BRDA:248,21,0,10
BRDA:249,22,0,1
BRDA:250,23,0,9
BRDA:250,24,0,1
BRDA:255,25,0,12
BRDA:256,26,0,9
BRDA:256,27,0,3
BRDA:258,28,0,3
BRDA:276,29,0,1
BRDA:277,30,0,1
BRF:31
BRH:31
end_of_record
TN:
SF:src/pages/Login.tsx
FN:5,Login
FNF:1
FNH:0
FNDA:0,Login
DA:1,1
DA:2,1
DA:3,1
DA:5,1
DA:6,0
DA:7,0
DA:8,0
DA:9,0
DA:12,0
DA:13,0
DA:14,0
DA:15,0
DA:16,0
DA:18,0
DA:19,0
DA:20,0
DA:21,0
DA:22,0
DA:24,0
DA:26,1
LF:20
LH:5
BRF:0
BRH:0
end_of_record
TN:
SF:src/pages/NotFound.tsx
FN:1,NotFound
FNF:1
FNH:1
FNDA:8,NotFound
DA:1,1
DA:2,8
DA:3,8
DA:4,8
DA:5,8
DA:6,8
DA:8,8
DA:10,1
LF:8
LH:8
BRDA:1,0,0,8
BRF:1
BRH:1
end_of_record
TN:
SF:src/pages/ReportBug.tsx
FN:9,ReportBug
FN:20,handleCopy
FNF:2
FNH:1
FNDA:1,ReportBug
FNDA:0,handleCopy
DA:1,1
DA:2,1
DA:3,1
DA:9,1
DA:10,1
DA:11,1
DA:13,1
DA:14,1
DA:15,1
DA:16,1
DA:17,1
DA:18,1
DA:20,1
DA:21,0
DA:22,0
DA:23,0
DA:24,0
DA:25,0
DA:26,0
DA:27,0
DA:28,0
DA:29,0
DA:31,1
DA:32,1
DA:33,1
DA:34,1
DA:36,1
DA:38,1
DA:39,1
DA:40,1
DA:41,1
DA:42,1
DA:43,1
DA:44,1
DA:45,1
DA:46,1
DA:47,1
DA:48,1
DA:50,1
DA:51,1
DA:52,1
DA:53,1
DA:54,1
DA:56,1
DA:59,1
DA:61,1
DA:62,1
DA:63,1
DA:64,1
DA:65,1
DA:66,1
DA:67,1
DA:68,1
DA:70,1
DA:71,1
DA:72,1
DA:73,1
DA:74,1
DA:76,1
DA:77,0
DA:78,1
DA:79,0
DA:80,1
DA:81,1
DA:82,1
DA:83,1
DA:84,1
DA:85,1
DA:86,1
DA:87,1
DA:88,1
DA:90,1
DA:92,1
DA:94,1
DA:95,0
DA:97,0
DA:99,1
DA:101,1
LF:78
LH:65
BRDA:9,0,0,1
BRDA:76,1,0,0
BRDA:78,2,0,0
BRDA:94,3,0,0
BRDA:14,4,0,1
BRDA:17,5,0,1
BRF:6
BRH:3
end_of_record
TN:
SF:src/pages/admin/AdminPage.tsx
FN:53,readError
FN:64,AdminPage
FN:138,actionPayload
FN:140,runAction
FN:195,onClick
FN:255,onChange
FN:263,onChange
FN:271,onClick
FN:277,onClick
FN:283,onClick
FN:294,onClick
FN:307,onClick
FN:320,onClick
FN:338,onChange
FN:349,onChange
FN:358,onChange
FNF:16
FNH:5
FNDA:0,readError
FNDA:13,AdminPage
FNDA:1,actionPayload
FNDA:1,runAction
FNDA:1,onClick
FNDA:0,onChange
FNDA:0,onChange
FNDA:1,onClick
FNDA:0,onClick
FNDA:0,onClick
FNDA:0,onClick
FNDA:0,onClick
FNDA:0,onClick
FNDA:0,onChange
FNDA:0,onChange
FNDA:0,onChange
DA:1,1
DA:2,1
DA:3,1
DA:4,1
DA:5,1
DA:6,1
DA:53,0
DA:54,0
DA:55,0
DA:56,0
DA:57,0
DA:58,0
DA:60,0
DA:61,0
DA:62,0
DA:64,13
DA:65,13
DA:66,13
DA:67,13
DA:68,13
DA:69,13
DA:70,13
DA:71,13
DA:72,13
DA:73,13
DA:74,13
DA:75,13
DA:76,13
DA:77,13
DA:78,13
DA:79,13
DA:81,13
DA:82,4
DA:83,4
DA:84,1
DA:85,1
DA:86,1
DA:87,4
DA:88,3
DA:89,13
DA:91,13
DA:92,4
DA:93,4
DA:94,1
DA:95,1
DA:96,1
DA:98,3
DA:99,3
DA:100,3
DA:101,3
DA:102,1
DA:103,1
DA:104,1
DA:105,1
DA:106,1
DA:107,3
DA:108,0
DA:109,3
DA:110,3
DA:111,3
DA:112,3
DA:113,13
DA:115,13
DA:116,6
DA:117,5
DA:118,5
DA:119,5
DA:120,5
DA:122,1
DA:123,1
DA:124,1
DA:125,0
DA:126,0
DA:127,0
DA:128,1
DA:129,1
DA:131,1
DA:132,1
DA:133,1
DA:134,1
DA:135,1
DA:136,13
DA:138,13
DA:140,13
DA:141,1
DA:142,1
DA:143,1
DA:144,1
DA:145,1
DA:146,1
DA:147,1
DA:148,0
DA:149,0
DA:150,0
DA:151,1
DA:152,1
DA:153,1
DA:154,1
DA:155,1
DA:156,1
DA:158,13
DA:159,3
DA:160,3
DA:162,13
DA:163,3
DA:164,3
DA:165,3
DA:166,3
DA:168,3
DA:170,7
DA:171,7
DA:172,7
DA:173,7
DA:174,7
DA:176,7
DA:177,7
DA:179,7
DA:180,2
DA:181,2
DA:182,2
DA:185,13
DA:186,13
DA:187,13
DA:188,13
DA:189,1
DA:191,6
DA:192,6
DA:193,6
DA:194,6
DA:195,6
DA:196,6
DA:197,6
DA:198,3
DA:199,3
DA:200,6
DA:202,6
DA:203,6
DA:204,6
DA:205,6
DA:206,6
DA:207,6
DA:208,6
DA:209,6
DA:210,6
DA:212,13
DA:214,13
DA:215,13
DA:216,13
DA:217,4
DA:219,3
DA:220,3
DA:221,3
DA:222,3
DA:223,3
DA:224,3
DA:225,3
DA:226,3
DA:227,3
DA:228,3
DA:230,3
DA:231,3
DA:232,3
DA:233,3
DA:234,3
DA:235,3
DA:236,3
DA:238,3
DA:239,3
DA:240,3
DA:241,3
DA:242,3
DA:243,3
DA:244,3
DA:245,3
DA:246,3
DA:247,3
DA:248,3
DA:249,3
DA:251,3
DA:252,3
DA:253,3
DA:254,3
DA:255,3
DA:256,3
DA:257,3
DA:258,3
DA:259,3
DA:260,3
DA:261,3
DA:262,3
DA:263,3
DA:264,3
DA:265,3
DA:266,3
DA:267,3
DA:269,3
DA:270,3
DA:271,3
DA:272,3
DA:273,3
DA:275,3
DA:276,3
DA:277,3
DA:278,3
DA:279,3
DA:281,3
DA:282,3
DA:283,3
DA:284,0
DA:285,0
DA:286,0
DA:287,0
DA:289,3
DA:290,3
DA:291,3
DA:292,3
DA:293,3
DA:294,3
DA:295,0
DA:296,0
DA:297,0
DA:298,0
DA:300,3
DA:301,3
DA:302,3
DA:303,3
DA:304,3
DA:305,3
DA:306,3
DA:307,3
DA:308,0
DA:309,0
DA:310,0
DA:311,0
DA:312,0
DA:314,3
DA:316,3
DA:317,3
DA:318,3
DA:319,0
DA:320,0
DA:321,0
DA:322,0
DA:324,0
DA:326,3
DA:328,3
DA:330,3
DA:331,3
DA:333,3
DA:334,3
DA:335,3
DA:336,3
DA:337,3
DA:338,3
DA:339,3
DA:340,3
DA:341,3
DA:342,3
DA:344,3
DA:345,3
DA:346,3
DA:347,3
DA:348,3
DA:349,3
DA:350,3
DA:351,3
DA:352,3
DA:353,3
DA:354,3
DA:355,3
DA:356,3
DA:357,3
DA:358,3
DA:359,3
DA:361,3
DA:363,3
DA:364,3
DA:366,13
DA:367,13
DA:369,13
DA:370,6
DA:371,6
DA:372,6
DA:373,6
DA:374,6
DA:375,0
DA:376,0
DA:377,0
DA:378,0
DA:379,6
DA:380,6
DA:381,6
DA:383,6
DA:384,6
DA:385,6
DA:386,6
DA:387,0
DA:388,0
DA:389,0
DA:390,0
DA:391,0
DA:392,0
DA:393,0
DA:394,0
DA:395,0
DA:396,6
DA:397,6
DA:398,6
DA:399,6
DA:401,13
DA:403,13
LF:311
LH:264
BRDA:64,0,0,13
BRDA:158,1,0,11
BRDA:158,2,0,3
BRDA:160,3,0,10
BRDA:162,4,0,3
BRDA:168,5,0,7
BRDA:179,6,0,2
BRDA:188,7,0,1
BRDA:189,8,0,6
BRDA:216,9,0,4
BRDA:217,10,0,3
BRDA:226,11,0,0
BRDA:227,12,0,0
BRDA:316,13,0,0
BRDA:318,14,0,0
BRDA:369,15,0,6
BRDA:81,16,0,4
BRDA:83,17,0,1
BRDA:86,18,0,3
BRDA:87,19,0,0
BRDA:87,20,0,3
BRDA:91,21,0,4
BRDA:92,22,0,0
BRDA:93,23,0,1
BRDA:96,24,0,3
BRDA:98,25,0,3
BRDA:101,26,0,1
BRDA:107,27,0,0
BRDA:115,28,0,6
BRDA:116,29,0,5
BRDA:120,30,0,1
BRDA:122,31,0,1
BRDA:124,32,0,0
BRDA:138,33,0,1
BRDA:140,34,0,1
BRDA:147,35,0,0
BRDA:192,36,0,6
BRDA:197,37,0,3
BRDA:198,38,0,3
BRDA:195,39,0,1
BRDA:271,40,0,1
BRF:41
BRH:32
end_of_record
TN:
SF:src/pages/games/ActiveGames.tsx
FN:5,ActiveGames
FN:14,fetchGames
FN:30,fetchUser
FN:62,onChange
FN:77,onChange
FN:81,onClick
FN:90,onClick
FN:91,onClick
FN:93,onClick
FN:94,onClick
FN:115,onClick
FN:124,onClick
FN:125,onClick
FN:127,onClick
FN:128,onClick
FNF:15
FNH:7
FNDA:17,ActiveGames
FNDA:3,fetchGames
FNDA:2,fetchUser
FNDA:2,onChange
FNDA:10,onChange
FNDA:1,onClick
FNDA:0,onClick
FNDA:0,onClick
FNDA:0,onClick
FNDA:0,onClick
FNDA:1,onClick
FNDA:0,onClick
FNDA:0,onClick
FNDA:0,onClick
FNDA:0,onClick
DA:1,1
DA:2,1
DA:3,1
DA:5,17
DA:6,17
DA:7,17
DA:8,17
DA:9,17
DA:10,17
DA:12,17
DA:14,17
DA:15,3
DA:16,3
DA:17,3
DA:18,3
DA:19,3
DA:20,3
DA:21,0
DA:22,0
DA:23,3
DA:25,17
DA:26,2
DA:27,17
DA:29,17
DA:30,2
DA:31,2
DA:32,2
DA:33,2
DA:34,2
DA:35,2
DA:36,0
DA:37,0
DA:38,2
DA:39,2
DA:40,17
DA:42,17
DA:43,17
DA:44,28
DA:45,28
DA:46,28
DA:47,28
DA:48,28
DA:49,17
DA:50,17
DA:52,17
DA:53,17
DA:55,17
DA:56,17
DA:57,17
DA:59,17
DA:60,17
DA:61,17
DA:62,17
DA:63,17
DA:65,17
DA:66,17
DA:67,119
DA:68,119
DA:69,119
DA:70,17
DA:71,17
DA:73,17
DA:74,17
DA:75,17
DA:76,17
DA:77,17
DA:78,17
DA:79,17
DA:80,17
DA:81,17
DA:82,17
DA:83,17
DA:84,17
DA:86,17
DA:87,17
DA:88,17
DA:89,6
DA:90,6
DA:91,6
DA:92,6
DA:93,6
DA:94,6
DA:95,6
DA:97,17
DA:98,17
DA:99,9
DA:100,9
DA:101,9
DA:102,9
DA:103,9
DA:104,9
DA:105,9
DA:106,9
DA:107,9
DA:108,9
DA:109,9
DA:110,9
DA:111,9
DA:112,9
DA:113,9
DA:114,9
DA:115,9
DA:116,9
DA:118,9
DA:119,9
DA:120,17
DA:121,17
DA:122,17
DA:123,6
DA:124,6
DA:125,6
DA:126,6
DA:127,6
DA:128,6
DA:129,6
DA:131,17
DA:133,17
LF:117
LH:113
BRDA:5,0,0,17
BRDA:88,1,0,6
BRDA:122,2,0,6
BRDA:14,3,0,3
BRDA:20,4,0,0
BRDA:25,5,0,2
BRDA:29,6,0,2
BRDA:30,7,0,2
BRDA:35,8,0,0
BRDA:43,9,0,28
BRDA:45,10,0,2
BRDA:47,11,0,20
BRDA:48,12,0,27
BRDA:50,13,0,3
BRDA:62,14,0,2
BRDA:66,15,0,119
BRDA:77,16,0,10
BRDA:81,17,0,1
BRDA:98,18,0,9
BRDA:100,19,0,5
BRDA:102,20,0,0
BRDA:115,21,0,1
BRF:22
BRH:19
end_of_record
TN:
SF:src/pages/games/CompletedGames.tsx
FN:5,CompletedGames
FN:14,fetchGames
FN:30,fetchUser
FN:62,onChange
FN:77,onChange
FN:81,onClick
FN:90,onClick
FN:91,onClick
FN:93,onClick
FN:94,onClick
FN:115,onClick
FN:124,onClick
FN:125,onClick
FN:127,onClick
FN:128,onClick
FNF:15
FNH:4
FNDA:4,CompletedGames
FNDA:2,fetchGames
FNDA:2,fetchUser
FNDA:0,onChange
FNDA:0,onChange
FNDA:0,onClick
FNDA:0,onClick
FNDA:0,onClick
FNDA:0,onClick
FNDA:0,onClick
FNDA:1,onClick
FNDA:0,onClick
FNDA:0,onClick
FNDA:0,onClick
FNDA:0,onClick
DA:1,1
DA:2,1
DA:3,1
DA:5,4
DA:6,4
DA:7,4
DA:8,4
DA:9,4
DA:10,4
DA:12,4
DA:14,4
DA:15,2
DA:16,2
DA:17,2
DA:18,2
DA:19,2
DA:20,2
DA:21,0
DA:22,0
DA:23,2
DA:25,4
DA:26,2
DA:27,4
DA:29,4
DA:30,2
DA:31,2
DA:32,2
DA:33,2
DA:34,2
DA:35,2
DA:36,0
DA:37,0
DA:38,2
DA:39,2
DA:40,4
DA:42,4
DA:43,4
DA:44,2
DA:45,2
DA:46,2
DA:47,2
DA:48,2
DA:49,4
DA:50,4
DA:52,4
DA:53,4
DA:55,4
DA:56,4
DA:57,4
DA:59,4
DA:60,4
DA:61,4
DA:62,4
DA:63,4
DA:65,4
DA:66,4
DA:67,28
DA:68,28
DA:69,28
DA:70,4
DA:71,4
DA:73,4
DA:74,4
DA:75,4
DA:76,4
DA:77,4
DA:78,4
DA:79,4
DA:80,4
DA:81,4
DA:82,4
DA:83,4
DA:84,4
DA:86,4
DA:87,4
DA:88,4
DA:89,1
DA:90,1
DA:91,1
DA:92,1
DA:93,1
DA:94,1
DA:95,1
DA:97,4
DA:98,4
DA:99,2
DA:100,2
DA:101,2
DA:102,2
DA:103,2
DA:104,2
DA:105,2
DA:106,2
DA:107,2
DA:108,2
DA:109,2
DA:110,2
DA:111,2
DA:112,2
DA:113,2
DA:114,2
DA:115,2
DA:116,2
DA:118,2
DA:119,2
DA:120,4
DA:121,4
DA:122,4
DA:123,1
DA:124,1
DA:125,1
DA:126,1
DA:127,1
DA:128,1
DA:129,1
DA:131,4
DA:133,4
LF:117
LH:113
BRDA:5,0,0,4
BRDA:88,1,0,1
BRDA:122,2,0,1
BRDA:14,3,0,2
BRDA:20,4,0,0
BRDA:25,5,0,2
BRDA:29,6,0,2
BRDA:30,7,0,2
BRDA:35,8,0,0
BRDA:43,9,0,2
BRDA:45,10,0,0
BRDA:47,11,0,0
BRDA:50,12,0,1
BRDA:66,13,0,28
BRDA:98,14,0,2
BRDA:100,15,0,1
BRDA:102,16,0,0
BRDA:115,17,0,1
BRF:18
BRH:13
end_of_record
TN:
SF:src/pages/games/CreateGame.tsx
FN:5,CreateGame
FN:20,handleMaxTurnsChange
FN:52,fetchMe
FN:68,fetchMaps
FN:97,applyGamemodeDefaults
FN:117,handleSubmit
FN:164,onChange
FN:176,onChange
FN:193,onChange
FN:209,onChange
FN:225,onChange
FN:244,onChange
FN:245,onBlur
FN:257,onChange
FN:275,onChange
FN:289,onChange
FN:307,onChange
FN:318,onChange
FNF:18
FNH:12
FNDA:28,CreateGame
FNDA:2,handleMaxTurnsChange
FNDA:4,fetchMe
FNDA:4,fetchMaps
FNDA:3,applyGamemodeDefaults
FNDA:1,handleSubmit
FNDA:8,onChange
FNDA:0,onChange
FNDA:1,onChange
FNDA:0,onChange
FNDA:0,onChange
FNDA:6,onChange
FNDA:2,onBlur
FNDA:0,onChange
FNDA:0,onChange
FNDA:0,onChange
FNDA:1,onChange
FNDA:1,onChange
DA:1,1
DA:2,1
DA:3,1
DA:5,1
DA:6,28
DA:7,28
DA:8,28
DA:9,28
DA:10,28
DA:11,28
DA:12,28
DA:13,28
DA:14,28
DA:15,28
DA:16,28
DA:17,28
DA:18,28
DA:20,28
DA:21,2
DA:22,2
DA:23,0
DA:24,2
DA:25,1
DA:26,1
DA:27,1
DA:28,1
DA:29,0
DA:30,0
DA:31,2
DA:33,28
DA:35,28
DA:36,28
DA:37,28
DA:38,28
DA:39,28
DA:40,28
DA:41,28
DA:42,28
DA:43,28
DA:44,28
DA:45,28
DA:46,28
DA:47,28
DA:48,28
DA:49,28
DA:51,28
DA:52,4
DA:53,4
DA:54,4
DA:55,3
DA:56,0
DA:57,0
DA:58,3
DA:59,3
DA:60,4
DA:61,1
DA:62,1
DA:63,4
DA:64,4
DA:65,28
DA:67,28
DA:68,4
DA:69,4
DA:70,4
DA:71,3
DA:72,3
DA:73,3
DA:74,4
DA:75,1
DA:76,1
DA:77,4
DA:78,4
DA:79,28
DA:81,28
DA:82,7
DA:83,2
DA:84,2
DA:85,28
DA:87,28
DA:88,7
DA:89,0
DA:90,0
DA:91,28
DA:93,28
DA:94,28
DA:95,28
DA:97,28
DA:98,3
DA:99,3
DA:100,1
DA:101,1
DA:102,1
DA:103,1
DA:104,3
DA:105,0
DA:106,0
DA:107,0
DA:108,0
DA:109,2
DA:110,2
DA:111,2
DA:112,2
DA:113,2
DA:114,2
DA:115,3
DA:117,28
DA:118,1
DA:120,1
DA:121,1
DA:122,1
DA:123,1
DA:124,1
DA:125,1
DA:126,1
DA:127,1
DA:128,1
DA:129,1
DA:130,1
DA:131,1
DA:132,1
DA:134,1
DA:135,1
DA:136,1
DA:137,1
DA:138,1
DA:139,1
DA:140,1
DA:142,1
DA:144,1
DA:145,1
DA:146,1
DA:147,1
DA:148,0
DA:149,0
DA:150,1
DA:152,28
DA:153,28
DA:154,28
DA:156,28
DA:158,28
DA:159,28
DA:160,28
DA:161,28
DA:162,28
DA:163,28
DA:164,28
DA:165,28
DA:166,28
DA:167,28
DA:168,28
DA:169,28
DA:172,28
DA:173,28
DA:174,28
DA:175,28
DA:176,28
DA:177,28
DA:179,28
DA:180,28
DA:181,24
DA:182,24
DA:183,24
DA:184,28
DA:185,28
DA:186,28
DA:189,28
DA:190,28
DA:191,28
DA:192,28
DA:193,28
DA:194,28
DA:196,28
DA:197,70
DA:198,70
DA:199,70
DA:200,28
DA:201,28
DA:202,28
DA:205,28
DA:206,28
DA:207,28
DA:208,28
DA:209,28
DA:210,28
DA:212,28
DA:213,76
DA:214,76
DA:215,76
DA:216,28
DA:217,28
DA:218,28
DA:220,28
DA:221,21
DA:222,21
DA:223,21
DA:224,21
DA:225,21
DA:226,21
DA:228,21
DA:229,1071
DA:230,1071
DA:231,21
DA:232,21
DA:233,21
DA:237,28
DA:238,28
DA:239,28
DA:240,28
DA:241,28
DA:242,28
DA:243,28
DA:244,28
DA:245,28
DA:246,28
DA:247,28
DA:248,28
DA:250,28
DA:251,28
DA:253,28
DA:254,28
DA:255,28
DA:256,28
DA:257,28
DA:258,28
DA:260,28
DA:261,364
DA:262,28
DA:263,28
DA:264,28
DA:266,28
DA:267,28
DA:269,28
DA:270,9
DA:271,9
DA:272,9
DA:273,9
DA:274,9
DA:275,9
DA:276,9
DA:278,9
DA:279,99
DA:280,99
DA:281,9
DA:282,9
DA:283,9
DA:285,9
DA:286,9
DA:287,9
DA:288,9
DA:289,9
DA:290,9
DA:292,9
DA:293,162
DA:294,162
DA:295,9
DA:296,9
DA:297,9
DA:298,9
DA:302,28
DA:303,28
DA:304,28
DA:305,28
DA:306,28
DA:307,28
DA:308,28
DA:309,28
DA:310,28
DA:311,28
DA:313,28
DA:314,28
DA:315,28
DA:316,28
DA:317,28
DA:318,28
DA:319,28
DA:320,28
DA:321,28
DA:322,28
DA:325,28
DA:326,28
DA:327,28
DA:328,28
DA:330,28
DA:331,28
DA:332,28
DA:334,28
DA:336,1
LF:287
LH:274
BRDA:5,0,0,28
BRDA:94,1,0,24
BRDA:94,2,0,4
BRDA:95,3,0,24
BRDA:95,4,0,4
BRDA:220,5,0,19
BRDA:220,6,0,7
BRDA:220,7,0,21
BRDA:269,8,0,9
BRDA:20,9,0,2
BRDA:22,10,0,0
BRDA:24,11,0,1
BRDA:28,12,0,0
BRDA:51,13,0,4
BRDA:52,14,0,4
BRDA:54,15,0,3
BRDA:55,16,0,0
BRDA:60,17,0,1
BRDA:67,18,0,4
BRDA:68,19,0,4
BRDA:70,20,0,3
BRDA:74,21,0,1
BRDA:81,22,0,7
BRDA:82,23,0,3
BRDA:82,24,0,2
BRDA:87,25,0,7
BRDA:88,26,0,3
BRDA:88,27,0,0
BRDA:93,28,0,24
BRDA:97,29,0,3
BRDA:99,30,0,1
BRDA:104,31,0,2
BRDA:104,32,0,0
BRDA:117,33,0,1
BRDA:128,34,0,0
BRDA:147,35,0,0
BRDA:164,36,0,8
BRDA:180,37,0,24
BRDA:193,38,0,1
BRDA:196,39,0,70
BRDA:198,40,0,116
BRDA:212,41,0,76
BRDA:228,42,0,1071
BRDA:244,43,0,6
BRDA:245,44,0,2
BRDA:260,45,0,364
BRDA:278,46,0,99
BRDA:292,47,0,162
BRDA:307,48,0,1
BRDA:307,49,0,1
BRDA:318,50,0,1
BRDA:318,51,0,1
BRF:52
BRH:45
end_of_record
TN:
SF:src/pages/games/GamePage.tsx
FN:58,isActivePlacedUnit
FN:63,getBlockedTilesByEnemy
FN:90,buildPlayerColorMap
FN:107,GamePage
FN:300,getMapItemIdAtTile
FN:309,getMapItemLabel
FN:365,getPlayerColor
FN:371,addSystemChat
FN:382,getOverlayColor
FN:389,getCurrentMovementRange
FN:393,getStatColor
FN:397,mapReplayLogToChatEntries
FN:401,getStatusIconSrc
FN:405,normalizeGameData
FN:409,getWeatherIconSrc
FN:413,parseRangeSpec
FN:417,getDirectionalOverlayTiles
FN:428,fmt
FN:433,getAssetBaseUrl
FN:441,getWeatherIconImage
FN:452,img.onload
FN:453,img.onerror
FN:461,getHazardIconSrc
FN:465,getHazardIconImage
FN:473,img.onload
FN:474,img.onerror
FN:482,drawWeatherFallback
FN:514,isTileOccupied
FN:522,getOccupiedTileSet
FN:532,filterOccupiedTiles
FN:537,getMapSpecialTiles
FN:541,getRawMovementOverlayTiles
FN:577,getMovementOverlayTiles
FN:601,getUnitTypesForMovement
FN:606,sanitizeMovementTilesForUnit
FN:623,sanitizeMovementLock
FN:633,computeMovementCacheFromOrigin
FN:657,ingestTurnlock
FN:675,fetchAndApplyTurnlock
FN:682,getMovementCacheForUnit
FN:701,getMovementLockForUnit
FN:707,applyMovementLockToUi
FN:718,refreshMovementLockOccupancy
FN:734,getActiveOrigin
FN:765,inBounds
FN:771,rebuildAttackOverlay
FN:786,canUnitLandOnTile
FN:799,validateDisplacementMoveLanding
FN:819,getDisplacementLandingOverlayTiles
FN:835,drawTileOutline
FN:838,hasTile
FN:873,handleMoveHoverStart
FN:883,handleMoveHoverEnd
FN:893,isMoveOverlayTile
FN:900,handleMoveSelect
FN:952,handleWait
FN:988,lockUnit
FN:1013,handlePickUpItem
FN:1051,applyItemPickupToUnit
FN:1061,lockUnit
FN:1113,handleMoveCancel
FN:1144,getOccupiedTileKeySet
FN:1154,resolveUnitMoveDestination
FN:1193,lockUnitMovement
FN:1199,clearMovementLocks
FN:1203,sendMove
FN:1247,getLivePlacedUnit
FN:1254,hasUncommittedMove
FN:1262,applyUnitTile
FN:1280,revertUncommittedMovement
FN:1317,releaseLockedUnitMenu
FN:1376,handleStartGame
FN:1386,handleEndTurn
FN:1395,handleExecuteMove
FN:1456,syncUnitsFromBackend
FN:1462,mergeUnit
FN:1556,loadMapItemCatalog
FN:1576,redirectWithToast
FN:1580,fetchGame
FN:1658,fetchUser
FN:1675,fetchUnits
FN:1708,fetchAbilities
FN:1744,tick
FN:1754,handleVisibilityChange
FN:1778,tick
FN:1793,fetchMoves
FN:1861,handleClickOutside
FN:2006,handleClick
FN:2090,handleMove
FN:2100,handleLeave
FN:2151,ws.onopen
FN:2152,ws.onclose
FN:2153,ws.onerror
FN:2155,ws.onmessage
FN:2567,updateMenuPosition
FN:2601,handleToggleReady
FN:2613,handleTileSelect
FN:2691,handleRemovePlacedUnit
FN:2722,handleChangeUnitAbility
FN:2751,handleChangeUnitItem
FN:2780,handleRemoveUnitItem
FN:2805,handlePlacePreparationUnit
FN:2840,handleWarSummonUnit
FN:2885,handleWarCapture
FN:2925,handleMapUnitMouseEnter
FN:2933,handleMapUnitMouseLeave
FN:2939,handleMapUnitClick
FN:2975,handleSendChat
FN:2994,handleOpenBugReport
FN:3172,onMapItemHover
FN:3175,onMapItemLeave
FN:3182,onSpriteFrameSize
FN:3211,GamePage.children.children.gameData.gamemode.onTileSelect
FNF:113
FNH:98
FNDA:25,isActivePlacedUnit
FNDA:2,getBlockedTilesByEnemy
FNDA:51,buildPlayerColorMap
FNDA:200,GamePage
FNDA:12,getMapItemIdAtTile
FNDA:3,getMapItemLabel
FNDA:26,getPlayerColor
FNDA:1,addSystemChat
FNDA:65,getOverlayColor
FNDA:0,getCurrentMovementRange
FNDA:0,getStatColor
FNDA:49,mapReplayLogToChatEntries
FNDA:54,getStatusIconSrc
FNDA:30,normalizeGameData
FNDA:32,getWeatherIconSrc
FNDA:13,parseRangeSpec
FNDA:400,getDirectionalOverlayTiles
FNDA:55,fmt
FNDA:98,getAssetBaseUrl
FNDA:32,getWeatherIconImage
FNDA:0,img.onload
FNDA:0,img.onerror
FNDA:12,getHazardIconSrc
FNDA:65,getHazardIconImage
FNDA:0,img.onload
FNDA:0,img.onerror
FNDA:32,drawWeatherFallback
FNDA:2,isTileOccupied
FNDA:13,getOccupiedTileSet
FNDA:13,filterOccupiedTiles
FNDA:15,getMapSpecialTiles
FNDA:0,getRawMovementOverlayTiles
FNDA:0,getMovementOverlayTiles
FNDA:15,getUnitTypesForMovement
FNDA:13,sanitizeMovementTilesForUnit
FNDA:13,sanitizeMovementLock
FNDA:0,computeMovementCacheFromOrigin
FNDA:27,ingestTurnlock
FNDA:24,fetchAndApplyTurnlock
FNDA:13,getMovementCacheForUnit
FNDA:13,getMovementLockForUnit
FNDA:14,applyMovementLockToUi
FNDA:37,refreshMovementLockOccupancy
FNDA:435,getActiveOrigin
FNDA:0,inBounds
FNDA:14,rebuildAttackOverlay
FNDA:0,canUnitLandOnTile
FNDA:2,validateDisplacementMoveLanding
FNDA:65,getDisplacementLandingOverlayTiles
FNDA:2,drawTileOutline
FNDA:8,hasTile
FNDA:2,handleMoveHoverStart
FNDA:2,handleMoveHoverEnd
FNDA:2,isMoveOverlayTile
FNDA:3,handleMoveSelect
FNDA:1,handleWait
FNDA:2,lockUnit
FNDA:1,handlePickUpItem
FNDA:2,applyItemPickupToUnit
FNDA:2,lockUnit
FNDA:1,handleMoveCancel
FNDA:2,getOccupiedTileKeySet
FNDA:2,resolveUnitMoveDestination
FNDA:0,lockUnitMovement
FNDA:2,clearMovementLocks
FNDA:2,sendMove
FNDA:6,getLivePlacedUnit
FNDA:2,hasUncommittedMove
FNDA:4,applyUnitTile
FNDA:2,revertUncommittedMovement
FNDA:20,releaseLockedUnitMenu
FNDA:2,handleStartGame
FNDA:2,handleEndTurn
FNDA:2,handleExecuteMove
FNDA:2,syncUnitsFromBackend
FNDA:4,mergeUnit
FNDA:24,loadMapItemCatalog
FNDA:1,redirectWithToast
FNDA:25,fetchGame
FNDA:25,fetchUser
FNDA:10,fetchUnits
FNDA:10,fetchAbilities
FNDA:6,tick
FNDA:0,handleVisibilityChange
FNDA:21,tick
FNDA:25,fetchMoves
FNDA:51,handleClickOutside
FNDA:3,handleClick
FNDA:1,handleMove
FNDA:1,handleLeave
FNDA:21,ws.onopen
FNDA:3,ws.onclose
FNDA:3,ws.onerror
FNDA:14,ws.onmessage
FNDA:76,updateMenuPosition
FNDA:2,handleToggleReady
FNDA:2,handleTileSelect
FNDA:1,handleRemovePlacedUnit
FNDA:1,handleChangeUnitAbility
FNDA:1,handleChangeUnitItem
FNDA:1,handleRemoveUnitItem
FNDA:2,handlePlacePreparationUnit
FNDA:1,handleWarSummonUnit
FNDA:1,handleWarCapture
FNDA:1,handleMapUnitMouseEnter
FNDA:1,handleMapUnitMouseLeave
FNDA:9,handleMapUnitClick
FNDA:2,handleSendChat
FNDA:1,handleOpenBugReport
FNDA:1,onMapItemHover
FNDA:1,onMapItemLeave
FNDA:0,onSpriteFrameSize
FNDA:0,GamePage.children.children.gameData.gamemode.onTileSelect
DA:1,1
DA:2,1
DA:3,1
DA:4,1
DA:5,1
DA:6,1
DA:7,1
DA:8,1
DA:9,1
DA:10,1
DA:11,1
DA:12,1
DA:13,1
DA:14,1
DA:19,1
DA:20,1
DA:21,1
DA:22,1
DA:23,1
DA:24,1
DA:25,1
DA:26,1
DA:34,1
DA:40,1
DA:54,1
DA:55,1
DA:56,1
DA:58,1
DA:59,25
DA:60,25
DA:61,25
DA:63,1
DA:64,2
DA:65,2
DA:66,2
DA:67,2
DA:68,2
DA:69,1
DA:70,2
DA:72,4
DA:73,1
DA:74,1
DA:75,4
DA:76,1
DA:77,1
DA:79,1
DA:80,1
DA:81,1
DA:82,1
DA:83,1
DA:84,1
DA:85,1
DA:86,1
DA:87,1
DA:88,1
DA:90,1
DA:91,51
DA:93,25
DA:94,25
DA:95,25
DA:96,25
DA:97,25
DA:98,45
DA:99,45
DA:100,45
DA:101,25
DA:102,25
DA:103,25
DA:107,200
DA:109,200
DA:110,200
DA:111,200
DA:112,200
DA:113,200
DA:114,200
DA:115,200
DA:116,200
DA:117,200
DA:118,200
DA:119,200
DA:120,200
DA:121,200
DA:122,200
DA:123,200
DA:124,200
DA:125,200
DA:126,200
DA:127,200
DA:128,200
DA:129,200
DA:130,200
DA:134,200
DA:135,200
DA:136,200
DA:137,200
DA:138,200
DA:139,200
DA:140,200
DA:141,200
DA:142,200
DA:143,200
DA:144,200
DA:145,200
DA:146,200
DA:147,200
DA:148,200
DA:149,200
DA:150,200
DA:151,200
DA:152,200
DA:154,200
DA:155,200
DA:156,200
DA:157,200
DA:158,200
DA:159,200
DA:160,200
DA:161,200
DA:162,200
DA:163,200
DA:164,200
DA:165,200
DA:167,200
DA:168,200
DA:169,200
DA:170,200
DA:171,200
DA:172,200
DA:173,200
DA:178,200
DA:179,200
DA:180,200
DA:181,200
DA:182,200
DA:183,200
DA:184,200
DA:185,64
DA:186,0
DA:187,0
DA:188,64
DA:189,200
DA:190,200
DA:191,200
DA:192,200
DA:193,200
DA:194,41
DA:195,14
DA:196,14
DA:197,14
DA:198,6
DA:201,200
DA:202,200
DA:203,99
DA:204,101
DA:205,200
DA:207,200
DA:208,200
DA:209,17
DA:210,16
DA:211,16
DA:212,3
DA:213,3
DA:214,0
DA:215,0
DA:216,0
DA:217,3
DA:218,3
DA:219,200
DA:220,200
DA:221,200
DA:222,200
DA:224,200
DA:225,200
DA:226,200
DA:227,200
DA:228,200
DA:230,200
DA:231,49
DA:232,22
DA:233,22
DA:234,22
DA:235,22
DA:236,22
DA:237,22
DA:238,200
DA:240,200
DA:241,65
DA:242,65
DA:243,35
DA:244,0
DA:245,35
DA:246,35
DA:247,65
DA:248,200
DA:250,200
DA:251,65
DA:252,65
DA:253,35
DA:254,35
DA:255,35
DA:256,35
DA:257,65
DA:258,200
DA:260,200
DA:261,54
DA:262,54
DA:263,54
DA:264,29
DA:265,29
DA:266,60
DA:267,60
DA:268,29
DA:269,54
DA:271,54
DA:272,54
DA:274,22
DA:275,44
DA:276,44
DA:277,88
DA:278,88
DA:279,0
DA:280,0
DA:281,0
DA:282,88
DA:283,44
DA:284,22
DA:285,200
DA:286,200
DA:287,200
DA:288,200
DA:289,200
DA:290,200
DA:292,200
DA:293,67
DA:294,67
DA:295,0
DA:296,0
DA:297,1
DA:298,200
DA:300,200
DA:301,12
DA:302,12
DA:303,12
DA:304,12
DA:305,12
DA:306,3
DA:307,12
DA:309,200
DA:310,3
DA:311,3
DA:312,3
DA:313,3
DA:315,200
DA:316,88
DA:317,79
DA:318,79
DA:319,88
DA:320,12
DA:321,79
DA:322,3
DA:323,3
DA:324,3
DA:325,3
DA:326,3
DA:327,88
DA:328,88
DA:329,200
DA:331,200
DA:332,200
DA:333,200
DA:334,200
DA:335,200
DA:336,200
DA:337,200
DA:338,200
DA:339,200
DA:340,200
DA:341,200
DA:342,200
DA:343,200
DA:344,200
DA:345,200
DA:346,200
DA:347,200
DA:348,200
DA:349,200
DA:350,200
DA:352,200
DA:353,31
DA:354,31
DA:355,5
DA:356,5
DA:357,5
DA:358,5
DA:359,5
DA:360,5
DA:361,5
DA:362,31
DA:363,200
DA:365,200
DA:366,26
DA:367,26
DA:371,200
DA:372,1
DA:373,1
DA:374,1
DA:375,1
DA:376,1
DA:377,1
DA:378,1
DA:379,1
DA:380,1
DA:382,200
DA:383,65
DA:384,64
DA:385,65
DA:386,65
DA:389,200
DA:390,0
DA:391,0
DA:393,200
DA:394,0
DA:395,0
DA:397,200
DA:398,49
DA:399,49
DA:401,200
DA:402,54
DA:403,54
DA:405,200
DA:406,30
DA:407,30
DA:409,200
DA:410,32
DA:411,32
DA:413,200
DA:414,13
DA:415,13
DA:417,200
DA:418,400
DA:419,400
DA:420,400
DA:421,400
DA:422,400
DA:423,400
DA:424,400
DA:425,400
DA:426,400
DA:428,200
DA:429,55
DA:430,55
DA:433,200
DA:434,98
DA:435,98
DA:436,0
DA:437,98
DA:438,98
DA:439,98
DA:441,200
DA:442,32
DA:444,32
DA:445,32
DA:447,32
DA:448,32
DA:450,2
DA:451,2
DA:452,2
DA:453,2
DA:454,0
DA:455,0
DA:456,0
DA:457,2
DA:458,2
DA:459,32
DA:461,200
DA:462,12
DA:463,12
DA:465,200
DA:466,65
DA:468,65
DA:469,65
DA:471,12
DA:472,12
DA:473,12
DA:474,12
DA:475,0
DA:476,0
DA:477,0
DA:478,12
DA:479,12
DA:480,65
DA:482,200
DA:483,32
DA:484,32
DA:485,32
DA:486,32
DA:487,32
DA:488,32
DA:489,32
DA:490,32
DA:491,32
DA:492,32
DA:493,32
DA:494,32
DA:496,32
DA:497,32
DA:499,32
DA:500,32
DA:501,32
DA:502,32
DA:504,32
DA:505,32
DA:506,32
DA:507,32
DA:508,32
DA:509,32
DA:510,32
DA:511,32
DA:512,32
DA:514,200
DA:515,2
DA:516,4
DA:517,4
DA:518,2
DA:519,2
DA:520,2
DA:522,200
DA:523,13
DA:524,13
DA:525,21
DA:526,8
DA:527,8
DA:528,8
DA:529,13
DA:530,13
DA:532,200
DA:533,13
DA:534,13
DA:535,13
DA:537,200
DA:538,15
DA:539,15
DA:541,200
DA:542,0
DA:543,0
DA:544,0
DA:545,0
DA:546,0
DA:547,0
DA:548,0
DA:549,0
DA:550,0
DA:551,0
DA:552,0
DA:553,0
DA:554,0
DA:555,0
DA:556,0
DA:557,0
DA:558,0
DA:559,0
DA:560,0
DA:561,0
DA:562,0
DA:563,0
DA:564,0
DA:565,0
DA:566,0
DA:567,0
DA:568,0
DA:569,0
DA:570,0
DA:571,0
DA:572,0
DA:573,0
DA:574,0
DA:575,0
DA:577,200
DA:578,0
DA:579,0
DA:580,0
DA:581,0
DA:582,0
DA:583,0
DA:584,0
DA:585,0
DA:586,0
DA:587,0
DA:588,0
DA:589,0
DA:590,0
DA:591,0
DA:592,0
DA:593,0
DA:594,0
DA:595,0
DA:596,0
DA:597,0
DA:598,0
DA:599,0
DA:601,200
DA:602,15
DA:603,15
DA:604,15
DA:606,200
DA:607,13
DA:608,13
DA:609,13
DA:610,13
DA:611,13
DA:612,13
DA:613,13
DA:614,13
DA:615,13
DA:616,13
DA:617,13
DA:618,13
DA:623,200
DA:624,13
DA:625,13
DA:626,13
DA:627,13
DA:628,13
DA:629,13
DA:630,13
DA:631,13
DA:633,200
DA:634,0
DA:635,0
DA:636,0
DA:637,0
DA:638,0
DA:639,0
DA:640,0
DA:641,0
DA:642,0
DA:644,0
DA:645,0
DA:646,0
DA:647,0
DA:648,0
DA:649,0
DA:650,0
DA:651,0
DA:652,0
DA:653,0
DA:654,0
DA:655,0
DA:657,200
DA:658,27
DA:659,27
DA:660,27
DA:661,27
DA:662,27
DA:663,27
DA:664,76
DA:665,76
DA:666,27
DA:667,27
DA:668,27
DA:669,27
DA:670,27
DA:671,27
DA:672,27
DA:673,27
DA:675,200
DA:676,24
DA:677,24
DA:678,24
DA:679,24
DA:680,24
DA:682,200
DA:683,13
DA:685,13
DA:686,13
DA:687,13
DA:689,0
DA:690,13
DA:691,13
DA:692,0
DA:693,0
DA:694,0
DA:695,0
DA:697,0
DA:698,13
DA:701,200
DA:702,13
DA:703,13
DA:704,13
DA:705,13
DA:707,200
DA:708,14
DA:709,1
DA:710,1
DA:711,1
DA:712,1
DA:713,13
DA:714,13
DA:715,14
DA:718,200
DA:719,37
DA:721,37
DA:722,37
DA:724,35
DA:725,37
DA:726,37
DA:727,1
DA:728,1
DA:729,1
DA:731,5
DA:732,37
DA:734,200
DA:735,435
DA:736,435
DA:737,121
DA:738,121
DA:739,121
DA:740,121
DA:744,435
DA:745,34
DA:746,34
DA:747,34
DA:748,34
DA:749,22
DA:750,22
DA:751,34
DA:753,292
DA:754,435
DA:758,200
DA:760,200
DA:763,200
DA:765,200
DA:766,0
DA:767,0
DA:768,0
DA:769,0
DA:771,200
DA:772,14
DA:773,14
DA:774,14
DA:775,14
DA:776,14
DA:777,14
DA:778,14
DA:779,14
DA:780,14
DA:781,14
DA:782,14
DA:783,14
DA:786,200
DA:787,0
DA:788,0
DA:789,0
DA:790,0
DA:791,0
DA:792,0
DA:793,0
DA:794,0
DA:795,0
DA:796,0
DA:797,0
DA:799,200
DA:800,2
DA:801,2
DA:802,2
DA:803,2
DA:804,2
DA:805,2
DA:806,0
DA:808,0
DA:809,0
DA:810,0
DA:812,2
DA:813,2
DA:814,0
DA:815,0
DA:816,0
DA:817,2
DA:819,200
DA:820,65
DA:821,65
DA:823,0
DA:824,0
DA:825,0
DA:826,65
DA:827,0
DA:828,0
DA:829,0
DA:830,0
DA:832,0
DA:833,65
DA:835,200
DA:836,2
DA:837,2
DA:838,2
DA:840,2
DA:841,2
DA:842,2
DA:843,2
DA:845,2
DA:846,2
DA:847,2
DA:848,2
DA:849,2
DA:851,2
DA:852,2
DA:853,2
DA:854,2
DA:855,2
DA:856,2
DA:857,2
DA:858,2
DA:859,2
DA:860,2
DA:861,2
DA:862,2
DA:863,2
DA:864,2
DA:865,2
DA:866,2
DA:867,2
DA:869,2
DA:870,2
DA:871,2
DA:873,200
DA:874,2
DA:875,2
DA:876,1
DA:877,1
DA:878,2
DA:879,2
DA:880,2
DA:881,2
DA:883,200
DA:884,2
DA:885,2
DA:886,2
DA:887,2
DA:888,1
DA:889,1
DA:890,1
DA:891,2
DA:893,200
DA:894,2
DA:895,2
DA:896,2
DA:898,2
DA:900,200
DA:901,3
DA:902,3
DA:903,0
DA:904,0
DA:905,0
DA:906,3
DA:907,0
DA:908,0
DA:909,0
DA:910,3
DA:911,0
DA:912,0
DA:913,0
DA:915,3
DA:916,3
DA:917,3
DA:918,3
DA:919,3
DA:920,3
DA:921,3
DA:922,3
DA:924,3
DA:925,0
DA:926,0
DA:927,0
DA:928,0
DA:929,0
DA:930,0
DA:931,0
DA:932,0
DA:933,0
DA:934,0
DA:935,0
DA:937,3
DA:938,3
DA:939,3
DA:940,3
DA:941,3
DA:944,3
DA:945,3
DA:946,1
DA:947,3
DA:948,2
DA:949,2
DA:950,3
DA:952,200
DA:953,1
DA:954,1
DA:955,0
DA:956,0
DA:957,0
DA:958,1
DA:959,0
DA:960,0
DA:961,0
DA:962,1
DA:963,0
DA:964,0
DA:965,0
DA:967,1
DA:968,1
DA:969,1
DA:971,1
DA:972,1
DA:973,1
DA:974,1
DA:975,1
DA:977,1
DA:978,0
DA:979,0
DA:980,0
DA:981,0
DA:983,1
DA:984,1
DA:985,1
DA:986,1
DA:988,1
DA:989,2
DA:990,2
DA:991,2
DA:992,1
DA:993,0
DA:994,2
DA:996,1
DA:997,1
DA:998,1
DA:999,1
DA:1000,1
DA:1001,1
DA:1002,1
DA:1003,1
DA:1004,1
DA:1005,1
DA:1006,1
DA:1007,1
DA:1008,1
DA:1009,1
DA:1010,1
DA:1011,1
DA:1013,200
DA:1014,1
DA:1015,1
DA:1016,0
DA:1017,0
DA:1018,0
DA:1019,1
DA:1020,0
DA:1021,0
DA:1022,0
DA:1023,1
DA:1024,0
DA:1025,0
DA:1026,0
DA:1028,1
DA:1029,1
DA:1030,1
DA:1032,1
DA:1033,1
DA:1034,1
DA:1035,1
DA:1036,1
DA:1038,1
DA:1039,0
DA:1040,0
DA:1041,0
DA:1042,0
DA:1044,1
DA:1045,1
DA:1046,1
DA:1047,1
DA:1048,1
DA:1049,1
DA:1051,1
DA:1052,2
DA:1053,2
DA:1054,2
DA:1055,2
DA:1056,2
DA:1057,2
DA:1058,2
DA:1059,2
DA:1061,1
DA:1062,2
DA:1063,2
DA:1064,2
DA:1065,1
DA:1066,0
DA:1067,2
DA:1069,1
DA:1070,1
DA:1071,1
DA:1072,1
DA:1073,1
DA:1074,1
DA:1075,1
DA:1076,1
DA:1077,1
DA:1078,1
DA:1079,1
DA:1080,1
DA:1081,1
DA:1082,1
DA:1083,1
DA:1084,1
DA:1086,1
DA:1087,1
DA:1088,1
DA:1089,1
DA:1090,1
DA:1091,1
DA:1092,1
DA:1093,2
DA:1094,1
DA:1095,1
DA:1096,1
DA:1097,1
DA:1098,1
DA:1099,0
DA:1100,1
DA:1101,1
DA:1102,1
DA:1103,1
DA:1104,1
DA:1105,1
DA:1106,1
DA:1107,1
DA:1108,1
DA:1109,1
DA:1110,1
DA:1111,1
DA:1113,200
DA:1114,1
DA:1115,1
DA:1116,1
DA:1117,1
DA:1118,1
DA:1120,1
DA:1121,1
DA:1122,1
DA:1123,1
DA:1124,1
DA:1125,1
DA:1126,1
DA:1127,1
DA:1128,1
DA:1129,1
DA:1130,1
DA:1131,1
DA:1132,1
DA:1133,0
DA:1134,0
DA:1135,0
DA:1136,1
DA:1137,0
DA:1138,0
DA:1139,0
DA:1140,1
DA:1141,1
DA:1142,1
DA:1144,200
DA:1145,2
DA:1146,2
DA:1147,4
DA:1148,4
DA:1149,2
DA:1150,2
DA:1151,2
DA:1152,2
DA:1154,200
DA:1155,2
DA:1156,2
DA:1157,2
DA:1158,2
DA:1159,2
DA:1160,2
DA:1161,2
DA:1162,2
DA:1163,2
DA:1164,2
DA:1165,0
DA:1166,0
DA:1168,2
DA:1169,2
DA:1170,2
DA:1171,2
DA:1172,2
DA:1173,2
DA:1174,2
DA:1175,2
DA:1177,2
DA:1178,2
DA:1179,2
DA:1180,2
DA:1181,2
DA:1182,2
DA:1183,2
DA:1184,2
DA:1185,2
DA:1186,2
DA:1187,2
DA:1188,2
DA:1189,2
DA:1190,2
DA:1191,2
DA:1193,200
DA:1194,0
DA:1195,0
DA:1196,0
DA:1197,0
DA:1199,200
DA:1200,2
DA:1201,2
DA:1203,200
DA:1204,2
DA:1205,2
DA:1206,2
DA:1207,2
DA:1208,2
DA:1209,2
DA:1210,2
DA:1211,2
DA:1212,2
DA:1213,2
DA:1214,2
DA:1215,2
DA:1216,1
DA:1217,1
DA:1218,1
DA:1219,1
DA:1220,1
DA:1221,1
DA:1222,1
DA:1223,1
DA:1224,1
DA:1226,1
DA:1227,2
DA:1228,1
DA:1229,1
DA:1230,2
DA:1231,0
DA:1232,2
DA:1233,1
DA:1234,1
DA:1235,1
DA:1236,2
DA:1237,0
DA:1238,0
DA:1239,0
DA:1240,0
DA:1241,0
DA:1242,0
DA:1243,0
DA:1244,0
DA:1245,2
DA:1247,200
DA:1248,6
DA:1249,6
DA:1250,6
DA:1251,6
DA:1252,6
DA:1254,200
DA:1255,2
DA:1256,2
DA:1257,1
DA:1258,1
DA:1259,1
DA:1260,2
DA:1262,200
DA:1263,4
DA:1264,4
DA:1265,4
DA:1266,4
DA:1267,4
DA:1268,4
DA:1269,4
DA:1270,4
DA:1271,4
DA:1272,4
DA:1273,4
DA:1274,4
DA:1275,0
DA:1276,4
DA:1277,4
DA:1278,4
DA:1280,200
DA:1281,2
DA:1282,2
DA:1284,0
DA:1285,0
DA:1286,0
DA:1287,0
DA:1289,0
DA:1290,0
DA:1292,0
DA:1293,0
DA:1294,0
DA:1295,0
DA:1296,0
DA:1297,0
DA:1298,0
DA:1299,0
DA:1300,0
DA:1301,0
DA:1302,2
DA:1303,0
DA:1304,0
DA:1305,2
DA:1306,0
DA:1307,0
DA:1308,0
DA:1309,0
DA:1310,0
DA:1311,0
DA:1312,0
DA:1314,0
DA:1315,2
DA:1317,200
DA:1318,20
DA:1319,20
DA:1320,0
DA:1321,0
DA:1322,20
DA:1323,20
DA:1324,20
DA:1325,20
DA:1326,20
DA:1328,200
DA:1329,200
DA:1330,1
DA:1332,1
DA:1333,0
DA:1334,0
DA:1335,0
DA:1337,1
DA:1338,0
DA:1339,0
DA:1340,0
DA:1341,0
DA:1342,0
DA:1343,0
DA:1344,0
DA:1345,0
DA:1346,0
DA:1347,0
DA:1348,0
DA:1349,0
DA:1350,0
DA:1351,0
DA:1352,0
DA:1353,0
DA:1354,0
DA:1355,0
DA:1357,1
DA:1359,1
DA:1360,0
DA:1361,0
DA:1363,1
DA:1364,1
DA:1365,0
DA:1366,0
DA:1367,0
DA:1369,1
DA:1370,1
DA:1371,1
DA:1372,200
DA:1373,200
DA:1376,200
DA:1377,2
DA:1378,2
DA:1379,2
DA:1380,2
DA:1381,2
DA:1382,0
DA:1383,0
DA:1384,2
DA:1386,200
DA:1387,2
DA:1388,2
DA:1389,2
DA:1390,1
DA:1391,1
DA:1392,1
DA:1393,2
DA:1395,200
DA:1396,2
DA:1399,2
DA:1400,2
DA:1403,2
DA:1404,2
DA:1405,2
DA:1406,0
DA:1407,0
DA:1408,0
DA:1409,2
DA:1411,2
DA:1412,2
DA:1413,2
DA:1414,2
DA:1415,2
DA:1416,2
DA:1417,2
DA:1418,0
DA:1419,0
DA:1420,0
DA:1422,2
DA:1423,2
DA:1424,2
DA:1425,2
DA:1426,2
DA:1427,3
DA:1428,3
DA:1430,3
DA:1431,3
DA:1433,2
DA:1434,2
DA:1436,2
DA:1437,2
DA:1438,2
DA:1439,2
DA:1440,2
DA:1441,2
DA:1442,2
DA:1443,2
DA:1444,2
DA:1445,2
DA:1446,2
DA:1447,0
DA:1448,0
DA:1449,0
DA:1450,0
DA:1451,0
DA:1452,0
DA:1454,2
DA:1456,2
DA:1457,2
DA:1458,2
DA:1459,2
DA:1460,2
DA:1461,2
DA:1462,2
DA:1463,4
DA:1464,4
DA:1465,4
DA:1466,2
DA:1467,2
DA:1468,2
DA:1469,2
DA:1471,2
DA:1472,1
DA:1473,1
DA:1474,1
DA:1475,1
DA:1476,1
DA:1477,1
DA:1478,1
DA:1479,1
DA:1480,1
DA:1481,1
DA:1482,2
DA:1483,2
DA:1484,1
DA:1485,1
DA:1486,1
DA:1487,1
DA:1488,1
DA:1489,1
DA:1490,1
DA:1491,1
DA:1492,1
DA:1493,1
DA:1494,1
DA:1495,1
DA:1496,1
DA:1497,1
DA:1498,1
DA:1500,2
DA:1502,2
DA:1503,1
DA:1504,1
DA:1505,1
DA:1506,1
DA:1507,1
DA:1508,1
DA:1509,1
DA:1510,1
DA:1511,1
DA:1512,0
DA:1513,1
DA:1514,1
DA:1515,1
DA:1518,2
DA:1520,2
DA:1521,2
DA:1522,3
DA:1523,2
DA:1524,2
DA:1525,1
DA:1526,2
DA:1527,2
DA:1530,2
DA:1531,2
DA:1532,2
DA:1533,2
DA:1534,2
DA:1535,0
DA:1536,2
DA:1539,2
DA:1540,2
DA:1541,2
DA:1542,0
DA:1543,0
DA:1544,0
DA:1545,2
DA:1546,2
DA:1547,2
DA:1548,2
DA:1549,2
DA:1550,2
DA:1551,2
DA:1553,200
DA:1554,25
DA:1556,25
DA:1557,24
DA:1558,24
DA:1559,24
DA:1560,24
DA:1561,24
DA:1562,24
DA:1563,24
DA:1564,24
DA:1565,24
DA:1566,24
DA:1567,24
DA:1568,24
DA:1569,24
DA:1570,63
DA:1571,63
DA:1572,24
DA:1573,24
DA:1574,24
DA:1576,25
DA:1577,1
DA:1578,1
DA:1580,25
DA:1581,25
DA:1582,0
DA:1583,0
DA:1584,0
DA:1586,25
DA:1587,25
DA:1589,25
DA:1590,25
DA:1591,25
DA:1592,1
DA:1593,1
DA:1594,1
DA:1596,24
DA:1597,24
DA:1599,24
DA:1600,25
DA:1602,25
DA:1603,24
DA:1604,24
DA:1605,24
DA:1606,24
DA:1607,24
DA:1609,24
DA:1610,24
DA:1611,24
DA:1613,24
DA:1614,24
DA:1615,7
DA:1616,7
DA:1617,7
DA:1618,7
DA:1619,7
DA:1620,7
DA:1621,7
DA:1623,24
DA:1624,7
DA:1625,17
DA:1628,24
DA:1629,24
DA:1630,24
DA:1632,24
DA:1633,12
DA:1634,12
DA:1635,24
DA:1637,24
DA:1638,24
DA:1639,24
DA:1641,24
DA:1642,25
DA:1643,0
DA:1644,0
DA:1645,25
DA:1646,25
DA:1648,25
DA:1649,25
DA:1650,25
DA:1651,200
DA:1653,200
DA:1654,49
DA:1655,200
DA:1657,200
DA:1658,25
DA:1659,25
DA:1660,25
DA:1661,25
DA:1662,25
DA:1663,25
DA:1664,0
DA:1665,0
DA:1666,25
DA:1667,25
DA:1668,200
DA:1670,200
DA:1671,49
DA:1672,49
DA:1673,49
DA:1675,10
DA:1676,10
DA:1677,10
DA:1678,10
DA:1680,10
DA:1681,10
DA:1682,10
DA:1683,8
DA:1684,8
DA:1685,8
DA:1686,8
DA:1687,8
DA:1689,10
DA:1690,10
DA:1691,8
DA:1692,8
DA:1693,8
DA:1694,8
DA:1695,0
DA:1696,0
DA:1697,0
DA:1698,0
DA:1699,0
DA:1700,8
DA:1702,10
DA:1703,10
DA:1704,10
DA:1706,10
DA:1708,10
DA:1709,10
DA:1710,10
DA:1711,10
DA:1712,10
DA:1713,10
DA:1715,10
DA:1716,200
DA:1718,200
DA:1719,49
DA:1720,24
DA:1721,24
DA:1722,24
DA:1723,24
DA:1724,24
DA:1725,24
DA:1726,24
DA:1727,24
DA:1728,24
DA:1729,24
DA:1730,24
DA:1731,24
DA:1732,24
DA:1733,63
DA:1734,63
DA:1735,24
DA:1736,24
DA:1737,24
DA:1738,200
DA:1740,200
DA:1741,30
DA:1742,5
DA:1744,5
DA:1745,6
DA:1746,6
DA:1747,6
DA:1748,6
DA:1750,5
DA:1751,5
DA:1754,5
DA:1755,0
DA:1756,0
DA:1757,0
DA:1758,0
DA:1760,5
DA:1762,5
DA:1763,5
DA:1764,5
DA:1765,5
DA:1766,200
DA:1768,200
DA:1770,200
DA:1771,200
DA:1772,200
DA:1774,200
DA:1775,109
DA:1776,5
DA:1778,5
DA:1779,21
DA:1780,21
DA:1781,21
DA:1782,4
DA:1783,4
DA:1784,4
DA:1785,21
DA:1786,21
DA:1788,5
DA:1789,5
DA:1790,200
DA:1792,200
DA:1793,25
DA:1794,25
DA:1795,25
DA:1796,25
DA:1797,25
DA:1798,25
DA:1799,63
DA:1800,63
DA:1801,25
DA:1802,25
DA:1803,25
DA:1804,25
DA:1805,200
DA:1808,200
DA:1809,65
DA:1811,35
DA:1812,28
DA:1815,26
DA:1816,0
DA:1817,0
DA:1818,0
DA:1819,0
DA:1820,0
DA:1821,0
DA:1822,0
DA:1823,0
DA:1824,0
DA:1825,0
DA:1826,0
DA:1827,0
DA:1828,0
DA:1829,26
DA:1830,28
DA:1831,35
DA:1832,200
DA:1834,200
DA:1835,102
DA:1836,200
DA:1838,200
DA:1839,41
DA:1840,3
DA:1841,3
DA:1842,200
DA:1844,200
DA:1845,38
DA:1846,36
DA:1847,36
DA:1848,36
DA:1849,36
DA:1850,36
DA:1851,36
DA:1852,200
DA:1854,200
DA:1855,25
DA:1856,0
DA:1857,0
DA:1858,200
DA:1860,200
DA:1861,31
DA:1862,51
DA:1863,46
DA:1864,46
DA:1865,46
DA:1866,46
DA:1869,51
DA:1870,19
DA:1871,19
DA:1872,51
DA:1874,31
DA:1875,31
DA:1876,31
DA:1877,31
DA:1878,200
DA:1880,200
DA:1881,146
DA:1882,65
DA:1883,65
DA:1884,65
DA:1885,65
DA:1887,65
DA:1888,65
DA:1889,65
DA:1890,65
DA:1892,134
DA:1893,146
DA:1895,146
DA:1897,59
DA:1898,60
DA:1899,60
DA:1900,59
DA:1901,59
DA:1904,65
DA:1905,14
DA:1906,14
DA:1907,65
DA:1909,65
DA:1910,146
DA:1911,0
DA:1912,0
DA:1913,0
DA:1914,0
DA:1915,0
DA:1916,0
DA:1917,0
DA:1918,0
DA:1920,146
DA:1921,0
DA:1922,0
DA:1924,146
DA:1925,2
DA:1926,2
DA:1928,65
DA:1929,146
DA:1930,65
DA:1931,65
DA:1932,65
DA:1933,130
DA:1934,130
DA:1935,130
DA:1936,260
DA:1937,260
DA:1938,260
DA:1940,32
DA:1941,32
DA:1942,32
DA:1943,260
DA:1944,0
DA:1945,256
DA:1946,32
DA:1947,32
DA:1948,260
DA:1949,130
DA:1950,65
DA:1952,65
DA:1953,146
DA:1954,65
DA:1955,65
DA:1956,65
DA:1957,65
DA:1958,130
DA:1959,130
DA:1960,130
DA:1961,260
DA:1962,260
DA:1964,0
DA:1965,0
DA:1966,260
DA:1967,0
DA:1968,0
DA:1969,0
DA:1970,0
DA:1971,0
DA:1972,0
DA:1973,0
DA:1974,0
DA:1975,0
DA:1976,260
DA:1977,130
DA:1978,65
DA:1979,200
DA:1980,200
DA:1981,200
DA:1982,200
DA:1983,200
DA:1984,200
DA:1985,200
DA:1986,200
DA:1987,200
DA:1988,200
DA:1989,200
DA:1990,200
DA:1991,200
DA:1992,200
DA:1993,200
DA:1994,200
DA:1995,200
DA:1996,200
DA:1997,200
DA:1998,200
DA:2000,200
DA:2001,147
DA:2003,65
DA:2004,65
DA:2006,65
DA:2007,3
DA:2008,3
DA:2010,3
DA:2011,1
DA:2012,0
DA:2013,0
DA:2014,1
DA:2015,1
DA:2017,2
DA:2018,2
DA:2019,0
DA:2020,0
DA:2021,0
DA:2022,0
DA:2023,0
DA:2024,0
DA:2025,0
DA:2026,0
DA:2027,0
DA:2028,3
DA:2029,0
DA:2030,0
DA:2031,0
DA:2033,3
DA:2034,3
DA:2035,0
DA:2036,0
DA:2037,0
DA:2038,3
DA:2039,0
DA:2040,0
DA:2041,0
DA:2044,2
DA:2046,3
DA:2047,0
DA:2048,0
DA:2049,0
DA:2051,3
DA:2052,0
DA:2053,0
DA:2054,0
DA:2056,3
DA:2057,0
DA:2058,0
DA:2059,0
DA:2061,2
DA:2062,3
DA:2063,3
DA:2064,3
DA:2065,3
DA:2067,3
DA:2068,3
DA:2069,0
DA:2070,0
DA:2072,2
DA:2074,3
DA:2075,0
DA:2076,0
DA:2078,2
DA:2079,3
DA:2081,65
DA:2082,65
DA:2083,200
DA:2085,200
DA:2086,106
DA:2087,37
DA:2088,37
DA:2090,37
DA:2091,1
DA:2092,1
DA:2093,1
DA:2094,0
DA:2095,1
DA:2096,1
DA:2097,1
DA:2098,1
DA:2100,37
DA:2102,37
DA:2103,37
DA:2104,37
DA:2105,37
DA:2106,37
DA:2107,37
DA:2108,200
DA:2110,200
DA:2111,55
DA:2112,28
DA:2113,28
DA:2114,200
DA:2116,200
DA:2117,47
DA:2118,47
DA:2119,47
DA:2120,47
DA:2121,47
DA:2122,47
DA:2123,47
DA:2124,47
DA:2125,47
DA:2126,47
DA:2127,200
DA:2129,200
DA:2130,42
DA:2131,26
DA:2132,26
DA:2133,26
DA:2134,26
DA:2135,26
DA:2136,26
DA:2137,200
DA:2139,200
DA:2140,49
DA:2141,49
DA:2142,12
DA:2143,200
DA:2145,200
DA:2146,49
DA:2147,49
DA:2148,49
DA:2149,49
DA:2151,49
DA:2152,49
DA:2153,49
DA:2155,49
DA:2156,14
DA:2157,3
DA:2158,3
DA:2159,3
DA:2160,1
DA:2161,1
DA:2162,1
DA:2163,1
DA:2164,1
DA:2165,1
DA:2166,1
DA:2167,1
DA:2168,1
DA:2169,1
DA:2170,1
DA:2171,1
DA:2172,3
DA:2173,1
DA:2174,1
DA:2175,1
DA:2176,1
DA:2177,1
DA:2178,1
DA:2179,3
DA:2181,1
DA:2182,3
DA:2184,14
DA:2185,1
DA:2186,1
DA:2187,1
DA:2188,1
DA:2189,1
DA:2190,1
DA:2191,1
DA:2192,1
DA:2193,1
DA:2194,1
DA:2195,1
DA:2196,1
DA:2197,1
DA:2198,1
DA:2199,1
DA:2200,1
DA:2201,1
DA:2202,1
DA:2203,1
DA:2204,1
DA:2205,1
DA:2207,14
DA:2208,1
DA:2209,1
DA:2210,1
DA:2211,1
DA:2212,1
DA:2213,1
DA:2214,1
DA:2215,1
DA:2216,2
DA:2217,1
DA:2218,1
DA:2219,1
DA:2220,1
DA:2221,1
DA:2222,1
DA:2223,1
DA:2224,1
DA:2225,1
DA:2226,1
DA:2227,1
DA:2228,1
DA:2229,1
DA:2230,1
DA:2231,1
DA:2233,14
DA:2234,1
DA:2235,1
DA:2236,1
DA:2237,1
DA:2238,1
DA:2239,1
DA:2240,1
DA:2241,2
DA:2242,1
DA:2243,1
DA:2244,1
DA:2245,1
DA:2246,1
DA:2247,1
DA:2248,1
DA:2249,1
DA:2250,1
DA:2251,1
DA:2252,1
DA:2253,1
DA:2254,1
DA:2255,1
DA:2256,1
DA:2258,14
DA:2259,1
DA:2260,1
DA:2261,1
DA:2262,1
DA:2263,1
DA:2264,1
DA:2265,1
DA:2266,1
DA:2267,1
DA:2268,1
DA:2269,1
DA:2270,1
DA:2271,1
DA:2272,0
DA:2273,1
DA:2274,1
DA:2275,1
DA:2276,1
DA:2277,0
DA:2278,1
DA:2279,1
DA:2280,1
DA:2281,1
DA:2282,1
DA:2283,1
DA:2285,14
DA:2286,1
DA:2287,1
DA:2288,1
DA:2289,1
DA:2290,1
DA:2291,1
DA:2292,1
DA:2293,1
DA:2294,1
DA:2295,1
DA:2296,1
DA:2297,1
DA:2298,1
DA:2299,1
DA:2301,14
DA:2302,1
DA:2303,1
DA:2304,1
DA:2305,1
DA:2306,1
DA:2307,1
DA:2308,1
DA:2309,1
DA:2310,1
DA:2311,0
DA:2312,1
DA:2313,1
DA:2314,1
DA:2315,1
DA:2316,0
DA:2317,1
DA:2318,1
DA:2319,1
DA:2320,1
DA:2321,1
DA:2322,1
DA:2323,1
DA:2324,1
DA:2325,1
DA:2327,14
DA:2328,1
DA:2329,1
DA:2331,1
DA:2332,1
DA:2333,1
DA:2334,1
DA:2335,1
DA:2336,1
DA:2337,1
DA:2338,1
DA:2339,1
DA:2340,1
DA:2341,1
DA:2342,1
DA:2343,1
DA:2344,0
DA:2345,1
DA:2346,1
DA:2347,1
DA:2348,1
DA:2349,0
DA:2350,1
DA:2351,0
DA:2352,0
DA:2353,0
DA:2354,0
DA:2355,0
DA:2356,0
DA:2357,1
DA:2358,1
DA:2359,1
DA:2360,0
DA:2361,1
DA:2362,0
DA:2363,0
DA:2364,0
DA:2365,0
DA:2366,0
DA:2367,0
DA:2368,1
DA:2369,1
DA:2370,1
DA:2371,1
DA:2372,1
DA:2373,1
DA:2375,14
DA:2376,1
DA:2377,1
DA:2379,1
DA:2380,1
DA:2381,1
DA:2382,1
DA:2383,1
DA:2384,1
DA:2385,1
DA:2386,0
DA:2387,0
DA:2388,0
DA:2389,0
DA:2390,0
DA:2391,0
DA:2392,0
DA:2393,0
DA:2394,0
DA:2395,0
DA:2396,0
DA:2397,0
DA:2398,0
DA:2399,0
DA:2400,0
DA:2401,0
DA:2402,0
DA:2404,1
DA:2405,1
DA:2406,1
DA:2407,1
DA:2408,1
DA:2409,1
DA:2410,1
DA:2411,1
DA:2412,1
DA:2413,1
DA:2414,1
DA:2415,1
DA:2416,1
DA:2417,1
DA:2418,1
DA:2419,0
DA:2420,1
DA:2421,0
DA:2422,0
DA:2423,0
DA:2424,0
DA:2425,0
DA:2426,0
DA:2427,0
DA:2428,1
DA:2429,1
DA:2430,1
DA:2431,1
DA:2432,0
DA:2433,1
DA:2434,0
DA:2435,0
DA:2436,0
DA:2437,0
DA:2438,0
DA:2439,0
DA:2440,0
DA:2441,1
DA:2442,1
DA:2443,1
DA:2444,1
DA:2445,1
DA:2446,1
DA:2447,1
DA:2449,14
DA:2450,3
DA:2451,2
DA:2452,2
DA:2453,2
DA:2454,2
DA:2455,2
DA:2456,2
DA:2457,2
DA:2458,2
DA:2459,2
DA:2460,2
DA:2461,2
DA:2462,2
DA:2463,2
DA:2464,3
DA:2465,3
DA:2466,3
DA:2467,3
DA:2468,3
DA:2470,3
DA:2471,3
DA:2472,3
DA:2474,3
DA:2475,3
DA:2476,3
DA:2477,3
DA:2478,3
DA:2479,3
DA:2480,3
DA:2481,3
DA:2483,3
DA:2484,0
DA:2485,0
DA:2486,0
DA:2487,3
DA:2488,3
DA:2489,3
DA:2491,3
DA:2493,3
DA:2496,3
DA:2497,3
DA:2498,0
DA:2499,3
DA:2500,3
DA:2501,3
DA:2502,3
DA:2503,0
DA:2504,3
DA:2505,3
DA:2507,3
DA:2508,3
DA:2509,3
DA:2510,3
DA:2511,3
DA:2512,3
DA:2513,3
DA:2514,3
DA:2515,3
DA:2516,3
DA:2517,14
DA:2520,49
DA:2521,200
DA:2523,200
DA:2524,94
DA:2525,200
DA:2527,200
DA:2528,55
DA:2529,200
DA:2531,200
DA:2532,42
DA:2533,200
DA:2535,200
DA:2536,200
DA:2537,200
DA:2538,200
DA:2540,200
DA:2541,200
DA:2542,94
DA:2543,94
DA:2544,94
DA:2545,94
DA:2546,200
DA:2547,200
DA:2549,200
DA:2550,59
DA:2551,19
DA:2552,200
DA:2554,200
DA:2555,29
DA:2556,4
DA:2557,4
DA:2558,4
DA:2559,200
DA:2561,200
DA:2562,49
DA:2563,49
DA:2564,200
DA:2566,200
DA:2567,76
DA:2568,76
DA:2569,76
DA:2570,51
DA:2572,51
DA:2573,76
DA:2574,76
DA:2575,76
DA:2576,76
DA:2577,76
DA:2579,76
DA:2580,76
DA:2581,76
DA:2582,76
DA:2583,76
DA:2585,76
DA:2586,76
DA:2588,76
DA:2589,76
DA:2590,76
DA:2592,76
DA:2593,76
DA:2594,76
DA:2595,76
DA:2596,200
DA:2598,200
DA:2599,200
DA:2601,200
DA:2602,2
DA:2603,2
DA:2604,2
DA:2605,2
DA:2606,1
DA:2607,1
DA:2608,1
DA:2609,1
DA:2610,1
DA:2611,2
DA:2613,200
DA:2614,2
DA:2615,2
DA:2617,2
DA:2618,0
DA:2619,0
DA:2620,0
DA:2621,0
DA:2623,2
DA:2624,0
DA:2625,0
DA:2626,0
DA:2628,2
DA:2629,2
DA:2630,0
DA:2631,0
DA:2632,2
DA:2633,2
DA:2634,2
DA:2636,200
DA:2637,200
DA:2638,200
DA:2639,200
DA:2640,200
DA:2641,200
DA:2642,200
DA:2643,200
DA:2644,200
DA:2645,89
DA:2646,89
DA:2647,89
DA:2648,71
DA:2649,71
DA:2650,71
DA:2651,71
DA:2652,28
DA:2653,28
DA:2654,89
DA:2655,200
DA:2657,200
DA:2658,56
DA:2659,56
DA:2660,56
DA:2661,56
DA:2663,56
DA:2664,64
DA:2665,64
DA:2667,64
DA:2668,55
DA:2669,55
DA:2670,55
DA:2671,55
DA:2672,55
DA:2673,55
DA:2674,55
DA:2675,55
DA:2676,55
DA:2678,9
DA:2679,9
DA:2680,9
DA:2681,9
DA:2682,56
DA:2683,200
DA:2685,200
DA:2686,17
DA:2687,17
DA:2688,17
DA:2689,183
DA:2691,200
DA:2692,1
DA:2694,1
DA:2695,1
DA:2696,1
DA:2698,1
DA:2699,0
DA:2700,0
DA:2701,0
DA:2703,1
DA:2704,1
DA:2705,1
DA:2706,1
DA:2707,1
DA:2708,1
DA:2709,1
DA:2710,1
DA:2711,1
DA:2712,1
DA:2713,1
DA:2714,1
DA:2715,1
DA:2717,1
DA:2718,1
DA:2719,1
DA:2720,1
DA:2722,200
DA:2723,1
DA:2725,1
DA:2726,1
DA:2727,1
DA:2728,1
DA:2729,1
DA:2730,1
DA:2731,1
DA:2732,1
DA:2734,1
DA:2735,0
DA:2736,0
DA:2737,0
DA:2738,0
DA:2739,0
DA:2740,0
DA:2742,1
DA:2743,1
DA:2744,1
DA:2745,1
DA:2746,1
DA:2747,1
DA:2748,1
DA:2749,1
DA:2751,200
DA:2752,1
DA:2754,1
DA:2755,1
DA:2756,1
DA:2757,1
DA:2758,1
DA:2759,1
DA:2760,1
DA:2761,1
DA:2763,1
DA:2764,0
DA:2765,0
DA:2766,0
DA:2767,0
DA:2768,0
DA:2769,0
DA:2771,1
DA:2772,1
DA:2773,1
DA:2774,1
DA:2775,1
DA:2776,1
DA:2777,1
DA:2778,1
DA:2780,200
DA:2781,1
DA:2783,1
DA:2784,1
DA:2785,1
DA:2786,1
DA:2788,1
DA:2789,0
DA:2790,0
DA:2791,0
DA:2792,0
DA:2793,0
DA:2794,0
DA:2796,1
DA:2797,1
DA:2798,1
DA:2799,1
DA:2800,1
DA:2801,1
DA:2802,1
DA:2803,1
DA:2805,200
DA:2806,2
DA:2807,2
DA:2808,0
DA:2809,0
DA:2810,0
DA:2812,2
DA:2813,2
DA:2814,2
DA:2815,2
DA:2816,2
DA:2817,2
DA:2818,2
DA:2819,2
DA:2820,2
DA:2822,2
DA:2823,2
DA:2824,2
DA:2825,2
DA:2826,2
DA:2828,2
DA:2829,0
DA:2830,0
DA:2831,0
DA:2833,2
DA:2835,2
DA:2836,2
DA:2837,2
DA:2838,2
DA:2840,200
DA:2841,1
DA:2842,1
DA:2843,0
DA:2844,0
DA:2845,0
DA:2847,1
DA:2848,1
DA:2849,1
DA:2850,1
DA:2851,1
DA:2852,1
DA:2853,1
DA:2854,1
DA:2855,1
DA:2857,1
DA:2858,1
DA:2859,1
DA:2860,1
DA:2861,1
DA:2863,1
DA:2864,0
DA:2865,0
DA:2866,0
DA:2867,0
DA:2869,1
DA:2870,1
DA:2871,1
DA:2872,1
DA:2874,1
DA:2875,1
DA:2876,1
DA:2877,1
DA:2878,1
DA:2879,1
DA:2880,1
DA:2881,1
DA:2882,1
DA:2883,1
DA:2885,200
DA:2886,1
DA:2888,1
DA:2889,1
DA:2890,1
DA:2891,1
DA:2892,1
DA:2893,1
DA:2895,1
DA:2896,0
DA:2897,0
DA:2898,0
DA:2899,0
DA:2901,1
DA:2902,1
DA:2903,1
DA:2904,1
DA:2905,1
DA:2906,1
DA:2907,1
DA:2909,1
DA:2910,1
DA:2911,1
DA:2912,1
DA:2913,1
DA:2914,1
DA:2915,1
DA:2916,1
DA:2917,1
DA:2918,0
DA:2919,0
DA:2920,0
DA:2921,0
DA:2922,0
DA:2923,1
DA:2925,200
DA:2926,1
DA:2927,1
DA:2928,1
DA:2929,1
DA:2930,1
DA:2931,1
DA:2933,200
DA:2934,1
DA:2935,1
DA:2936,1
DA:2937,1
DA:2939,200
DA:2940,9
DA:2941,9
DA:2943,9
DA:2944,1
DA:2945,1
DA:2946,1
DA:2947,1
DA:2949,9
DA:2951,9
DA:2952,9
DA:2953,9
DA:2955,9
DA:2956,1
DA:2957,1
DA:2958,1
DA:2959,1
DA:2960,1
DA:2961,1
DA:2963,9
DA:2964,1
DA:2965,1
DA:2967,7
DA:2968,7
DA:2969,7
DA:2970,7
DA:2972,7
DA:2973,9
DA:2975,200
DA:2976,2
DA:2977,2
DA:2978,2
DA:2980,2
DA:2981,2
DA:2982,2
DA:2983,2
DA:2984,2
DA:2986,2
DA:2987,1
DA:2988,1
DA:2989,1
DA:2991,1
DA:2992,2
DA:2994,200
DA:2995,1
DA:2996,1
DA:2997,1
DA:2998,1
DA:2999,1
DA:3000,1
DA:3001,1
DA:3002,1
DA:3003,1
DA:3005,200
DA:3006,51
DA:3007,51
DA:3008,51
DA:3009,51
DA:3011,51
DA:3013,149
DA:3014,149
DA:3015,149
DA:3016,9
DA:3017,9
DA:3018,9
DA:3021,200
DA:3022,200
DA:3023,200
DA:3024,200
DA:3025,200
DA:3026,200
DA:3027,200
DA:3028,200
DA:3029,200
DA:3030,200
DA:3031,200
DA:3033,200
DA:3034,200
DA:3036,200
DA:3037,98
DA:3039,98
DA:3040,98
DA:3041,98
DA:3042,98
DA:3043,98
DA:3044,98
DA:3046,98
DA:3049,200
DA:3050,200
DA:3051,99
DA:3052,99
DA:3053,99
DA:3054,99
DA:3055,99
DA:3056,99
DA:3057,99
DA:3058,99
DA:3059,99
DA:3060,55
DA:3062,99
DA:3064,99
DA:3065,50
DA:3066,41
DA:3067,9
DA:3068,8
DA:3069,1
DA:3070,32
DA:3071,2
DA:3073,30
DA:3074,1
DA:3075,29
DA:3077,9
DA:3078,3
DA:3079,1
DA:3080,2
DA:3081,1
DA:3082,1
DA:3083,6
DA:3084,5
DA:3085,1
DA:3086,1
DA:3088,0
DA:3090,200
DA:3092,200
DA:3093,99
DA:3094,99
DA:3095,99
DA:3096,99
DA:3098,99
DA:3101,200
DA:3102,6
DA:3103,6
DA:3104,6
DA:3105,6
DA:3106,6
DA:3108,6
DA:3110,200
DA:3111,40
DA:3112,40
DA:3113,40
DA:3114,40
DA:3115,40
DA:3117,40
DA:3120,200
DA:3121,41
DA:3122,41
DA:3123,41
DA:3124,41
DA:3125,41
DA:3126,41
DA:3127,41
DA:3128,41
DA:3129,41
DA:3130,41
DA:3131,41
DA:3132,41
DA:3133,41
DA:3134,41
DA:3135,41
DA:3137,41
DA:3138,41
DA:3139,41
DA:3142,200
DA:3143,16
DA:3144,16
DA:3145,16
DA:3146,16
DA:3147,16
DA:3148,16
DA:3149,16
DA:3150,16
DA:3151,16
DA:3152,16
DA:3155,200
DA:3156,200
DA:3157,200
DA:3158,200
DA:3159,200
DA:3160,200
DA:3161,200
DA:3162,200
DA:3163,200
DA:3164,200
DA:3165,200
DA:3166,200
DA:3167,200
DA:3168,200
DA:3169,200
DA:3170,200
DA:3171,200
DA:3172,200
DA:3173,1
DA:3175,200
DA:3176,200
DA:3177,200
DA:3178,200
DA:3179,200
DA:3180,200
DA:3181,200
DA:3182,200
DA:3183,200
DA:3184,200
DA:3185,200
DA:3186,200
DA:3188,200
DA:3189,200
DA:3190,200
DA:3191,200
DA:3192,200
DA:3193,200
DA:3194,149
DA:3195,1
DA:3197,200
DA:3199,200
DA:3200,149
DA:3201,149
DA:3202,149
DA:3203,149
DA:3204,149
DA:3207,200
DA:3208,131
DA:3209,131
DA:3210,131
DA:3211,131
DA:3212,131
DA:3213,131
DA:3214,131
DA:3215,131
DA:3216,131
DA:3217,131
DA:3219,200
DA:3220,17
DA:3221,17
DA:3222,17
DA:3223,17
DA:3224,17
DA:3225,17
DA:3226,17
DA:3227,17
DA:3229,200
DA:3230,200
DA:3232,200
DA:3233,200
DA:3234,200
DA:3235,200
DA:3236,200
DA:3237,200
DA:3238,200
DA:3239,200
DA:3240,200
DA:3241,200
DA:3242,200
DA:3244,200
DA:3245,149
DA:3247,149
DA:3248,8
DA:3249,8
DA:3250,8
DA:3251,8
DA:3252,8
DA:3253,8
DA:3254,8
DA:3255,8
DA:3256,8
DA:3257,8
DA:3258,8
DA:3259,8
DA:3260,8
DA:3261,8
DA:3262,8
DA:3263,8
DA:3264,8
DA:3265,8
DA:3266,8
DA:3268,8
DA:3269,141
DA:3270,6
DA:3271,6
DA:3272,6
DA:3273,6
DA:3274,6
DA:3275,6
DA:3276,6
DA:3277,6
DA:3278,6
DA:3279,6
DA:3280,6
DA:3281,6
DA:3282,6
DA:3283,6
DA:3284,6
DA:3285,6
DA:3286,6
DA:3287,6
DA:3289,6
DA:3290,135
DA:3291,3
DA:3292,3
DA:3293,3
DA:3294,3
DA:3295,3
DA:3296,3
DA:3297,3
DA:3298,3
DA:3299,3
DA:3300,3
DA:3301,3
DA:3302,3
DA:3303,3
DA:3304,3
DA:3305,3
DA:3306,3
DA:3307,3
DA:3308,3
DA:3310,3
DA:3311,132
DA:3312,46
DA:3313,46
DA:3314,46
DA:3315,46
DA:3316,46
DA:3317,46
DA:3318,46
DA:3319,46
DA:3320,46
DA:3321,46
DA:3322,46
DA:3323,46
DA:3324,46
DA:3325,46
DA:3326,46
DA:3327,46
DA:3328,46
DA:3329,46
DA:3330,46
DA:3331,2
DA:3332,44
DA:3334,46
DA:3335,46
DA:3336,46
DA:3337,46
DA:3338,46
DA:3339,43
DA:3340,34
DA:3342,46
DA:3343,46
DA:3344,46
DA:3345,46
DA:3346,46
DA:3347,46
DA:3348,43
DA:3350,46
DA:3351,46
DA:3353,46
DA:3355,149
DA:3357,63
DA:3358,63
DA:3359,63
DA:3360,63
DA:3362,63
DA:3363,63
DA:3365,200
DA:3367,200
DA:3369,200
LF:2895
LH:2419
BRDA:58,0,0,25
BRDA:59,1,0,2
BRDA:59,2,0,23
BRDA:60,3,0,0
BRDA:63,4,0,2
BRDA:68,5,0,1
BRDA:70,6,0,4
BRDA:72,7,0,3
BRDA:72,8,0,1
BRDA:75,9,0,1
BRDA:90,10,0,51
BRDA:91,11,0,29
BRDA:91,12,0,26
BRDA:91,13,0,25
BRDA:94,14,0,22
BRDA:94,15,0,0
BRDA:94,16,0,0
BRDA:97,17,0,45
BRDA:99,18,0,0
BRDA:100,19,0,0
BRDA:107,20,0,200
BRDA:170,21,0,156
BRDA:179,22,0,149
BRDA:180,23,0,149
BRDA:182,24,0,149
BRDA:182,25,0,199
BRDA:182,26,0,148
BRDA:183,27,0,149
BRDA:189,28,0,149
BRDA:190,29,0,149
BRDA:190,30,0,55
BRDA:193,31,0,41
BRDA:194,32,0,14
BRDA:197,33,0,6
BRDA:202,34,0,149
BRDA:202,35,0,146
BRDA:202,36,0,99
BRDA:202,37,0,99
BRDA:203,38,0,101
BRDA:205,39,0,150
BRDA:208,40,0,17
BRDA:209,41,0,16
BRDA:210,42,0,16
BRDA:211,43,0,3
BRDA:217,44,0,3
BRDA:224,45,0,149
BRDA:224,46,0,149
BRDA:224,47,0,51
BRDA:225,48,0,149
BRDA:225,49,0,149
BRDA:225,50,0,51
BRDA:226,51,0,149
BRDA:226,52,0,51
BRDA:227,53,0,149
BRDA:227,54,0,51
BRDA:238,55,0,149
BRDA:286,56,0,149
BRDA:287,57,0,158
BRDA:287,58,0,149
BRDA:287,59,0,146
BRDA:329,60,0,149
BRDA:1655,61,0,149
BRDA:1716,62,0,149
BRDA:1766,63,0,149
BRDA:1770,64,0,193
BRDA:1985,65,0,149
BRDA:1986,66,0,149
BRDA:1993,67,0,149
BRDA:2108,68,0,149
BRDA:2127,69,0,149
BRDA:2143,70,0,149
BRDA:2143,71,0,149
BRDA:2143,72,0,149
BRDA:2521,73,0,149
BRDA:2537,74,0,158
BRDA:2537,75,0,149
BRDA:2537,76,0,146
BRDA:2552,77,0,149
BRDA:2564,78,0,149
BRDA:2564,79,0,149
BRDA:2596,80,0,149
BRDA:2598,81,0,149
BRDA:2636,82,0,149
BRDA:2637,83,0,149
BRDA:2637,84,0,149
BRDA:2638,85,0,149
BRDA:2639,86,0,149
BRDA:2640,87,0,149
BRDA:2641,88,0,149
BRDA:2641,89,0,199
BRDA:2655,90,0,149
BRDA:2683,91,0,149
BRDA:2683,92,0,149
BRDA:2683,93,0,149
BRDA:2685,94,0,17
BRDA:2688,95,0,183
BRDA:3005,96,0,149
BRDA:3005,97,0,51
BRDA:3008,98,0,0
BRDA:3011,99,0,149
BRDA:3015,100,0,9
BRDA:3024,101,0,149
BRDA:3024,102,0,0
BRDA:3025,103,0,149
BRDA:3036,104,0,149
BRDA:3036,105,0,145
BRDA:3036,106,0,98
BRDA:3036,107,0,98
BRDA:3036,108,0,98
BRDA:3036,109,0,98
BRDA:3036,110,0,98
BRDA:3050,111,0,149
BRDA:3050,112,0,99
BRDA:3064,113,0,50
BRDA:3065,114,0,41
BRDA:3066,115,0,9
BRDA:3067,116,0,8
BRDA:3068,117,0,1
BRDA:3069,118,0,32
BRDA:3070,119,0,2
BRDA:3071,120,0,30
BRDA:3073,121,0,1
BRDA:3074,122,0,29
BRDA:3075,123,0,9
BRDA:3077,124,0,3
BRDA:3078,125,0,1
BRDA:3079,126,0,2
BRDA:3080,127,0,1
BRDA:3081,128,0,1
BRDA:3082,129,0,6
BRDA:3083,130,0,5
BRDA:3083,131,0,5
BRDA:3084,132,0,1
BRDA:3086,133,0,0
BRDA:3092,134,0,149
BRDA:3092,135,0,99
BRDA:3092,136,0,99
BRDA:3101,137,0,148
BRDA:3101,138,0,49
BRDA:3101,139,0,9
BRDA:3101,140,0,6
BRDA:3110,141,0,148
BRDA:3110,142,0,40
BRDA:3120,143,0,149
BRDA:3120,144,0,41
BRDA:3126,145,0,0
BRDA:3133,146,0,15
BRDA:3133,147,0,26
BRDA:3142,148,0,17
BRDA:3142,149,0,16
BRDA:3148,150,0,0
BRDA:3167,151,0,17
BRDA:3167,152,0,132
BRDA:3168,153,0,17
BRDA:3168,154,0,132
BRDA:3169,155,0,17
BRDA:3169,156,0,132
BRDA:3170,157,0,149
BRDA:3170,158,0,3
BRDA:3177,159,0,44
BRDA:3177,160,0,35
BRDA:3177,161,0,114
BRDA:3189,162,0,149
BRDA:3190,163,0,1
BRDA:3190,164,0,148
BRDA:3191,165,0,1
BRDA:3191,166,0,148
BRDA:3193,167,0,149
BRDA:3194,168,0,1
BRDA:3199,169,0,149
BRDA:3202,170,0,146
BRDA:3202,171,0,3
BRDA:3207,172,0,149
BRDA:3207,173,0,131
BRDA:3211,174,0,52
BRDA:3211,175,0,79
BRDA:3219,176,0,149
BRDA:3219,177,0,17
BRDA:3229,178,0,149
BRDA:3229,179,0,1
BRDA:184,180,0,64
BRDA:185,181,0,39
BRDA:185,182,0,0
BRDA:188,183,0,35
BRDA:191,184,0,154
BRDA:196,185,0,8
BRDA:220,186,0,73
BRDA:220,187,0,25
BRDA:230,188,0,49
BRDA:231,189,0,24
BRDA:231,190,0,22
BRDA:231,191,0,28
BRDA:231,192,0,27
BRDA:231,193,0,22
BRDA:240,194,0,65
BRDA:242,195,0,35
BRDA:243,196,0,0
BRDA:243,197,0,0
BRDA:245,198,0,0
BRDA:250,199,0,65
BRDA:252,200,0,35
BRDA:253,201,0,0
BRDA:254,202,0,0
BRDA:255,203,0,0
BRDA:260,204,0,54
BRDA:261,205,0,29
BRDA:263,206,0,29
BRDA:269,207,0,4
BRDA:269,208,0,50
BRDA:271,209,0,29
BRDA:271,210,0,25
BRDA:271,211,0,23
BRDA:272,212,0,28
BRDA:272,213,0,25
BRDA:272,214,0,22
BRDA:265,215,0,60
BRDA:267,216,0,146
BRDA:267,217,0,4
BRDA:267,218,0,0
BRDA:274,219,0,44
BRDA:276,220,0,88
BRDA:277,221,0,0
BRDA:278,222,0,0
BRDA:282,223,0,0
BRDA:292,224,0,67
BRDA:293,225,0,66
BRDA:293,226,0,58
BRDA:293,227,0,1
BRDA:294,228,0,0
BRDA:294,229,0,58
BRDA:294,230,0,0
BRDA:296,231,0,1
BRDA:300,232,0,12
BRDA:301,233,0,0
BRDA:303,234,0,0
BRDA:305,235,0,3
BRDA:305,236,0,9
BRDA:305,237,0,3
BRDA:309,238,0,3
BRDA:310,239,0,0
BRDA:312,240,0,0
BRDA:311,241,0,3
BRDA:315,242,0,88
BRDA:316,243,0,17
BRDA:316,244,0,71
BRDA:316,245,0,79
BRDA:316,246,0,17
BRDA:317,247,0,5
BRDA:317,248,0,12
BRDA:318,249,0,0
BRDA:319,250,0,12
BRDA:319,251,0,79
BRDA:319,252,0,0
BRDA:319,253,0,12
BRDA:321,254,0,9
BRDA:321,255,0,3
BRDA:327,256,0,0
BRDA:327,257,0,3
BRDA:352,258,0,31
BRDA:354,259,0,5
BRDA:355,260,0,0
BRDA:365,261,0,26
BRDA:366,262,0,1
BRDA:371,263,0,1
BRDA:372,264,0,1
BRDA:382,265,0,65
BRDA:383,266,0,35
BRDA:383,267,0,64
BRDA:383,268,0,30
BRDA:384,269,0,5
BRDA:384,270,0,25
BRDA:385,271,0,0
BRDA:397,272,0,49
BRDA:401,273,0,54
BRDA:405,274,0,30
BRDA:409,275,0,32
BRDA:413,276,0,13
BRDA:417,277,0,400
BRDA:428,278,0,55
BRDA:433,279,0,98
BRDA:435,280,0,0
BRDA:437,281,0,0
BRDA:441,282,0,32
BRDA:442,283,0,0
BRDA:445,284,0,0
BRDA:448,285,0,30
BRDA:448,286,0,2
BRDA:461,287,0,12
BRDA:465,288,0,65
BRDA:466,289,0,0
BRDA:469,290,0,53
BRDA:469,291,0,12
BRDA:482,292,0,32
BRDA:497,293,0,0
BRDA:505,294,0,0
BRDA:514,295,0,2
BRDA:515,296,0,4
BRDA:516,297,0,2
BRDA:517,298,0,0
BRDA:517,299,0,2
BRDA:522,300,0,13
BRDA:524,301,0,21
BRDA:525,302,0,13
BRDA:525,303,0,8
BRDA:526,304,0,0
BRDA:526,305,0,8
BRDA:532,306,0,13
BRDA:534,307,0,39
BRDA:537,308,0,15
BRDA:601,309,0,15
BRDA:602,310,0,0
BRDA:603,311,0,0
BRDA:606,312,0,13
BRDA:611,313,0,0
BRDA:612,314,0,0
BRDA:623,315,0,13
BRDA:657,316,0,27
BRDA:663,317,0,76
BRDA:665,318,0,49
BRDA:665,319,0,27
BRDA:661,320,0,29
BRDA:675,321,0,24
BRDA:677,322,0,0
BRDA:679,323,0,12
BRDA:682,324,0,13
BRDA:687,325,0,0
BRDA:691,326,0,0
BRDA:701,327,0,13
BRDA:703,328,0,0
BRDA:707,329,0,14
BRDA:708,330,0,1
BRDA:712,331,0,13
BRDA:718,332,0,37
BRDA:719,333,0,0
BRDA:722,334,0,31
BRDA:722,335,0,35
BRDA:722,336,0,6
BRDA:724,337,0,1
BRDA:726,338,0,6
BRDA:726,339,0,5
BRDA:726,340,0,35
BRDA:726,341,0,1
BRDA:729,342,0,5
BRDA:725,343,0,6
BRDA:734,344,0,435
BRDA:735,345,0,318
BRDA:736,346,0,121
BRDA:737,347,0,4
BRDA:739,348,0,0
BRDA:739,349,0,0
BRDA:740,350,0,314
BRDA:744,351,0,212
BRDA:744,352,0,88
BRDA:744,353,0,34
BRDA:748,354,0,22
BRDA:751,355,0,292
BRDA:738,356,0,127
BRDA:746,357,0,22
BRDA:771,358,0,14
BRDA:799,359,0,2
BRDA:805,360,0,0
BRDA:812,361,0,0
BRDA:813,362,0,0
BRDA:819,363,0,65
BRDA:820,364,0,8
BRDA:820,365,0,57
BRDA:821,366,0,0
BRDA:824,367,0,0
BRDA:826,368,0,0
BRDA:835,369,0,2
BRDA:836,370,0,0
BRDA:837,371,0,2
BRDA:838,372,0,8
BRDA:845,373,0,2
BRDA:873,374,0,2
BRDA:874,375,0,0
BRDA:875,376,0,1
BRDA:879,377,0,0
BRDA:883,378,0,2
BRDA:884,379,0,0
BRDA:887,380,0,1
BRDA:893,381,0,2
BRDA:895,382,0,4
BRDA:895,383,0,2
BRDA:900,384,0,3
BRDA:901,385,0,0
BRDA:902,386,0,0
BRDA:906,387,0,0
BRDA:910,388,0,0
BRDA:924,389,0,0
BRDA:945,390,0,1
BRDA:947,391,0,2
BRDA:952,392,0,1
BRDA:953,393,0,0
BRDA:954,394,0,0
BRDA:958,395,0,0
BRDA:962,396,0,0
BRDA:967,397,0,0
BRDA:969,398,0,0
BRDA:977,399,0,0
BRDA:985,400,0,0
BRDA:988,401,0,2
BRDA:989,402,0,1
BRDA:990,403,0,0
BRDA:991,404,0,0
BRDA:991,405,0,1
BRDA:992,406,0,0
BRDA:996,407,0,1
BRDA:998,408,0,1
BRDA:999,409,0,1
BRDA:999,410,0,0
BRDA:1013,411,0,1
BRDA:1014,412,0,0
BRDA:1015,413,0,0
BRDA:1019,414,0,0
BRDA:1023,415,0,0
BRDA:1028,416,0,0
BRDA:1030,417,0,0
BRDA:1038,418,0,0
BRDA:1046,419,0,0
BRDA:1089,420,0,0
BRDA:1051,421,0,2
BRDA:1054,422,0,0
BRDA:1055,423,0,0
BRDA:1057,424,0,0
BRDA:1058,425,0,0
BRDA:1061,426,0,2
BRDA:1062,427,0,1
BRDA:1063,428,0,0
BRDA:1064,429,0,0
BRDA:1064,430,0,1
BRDA:1065,431,0,0
BRDA:1069,432,0,1
BRDA:1071,433,0,1
BRDA:1072,434,0,1
BRDA:1072,435,0,0
BRDA:1090,436,0,1
BRDA:1091,437,0,0
BRDA:1098,438,0,0
BRDA:1098,439,0,0
BRDA:1098,440,0,0
BRDA:1092,441,0,2
BRDA:1093,442,0,0
BRDA:1113,443,0,1
BRDA:1122,444,0,0
BRDA:1124,445,0,0
BRDA:1127,446,0,0
BRDA:1128,447,0,0
BRDA:1132,448,0,0
BRDA:1136,449,0,0
BRDA:1128,450,0,1
BRDA:1144,451,0,2
BRDA:1146,452,0,4
BRDA:1147,453,0,0
BRDA:1148,454,0,2
BRDA:1154,455,0,2
BRDA:1164,456,0,0
BRDA:1175,457,0,0
BRDA:1199,458,0,2
BRDA:1203,459,0,2
BRDA:1215,460,0,1
BRDA:1217,461,0,0
BRDA:1227,462,0,1
BRDA:1227,463,0,1
BRDA:1230,464,0,0
BRDA:1232,465,0,1
BRDA:1236,466,0,0
BRDA:1222,467,0,1
BRDA:1234,468,0,1
BRDA:1247,469,0,6
BRDA:1248,470,0,0
BRDA:1249,471,0,0
BRDA:1250,472,0,0
BRDA:1251,473,0,0
BRDA:1251,474,0,9
BRDA:1254,475,0,2
BRDA:1256,476,0,1
BRDA:1262,477,0,4
BRDA:1263,478,0,4
BRDA:1264,479,0,8
BRDA:1264,480,0,4
BRDA:1264,481,0,4
BRDA:1268,482,0,4
BRDA:1269,483,0,0
BRDA:1270,484,0,0
BRDA:1271,485,0,0
BRDA:1273,486,0,4
BRDA:1274,487,0,0
BRDA:1276,488,0,0
BRDA:1276,489,0,0
BRDA:1280,490,0,2
BRDA:1282,491,0,0
BRDA:1302,492,0,0
BRDA:1302,493,0,0
BRDA:1305,494,0,0
BRDA:1317,495,0,20
BRDA:1319,496,0,0
BRDA:1329,497,0,1
BRDA:1330,498,0,0
BRDA:1330,499,0,0
BRDA:1332,500,0,0
BRDA:1337,501,0,0
BRDA:1357,502,0,0
BRDA:1359,503,0,0
BRDA:1364,504,0,0
BRDA:1376,505,0,2
BRDA:1381,506,0,0
BRDA:1386,507,0,2
BRDA:1387,508,0,0
BRDA:1389,509,0,1
BRDA:1395,510,0,2
BRDA:1396,511,0,0
BRDA:1400,512,0,0
BRDA:1405,513,0,0
BRDA:1417,514,0,0
BRDA:1422,515,0,1
BRDA:1422,516,0,1
BRDA:1446,517,0,0
BRDA:1471,518,0,1
BRDA:1502,519,0,1
BRDA:1518,520,0,0
BRDA:1423,521,0,3
BRDA:1426,522,0,3
BRDA:1428,523,0,1
BRDA:1428,524,0,2
BRDA:1430,525,0,0
BRDA:1430,526,0,0
BRDA:1430,527,0,2
BRDA:1431,528,0,0
BRDA:1431,529,0,0
BRDA:1431,530,0,2
BRDA:1442,531,0,2
BRDA:1456,532,0,2
BRDA:1458,533,0,0
BRDA:1461,534,0,3
BRDA:1462,535,0,4
BRDA:1463,536,0,2
BRDA:1464,537,0,0
BRDA:1464,538,0,0
BRDA:1479,539,0,1
BRDA:1481,540,0,2
BRDA:1483,541,0,1
BRDA:1483,542,0,1
BRDA:1487,543,0,1
BRDA:1488,544,0,0
BRDA:1489,545,0,0
BRDA:1490,546,0,0
BRDA:1492,547,0,1
BRDA:1493,548,0,0
BRDA:1495,549,0,0
BRDA:1495,550,0,0
BRDA:1504,551,0,1
BRDA:1504,552,0,1
BRDA:1505,553,0,1
BRDA:1506,554,0,0
BRDA:1508,555,0,0
BRDA:1510,556,0,1
BRDA:1511,557,0,0
BRDA:1513,558,0,0
BRDA:1513,559,0,0
BRDA:1520,560,0,2
BRDA:1521,561,0,3
BRDA:1522,562,0,2
BRDA:1524,563,0,1
BRDA:1530,564,0,2
BRDA:1531,565,0,0
BRDA:1534,566,0,0
BRDA:1539,567,0,2
BRDA:1540,568,0,0
BRDA:1541,569,0,0
BRDA:1553,570,0,25
BRDA:1556,571,0,24
BRDA:1561,572,0,0
BRDA:1564,573,0,0
BRDA:1569,574,0,63
BRDA:1576,575,0,1
BRDA:1580,576,0,25
BRDA:1581,577,0,0
BRDA:1591,578,0,1
BRDA:1594,579,0,24
BRDA:1597,580,0,0
BRDA:1597,581,0,24
BRDA:1600,582,0,3
BRDA:1602,583,0,24
BRDA:1614,584,0,7
BRDA:1619,585,0,0
BRDA:1623,586,0,7
BRDA:1624,587,0,17
BRDA:1632,588,0,12
BRDA:1642,589,0,0
BRDA:1624,590,0,3
BRDA:1648,591,0,25
BRDA:1653,592,0,49
BRDA:1654,593,0,24
BRDA:1657,594,0,25
BRDA:1658,595,0,25
BRDA:1663,596,0,0
BRDA:1670,597,0,49
BRDA:1672,598,0,42
BRDA:1672,599,0,3
BRDA:1673,600,0,39
BRDA:1673,601,0,10
BRDA:1675,602,0,10
BRDA:1677,603,0,0
BRDA:1682,604,0,8
BRDA:1690,605,0,8
BRDA:1694,606,0,0
BRDA:1708,607,0,10
BRDA:1710,608,0,0
BRDA:1712,609,0,0
BRDA:1718,610,0,49
BRDA:1719,611,0,28
BRDA:1719,612,0,25
BRDA:1719,613,0,24
BRDA:1720,614,0,24
BRDA:1727,615,0,0
BRDA:1732,616,0,63
BRDA:1740,617,0,30
BRDA:1741,618,0,5
BRDA:1741,619,0,25
BRDA:1741,620,0,5
BRDA:1744,621,0,6
BRDA:1762,622,0,5
BRDA:1774,623,0,109
BRDA:1775,624,0,104
BRDA:1775,625,0,5
BRDA:1778,626,0,21
BRDA:1780,627,0,0
BRDA:1781,628,0,4
BRDA:1789,629,0,5
BRDA:1792,630,0,25
BRDA:1793,631,0,25
BRDA:1798,632,0,63
BRDA:1808,633,0,65
BRDA:1809,634,0,30
BRDA:1809,635,0,35
BRDA:1811,636,0,28
BRDA:1812,637,0,26
BRDA:1815,638,0,0
BRDA:1834,639,0,102
BRDA:1835,640,0,5
BRDA:1838,641,0,41
BRDA:1839,642,0,11
BRDA:1839,643,0,3
BRDA:1844,644,0,38
BRDA:1845,645,0,36
BRDA:1854,646,0,25
BRDA:1855,647,0,0
BRDA:1855,648,0,0
BRDA:1860,649,0,31
BRDA:1861,650,0,51
BRDA:1862,651,0,5
[...]
FNDA:2,getDisplacementAttackTiles
FNDA:3,filterInBoundsTiles
FNDA:8,getDisplacementLandingTile
FNDA:3,getDisplacementLandingTilesFromEffectTiles
DA:3,1
DA:5,1
DA:6,80
DA:7,80
DA:9,1
DA:10,2
DA:11,2
DA:12,2
DA:13,2
DA:14,2
DA:15,2
DA:17,2
DA:18,2
DA:19,2
DA:20,2
DA:21,2
DA:22,2
DA:24,2
DA:25,2
DA:27,1
DA:28,3
DA:29,3
DA:30,3
DA:31,3
DA:32,3
DA:33,3
DA:36,1
DA:37,8
DA:38,8
DA:39,8
DA:40,8
DA:41,8
DA:43,6
DA:44,6
DA:45,6
DA:46,6
DA:47,8
DA:49,5
DA:50,8
DA:51,8
DA:53,8
DA:55,2
DA:56,2
DA:58,1
DA:59,3
DA:60,3
DA:61,3
DA:62,3
DA:63,3
DA:65,2
DA:66,2
DA:67,2
DA:69,3
DA:70,3
DA:71,3
DA:72,3
DA:73,2
DA:74,3
DA:75,2
DA:76,2
DA:77,2
DA:78,2
DA:79,3
DA:81,3
DA:82,1
DA:83,1
LF:66
LH:66
BRDA:5,0,0,80
BRDA:9,1,0,2
BRDA:27,2,0,3
BRDA:32,3,0,12
BRDA:32,4,0,11
BRDA:32,5,0,11
BRDA:32,6,0,10
BRDA:36,7,0,8
BRDA:41,8,0,7
BRDA:41,9,0,7
BRDA:41,10,0,2
BRDA:41,11,0,6
BRDA:47,12,0,1
BRDA:47,13,0,1
BRDA:47,14,0,5
BRDA:50,15,0,4
BRDA:50,16,0,1
BRDA:50,17,0,4
BRDA:51,18,0,1
BRDA:51,19,0,3
BRDA:53,20,0,1
BRDA:53,21,0,2
BRDA:58,22,0,3
BRDA:63,23,0,1
BRDA:63,24,0,2
BRDA:72,25,0,1
BRDA:72,26,0,2
BRDA:74,27,0,1
BRDA:74,28,0,0
BRDA:74,29,0,2
BRDA:79,30,0,2
BRDA:81,31,0,1
BRF:32
BRH:31
end_of_record
TN:
SF:src/utils/gameAssets.ts
FN:1,getAssetBase
FN:10,getTilesetUrl
FN:14,getTilesetManifestUrl
FN:24,moveTypeToTmAssetKey
FN:28,getTmMachineUrl
FN:33,getPokeballUrl
FN:37,getMasterBallUrl
FNF:7
FNH:7
FNDA:53,getAssetBase
FNDA:15,getTilesetUrl
FNDA:9,getTilesetManifestUrl
FNDA:8,moveTypeToTmAssetKey
FNDA:7,getTmMachineUrl
FNDA:9,getPokeballUrl
FNDA:10,getMasterBallUrl
DA:1,1
DA:2,53
DA:3,53
DA:4,1
DA:5,1
DA:6,53
DA:7,53
DA:8,53
DA:10,1
DA:11,15
DA:12,15
DA:14,1
DA:15,9
DA:16,9
DA:19,1
DA:22,1
DA:24,1
DA:25,8
DA:26,8
DA:28,1
DA:29,7
DA:30,7
DA:31,7
DA:33,1
DA:34,9
DA:35,9
DA:37,1
DA:38,10
DA:39,10
LF:29
LH:29
BRDA:1,0,0,53
BRDA:2,1,0,45
BRDA:3,2,0,1
BRDA:5,3,0,52
BRDA:6,4,0,51
BRDA:6,5,0,1
BRDA:10,6,0,15
BRDA:14,7,0,9
BRDA:24,8,0,8
BRDA:28,9,0,7
BRDA:33,10,0,9
BRDA:37,11,0,10
BRF:12
BRH:12
end_of_record
TN:
SF:src/utils/gameLink.ts
FN:6,parseGameLink
FN:28,gameExists
FNF:2
FNH:2
FNDA:8,parseGameLink
FNDA:4,gameExists
DA:1,1
DA:3,1
DA:4,1
DA:6,1
DA:7,8
DA:8,8
DA:10,8
DA:11,1
DA:12,1
DA:13,1
DA:14,1
DA:15,1
DA:16,0
DA:17,0
DA:18,1
DA:20,6
DA:21,8
DA:23,8
DA:25,2
DA:26,2
DA:28,4
DA:29,4
DA:30,4
DA:31,4
LF:24
LH:22
BRDA:6,0,0,8
BRDA:8,1,0,1
BRDA:8,2,0,7
BRDA:10,3,0,1
BRDA:15,4,0,0
BRDA:18,5,0,6
BRDA:21,6,0,1
BRDA:21,7,0,1
BRDA:21,8,0,5
BRDA:23,9,0,4
BRDA:23,10,0,3
BRDA:23,11,0,2
BRDA:28,12,0,4
BRF:13
BRH:12
end_of_record
TN:
SF:src/utils/mapBuilder.ts
FN:5,createEmptyTileData
FN:41,normalizeTileData
FN:85,resizeTileData
FN:117,slugifyMapName
FN:132,validateConquestSpawnExport
FN:164,validateWarMapExport
FN:197,canExportMap
FN:210,buildMapExport
FN:232,downloadMapJson
FN:242,parseMapImport
FNF:10
FNH:10
FNDA:106,createEmptyTileData
FNDA:4,normalizeTileData
FNDA:3,resizeTileData
FNDA:6,slugifyMapName
FNDA:22,validateConquestSpawnExport
FNDA:6,validateWarMapExport
FNDA:21,canExportMap
FNDA:3,buildMapExport
FNDA:1,downloadMapJson
FNDA:4,parseMapImport
DA:2,1
DA:3,1
DA:5,1
DA:6,106
DA:7,106
DA:8,106
DA:9,106
DA:10,106
DA:11,106
DA:12,106
DA:13,106
DA:14,106
DA:16,106
DA:17,674
DA:18,674
DA:19,674
DA:20,674
DA:21,674
DA:22,674
DA:23,674
DA:24,674
DA:25,674
DA:26,674
DA:28,674
DA:29,674
DA:30,674
DA:31,674
DA:32,674
DA:33,674
DA:34,674
DA:35,674
DA:36,674
DA:37,674
DA:38,674
DA:39,674
DA:41,1
DA:42,4
DA:43,4
DA:45,3
DA:46,4
DA:48,4
DA:49,5
DA:50,9
DA:51,9
DA:52,9
DA:53,9
DA:54,1
DA:55,1
DA:56,9
DA:57,0
DA:58,0
DA:59,9
DA:60,0
DA:61,0
DA:62,9
DA:63,3
DA:64,3
DA:65,9
DA:66,3
DA:67,3
DA:68,9
DA:69,1
DA:70,1
DA:71,9
DA:72,9
DA:73,9
DA:74,9
DA:75,9
DA:76,9
DA:77,1
DA:78,1
DA:79,9
DA:80,5
DA:82,3
DA:83,3
DA:85,1
DA:86,3
DA:87,3
DA:88,3
DA:89,3
DA:90,3
DA:91,3
DA:92,3
DA:94,3
DA:95,11
DA:96,101
DA:97,101
DA:98,0
DA:99,101
DA:100,101
DA:101,0
DA:102,101
DA:103,101
DA:104,0
DA:105,101
DA:106,101
DA:107,101
DA:108,101
DA:109,101
DA:110,101
DA:111,101
DA:112,11
DA:114,3
DA:115,3
DA:117,1
DA:118,6
DA:119,6
DA:120,6
DA:121,6
DA:122,6
DA:123,6
DA:124,6
DA:132,1
DA:133,22
DA:134,22
DA:135,22
DA:136,22
DA:137,0
DA:138,0
DA:140,22
DA:141,22
DA:143,22
DA:144,152
DA:145,1808
DA:146,1808
DA:147,1808
DA:148,152
DA:150,22
DA:151,26
DA:152,26
DA:153,19
DA:154,19
DA:155,19
DA:156,19
DA:157,19
DA:158,26
DA:160,3
DA:161,3
DA:164,1
DA:165,6
DA:166,6
DA:167,6
DA:168,6
DA:169,0
DA:170,0
DA:172,6
DA:173,6
DA:175,6
DA:176,15
DA:177,39
DA:178,14
DA:179,39
DA:180,39
DA:181,39
DA:182,15
DA:184,6
DA:185,13
DA:186,13
DA:187,2
DA:188,2
DA:189,2
DA:190,2
DA:191,2
DA:192,13
DA:194,4
DA:195,4
DA:197,1
DA:198,21
DA:199,21
DA:200,21
DA:201,21
DA:202,21
DA:203,1
DA:204,1
DA:205,20
DA:206,21
DA:207,2
DA:208,2
DA:210,1
DA:217,3
DA:218,3
DA:219,3
DA:220,3
DA:221,3
DA:222,3
DA:223,3
DA:224,3
DA:225,3
DA:226,3
DA:227,3
DA:228,3
DA:229,3
DA:230,3
DA:232,1
DA:233,1
DA:234,1
DA:235,1
DA:236,1
DA:237,1
DA:238,1
DA:239,1
DA:240,1
DA:242,1
DA:243,4
DA:244,1
DA:245,1
DA:246,3
DA:247,3
DA:248,3
DA:249,3
DA:250,2
DA:251,2
DA:252,2
DA:253,2
DA:254,2
DA:255,4
DA:256,1
DA:257,1
DA:258,2
DA:259,2
DA:260,2
DA:261,2
DA:262,2
LF:223
LH:212
BRDA:5,0,0,106
BRDA:16,1,0,674
BRDA:17,2,0,7426
BRDA:18,3,0,7426
BRDA:19,4,0,7426
BRDA:20,5,0,7426
BRDA:21,6,0,7426
BRDA:22,7,0,7426
BRDA:23,8,0,7426
BRDA:24,9,0,7426
BRDA:25,10,0,7426
BRDA:41,11,0,4
BRDA:43,12,0,3
BRDA:43,13,0,1
BRDA:43,14,0,3
BRDA:46,15,0,0
BRDA:48,16,0,5
BRDA:49,17,0,9
BRDA:53,18,0,1
BRDA:56,19,0,8
BRDA:56,20,0,0
BRDA:59,21,0,8
BRDA:59,22,0,0
BRDA:62,23,0,3
BRDA:65,24,0,3
BRDA:68,25,0,1
BRDA:76,26,0,1
BRDA:76,27,0,1
BRDA:80,28,0,3
BRDA:85,29,0,3
BRDA:94,30,0,11
BRDA:95,31,0,101
BRDA:97,32,0,0
BRDA:100,33,0,0
BRDA:103,34,0,0
BRDA:117,35,0,6
BRDA:132,36,0,22
BRDA:136,37,0,0
BRDA:143,38,0,152
BRDA:144,39,0,1808
BRDA:145,40,0,7
BRDA:145,41,0,7
BRDA:145,42,0,1801
BRDA:145,43,0,7
BRDA:150,44,0,26
BRDA:151,45,0,19
BRDA:152,46,0,19
BRDA:158,47,0,3
BRDA:164,48,0,6
BRDA:168,49,0,0
BRDA:175,50,0,15
BRDA:176,51,0,39
BRDA:177,52,0,17
BRDA:177,53,0,37
BRDA:177,54,0,25
BRDA:177,55,0,14
BRDA:179,56,0,14
BRDA:179,57,0,0
BRDA:179,58,0,37
BRDA:179,59,0,14
BRDA:180,60,0,13
BRDA:184,61,0,13
BRDA:185,62,0,1
BRDA:186,63,0,2
BRDA:192,64,0,4
BRDA:197,65,0,21
BRDA:202,66,0,20
BRDA:202,67,0,1
BRDA:206,68,0,18
BRDA:206,69,0,2
BRDA:210,70,0,3
BRDA:218,71,0,0
BRDA:220,72,0,0
BRDA:232,73,0,1
BRDA:237,74,0,0
BRDA:242,75,0,4
BRDA:243,76,0,3
BRDA:243,77,0,1
BRDA:245,78,0,3
BRDA:249,79,0,2
BRDA:250,80,0,2
BRDA:251,81,0,2
BRDA:252,82,0,2
BRDA:253,83,0,2
BRDA:255,84,0,2
BRDA:255,85,0,1
BRF:86
BRH:74
end_of_record
TN:
SF:src/utils/mapMovement.ts
FN:20,normalizeSpecialTile
FN:29,getSpecialTile
FN:40,isWaterTile
FN:48,isRockTile
FN:56,isSandTile
FN:64,isIceTile
FN:72,isLedgeTile
FN:81,normalizedTypes
FN:87,normalizedAbilities
FN:93,unitHasLevitate
FN:100,unitCanCrossWater
FN:109,unitCanCrossRock
FN:118,unitCanStandOnLedge
FN:127,unitCanPassThroughUnits
FN:133,unitIgnoresSandSlow
FN:142,unitIgnoresIceSlide
FN:151,normalizeStepDirection
FN:157,findShortestPath
FN:214,slideOnIceFrom
FN:243,resolveMovementDestination
FN:299,ledgeAllowsEntry
FN:315,canEnterTile
FN:333,isValidMovementDestination
FN:347,buildMovementCostGrid
FN:373,getMovementRangeWithTerrain
FN:430,unitCanOccupyTile
FN:448,filterMovementTilesForUnit
FNF:27
FNH:27
FNDA:163,normalizeSpecialTile
FNDA:161,getSpecialTile
FNDA:1,isWaterTile
FNDA:1,isRockTile
FNDA:1,isSandTile
FNDA:9,isIceTile
FNDA:1,isLedgeTile
FNDA:39,normalizedTypes
FNDA:24,normalizedAbilities
FNDA:24,unitHasLevitate
FNDA:8,unitCanCrossWater
FNDA:6,unitCanCrossRock
FNDA:10,unitCanStandOnLedge
FNDA:5,unitCanPassThroughUnits
FNDA:5,unitIgnoresSandSlow
FNDA:5,unitIgnoresIceSlide
FNDA:1,normalizeStepDirection
FNDA:6,findShortestPath
FNDA:2,slideOnIceFrom
FNDA:4,resolveMovementDestination
FNDA:8,ledgeAllowsEntry
FNDA:28,canEnterTile
FNDA:45,isValidMovementDestination
FNDA:4,buildMovementCostGrid
FNDA:1,getMovementRangeWithTerrain
FNDA:47,unitCanOccupyTile
FNDA:14,filterMovementTilesForUnit
DA:1,1
DA:2,1
DA:3,1
DA:4,1
DA:5,1
DA:6,1
DA:7,1
DA:8,1
DA:9,1
DA:10,1
DA:11,1
DA:12,1
DA:13,1
DA:14,1
DA:15,1
DA:16,1
DA:17,1
DA:18,1
DA:20,1
DA:21,163
DA:22,71
DA:23,33
DA:24,33
DA:25,33
DA:26,1
DA:27,1
DA:29,1
DA:30,161
DA:31,161
DA:32,161
DA:33,161
DA:34,161
DA:35,160
DA:36,161
DA:37,160
DA:38,160
DA:40,1
DA:41,1
DA:42,1
DA:43,1
DA:44,1
DA:45,1
DA:46,1
DA:48,1
DA:49,1
DA:50,1
DA:51,1
DA:52,1
DA:53,1
DA:54,1
DA:56,1
DA:57,1
DA:58,1
DA:59,1
DA:60,1
DA:61,1
DA:62,1
DA:64,1
DA:65,9
DA:66,9
DA:67,9
DA:68,9
DA:69,9
DA:70,9
DA:72,1
DA:73,1
DA:74,1
DA:75,1
DA:76,1
DA:77,1
DA:78,1
DA:79,1
DA:81,39
DA:82,39
DA:83,39
DA:84,39
DA:85,39
DA:87,24
DA:88,24
DA:89,24
DA:90,24
DA:91,24
DA:93,1
DA:94,24
DA:95,24
DA:96,24
DA:97,24
DA:98,24
DA:100,1
DA:101,8
DA:102,8
DA:103,8
DA:104,8
DA:105,8
DA:106,6
DA:107,6
DA:109,1
DA:110,6
DA:111,6
DA:112,6
DA:113,6
DA:114,6
DA:115,3
DA:116,3
DA:118,1
DA:119,10
DA:120,10
DA:121,10
DA:122,10
DA:123,10
DA:124,8
DA:125,8
DA:127,1
DA:128,5
DA:129,5
DA:130,5
DA:131,5
DA:133,1
DA:134,5
DA:135,5
DA:136,5
DA:137,5
DA:138,5
DA:139,3
DA:140,3
DA:142,1
DA:143,5
DA:144,5
DA:145,5
DA:146,5
DA:147,5
DA:148,3
DA:149,3
DA:151,1
DA:152,1
DA:153,1
DA:154,1
DA:155,1
DA:157,1
DA:158,6
DA:159,6
DA:160,6
DA:161,6
DA:162,6
DA:163,6
DA:164,6
DA:165,6
DA:166,6
DA:167,6
DA:168,6
DA:169,6
DA:170,6
DA:172,5
DA:173,6
DA:174,6
DA:175,6
DA:176,6
DA:177,6
DA:178,6
DA:179,6
DA:180,6
DA:181,6
DA:183,6
DA:184,18
DA:185,18
DA:186,4
DA:187,4
DA:188,4
DA:189,5
DA:190,5
DA:191,5
DA:192,4
DA:193,4
DA:194,4
DA:196,18
DA:197,56
DA:198,56
DA:199,56
DA:200,33
DA:201,56
DA:202,22
DA:203,22
DA:204,22
DA:205,16
DA:206,16
DA:207,16
DA:208,16
DA:209,14
DA:211,1
DA:212,1
DA:214,1
DA:215,2
DA:216,2
DA:217,2
DA:218,2
DA:219,2
DA:220,2
DA:221,2
DA:222,2
DA:223,2
DA:224,2
DA:225,2
DA:226,2
DA:227,2
DA:228,2
DA:230,2
DA:231,4
DA:232,4
DA:233,4
DA:234,4
DA:235,4
DA:236,4
DA:237,4
DA:238,2
DA:239,2
DA:240,2
DA:241,2
DA:243,1
DA:244,4
DA:245,4
DA:246,4
DA:247,4
DA:248,4
DA:249,4
DA:250,4
DA:251,4
DA:252,4
DA:253,4
DA:254,4
DA:255,4
DA:256,4
DA:257,4
DA:258,1
DA:259,1
DA:261,3
DA:262,3
DA:263,3
DA:264,3
DA:265,3
DA:266,3
DA:267,3
DA:268,3
DA:269,3
DA:270,3
DA:271,3
DA:272,4
DA:274,3
DA:275,3
DA:276,3
DA:277,3
DA:278,1
DA:279,1
DA:280,3
DA:281,1
DA:282,1
DA:283,1
DA:284,1
DA:285,1
DA:286,1
DA:287,1
DA:288,1
DA:289,1
DA:290,1
DA:291,1
DA:292,1
DA:293,1
DA:294,1
DA:296,2
DA:297,2
DA:299,1
DA:300,8
DA:301,8
DA:302,8
DA:303,8
DA:304,8
DA:305,8
DA:306,8
DA:307,8
DA:308,8
DA:309,8
DA:310,8
DA:311,8
DA:312,1
DA:313,1
DA:315,1
DA:316,28
DA:317,28
DA:318,28
DA:319,28
DA:320,28
DA:321,28
DA:322,28
DA:323,28
DA:324,28
DA:325,28
DA:326,24
DA:327,2
DA:328,2
DA:329,2
DA:330,7
DA:331,7
DA:333,1
DA:334,45
DA:335,45
DA:336,45
DA:337,45
DA:338,45
DA:339,45
DA:340,45
DA:341,45
DA:342,2
DA:343,2
DA:344,43
DA:345,43
DA:347,1
DA:348,4
DA:349,4
DA:350,4
DA:351,4
DA:352,4
DA:353,4
DA:355,4
DA:356,4
DA:357,4
DA:358,4
DA:360,4
DA:361,10
DA:362,26
DA:363,26
DA:364,26
DA:365,26
DA:366,26
DA:367,26
DA:368,21
DA:369,10
DA:370,4
DA:371,4
DA:373,1
DA:374,1
DA:375,1
DA:376,1
DA:377,1
DA:378,1
DA:379,1
DA:380,1
DA:381,1
DA:382,1
DA:383,1
DA:384,1
DA:385,1
DA:386,1
DA:387,1
DA:388,1
DA:390,1
DA:391,1
DA:392,1
DA:393,1
DA:394,1
DA:395,1
DA:397,1
DA:398,3
DA:399,3
DA:400,3
DA:401,3
DA:403,3
DA:404,3
DA:405,3
DA:407,3
DA:408,12
DA:409,12
DA:410,12
DA:412,6
DA:413,12
DA:414,6
DA:415,4
DA:417,4
DA:418,4
DA:420,4
DA:421,12
DA:422,2
DA:423,2
DA:424,12
DA:425,3
DA:427,1
DA:428,1
DA:430,1
DA:431,47
DA:432,47
DA:433,47
DA:434,47
DA:435,47
DA:436,47
DA:437,47
DA:438,47
DA:439,47
DA:440,47
DA:441,47
DA:442,0
DA:443,0
DA:444,45
DA:445,45
DA:448,1
DA:449,14
DA:450,14
DA:451,14
DA:452,14
DA:453,14
DA:454,14
DA:455,14
DA:456,41
DA:457,40
DA:458,14
DA:459,14
LF:413
LH:411
BRDA:20,0,0,163
BRDA:21,1,0,129
BRDA:21,2,0,71
BRDA:21,3,0,34
BRDA:22,4,0,33
BRDA:24,5,0,0
BRDA:25,6,0,1
BRDA:29,7,0,161
BRDA:34,8,0,160
BRDA:34,9,0,160
BRDA:34,10,0,160
BRDA:34,11,0,1
BRDA:34,12,0,160
BRDA:36,13,0,0
BRDA:36,14,0,160
BRDA:40,15,0,1
BRDA:48,16,0,1
BRDA:56,17,0,1
BRDA:64,18,0,9
BRDA:72,19,0,1
BRDA:81,20,0,39
BRDA:83,21,0,1
BRDA:83,22,0,38
BRDA:87,23,0,24
BRDA:89,24,0,10
BRDA:89,25,0,2
BRDA:93,26,0,24
BRDA:100,27,0,8
BRDA:105,28,0,7
BRDA:105,29,0,2
BRDA:105,30,0,6
BRDA:109,31,0,6
BRDA:114,32,0,4
BRDA:114,33,0,3
BRDA:118,34,0,10
BRDA:123,35,0,2
BRDA:123,36,0,8
BRDA:127,37,0,5
BRDA:133,38,0,5
BRDA:138,39,0,4
BRDA:138,40,0,2
BRDA:138,41,0,3
BRDA:142,42,0,5
BRDA:147,43,0,3
BRDA:147,44,0,2
BRDA:147,45,0,3
BRDA:151,46,0,1
BRDA:152,47,0,0
BRDA:152,48,0,0
BRDA:153,49,0,0
BRDA:157,50,0,6
BRDA:170,51,0,1
BRDA:170,52,0,1
BRDA:170,53,0,5
BRDA:172,54,0,3
BRDA:183,55,0,18
BRDA:185,56,0,6
BRDA:185,57,0,16
BRDA:185,58,0,4
BRDA:188,59,0,5
BRDA:194,60,0,14
BRDA:196,61,0,56
BRDA:199,62,0,48
BRDA:199,63,0,40
BRDA:199,64,0,37
BRDA:199,65,0,52
BRDA:199,66,0,23
BRDA:199,67,0,33
BRDA:201,68,0,11
BRDA:201,69,0,22
BRDA:202,70,0,0
BRDA:202,71,0,22
BRDA:204,72,0,6
BRDA:204,73,0,16
BRDA:208,74,0,14
BRDA:209,75,0,1
BRDA:214,76,0,2
BRDA:226,77,0,1
BRDA:230,78,0,4
BRDA:233,79,0,0
BRDA:235,80,0,0
BRDA:236,81,0,0
BRDA:237,82,0,2
BRDA:243,83,0,4
BRDA:257,84,0,3
BRDA:257,85,0,1
BRDA:272,86,0,0
BRDA:272,87,0,3
BRDA:277,88,0,2
BRDA:277,89,0,1
BRDA:278,90,0,0
BRDA:280,91,0,0
BRDA:280,92,0,1
BRDA:280,93,0,0
BRDA:294,94,0,2
BRDA:299,95,0,8
BRDA:308,96,0,4
BRDA:309,97,0,1
BRDA:309,98,0,3
BRDA:310,99,0,1
BRDA:310,100,0,2
BRDA:311,101,0,1
BRDA:315,102,0,28
BRDA:325,103,0,19
BRDA:325,104,0,24
BRDA:325,105,0,9
BRDA:326,106,0,2
BRDA:327,107,0,0
BRDA:329,108,0,7
BRDA:333,109,0,45
BRDA:341,110,0,2
BRDA:341,111,0,2
BRDA:341,112,0,2
BRDA:343,113,0,43
BRDA:347,114,0,4
BRDA:353,115,0,0
BRDA:360,116,0,10
BRDA:361,117,0,26
BRDA:363,118,0,2
BRDA:363,119,0,24
BRDA:364,120,0,2
BRDA:364,121,0,1
BRDA:364,122,0,23
BRDA:365,123,0,0
BRDA:365,124,0,0
BRDA:365,125,0,23
BRDA:366,126,0,5
BRDA:366,127,0,2
BRDA:366,128,0,1
BRDA:366,129,0,22
BRDA:367,130,0,2
BRDA:367,131,0,1
BRDA:367,132,0,21
BRDA:373,133,0,1
BRDA:397,134,0,3
BRDA:400,135,0,0
BRDA:407,136,0,12
BRDA:410,137,0,10
BRDA:410,138,0,8
BRDA:410,139,0,7
BRDA:410,140,0,6
BRDA:413,141,0,0
BRDA:413,142,0,0
BRDA:413,143,0,6
BRDA:414,144,0,2
BRDA:414,145,0,4
BRDA:415,146,0,0
BRDA:415,147,0,4
BRDA:418,148,0,0
BRDA:418,149,0,4
BRDA:421,150,0,2
BRDA:430,151,0,47
BRDA:438,152,0,1
BRDA:438,153,0,46
BRDA:439,154,0,1
BRDA:439,155,0,45
BRDA:440,156,0,0
BRDA:440,157,0,45
BRDA:441,158,0,2
BRDA:441,159,0,0
BRDA:443,160,0,45
BRDA:448,161,0,14
BRDA:454,162,0,0
BRDA:455,163,0,41
BRDA:456,164,0,40
BRF:165
BRH:140
end_of_record
TN:
SF:src/utils/mapPointer.ts
FN:11,getMapDisplayMaxSize
FN:30,computeMapDisplayScale
FN:41,pointerToTileCoords
FNF:3
FNH:3
FNDA:49,getMapDisplayMaxSize
FNDA:54,computeMapDisplayScale
FNDA:6,pointerToTileCoords
DA:2,1
DA:3,1
DA:4,1
DA:5,1
DA:6,1
DA:7,1
DA:8,1
DA:9,1
DA:11,1
DA:12,49
DA:13,49
DA:14,49
DA:15,49
DA:16,49
DA:17,49
DA:18,49
DA:19,49
DA:21,49
DA:22,49
DA:23,49
DA:24,49
DA:25,49
DA:26,49
DA:27,49
DA:28,49
DA:30,1
DA:31,54
DA:32,54
DA:33,54
DA:34,54
DA:35,54
DA:36,54
DA:37,28
DA:38,28
DA:41,1
DA:42,6
DA:43,6
DA:44,6
DA:45,6
DA:46,6
DA:47,6
DA:48,6
DA:49,6
DA:50,6
DA:51,6
DA:52,6
LF:46
LH:46
BRDA:11,0,0,49
BRDA:30,1,0,54
BRDA:36,2,0,28
BRDA:36,3,0,33
BRDA:36,4,0,26
BRDA:36,5,0,28
BRDA:41,6,0,6
BRF:7
BRH:7
end_of_record
TN:
SF:src/utils/mapTileDrawing.ts
FN:11,resolveTilesetBase
FN:19,isTileRefPresent
FN:25,buildOverlay2TileSet
FN:54,installMapTileRenderer
FN:77,drawTile
FN:105,drawAll
FN:135,onTilesetReady
FN:142,img.onload
FN:143,img.onerror
FNF:9
FNH:4
FNDA:1,resolveTilesetBase
FNDA:7,isTileRefPresent
FNDA:4,buildOverlay2TileSet
FNDA:1,installMapTileRenderer
FNDA:0,drawTile
FNDA:0,drawAll
FNDA:0,onTilesetReady
FNDA:0,img.onload
FNDA:0,img.onerror
DA:1,1
DA:11,1
DA:12,1
DA:13,1
DA:14,0
DA:15,1
DA:16,1
DA:17,1
DA:19,1
DA:20,7
DA:21,4
DA:22,7
DA:23,7
DA:25,1
DA:26,4
DA:27,4
DA:28,4
DA:29,4
DA:31,1
DA:32,2
DA:33,4
DA:34,2
DA:35,2
DA:36,4
DA:37,2
DA:39,1
DA:40,1
DA:54,1
DA:55,1
DA:56,1
DA:57,1
DA:58,1
DA:59,1
DA:60,1
DA:61,1
DA:62,1
DA:63,1
DA:65,1
DA:66,1
DA:68,1
DA:69,1
DA:70,1
DA:71,1
DA:72,1
DA:74,1
DA:75,1
DA:77,1
DA:78,0
DA:79,0
DA:80,0
DA:81,0
DA:82,0
DA:83,0
DA:84,0
DA:85,0
DA:86,0
DA:88,0
DA:89,0
DA:90,0
DA:92,0
DA:93,0
DA:94,0
DA:95,0
DA:96,0
DA:97,0
DA:98,0
DA:99,0
DA:100,0
DA:101,0
DA:102,0
DA:103,0
DA:105,1
DA:106,0
DA:108,0
DA:109,0
DA:110,0
DA:112,0
DA:113,0
DA:115,0
DA:116,0
DA:118,0
DA:119,0
DA:120,0
DA:121,0
DA:122,0
DA:123,0
DA:124,0
DA:125,0
DA:127,0
DA:128,0
DA:129,0
DA:130,0
DA:132,0
DA:133,0
DA:135,1
DA:136,0
DA:137,0
DA:138,0
DA:139,0
DA:141,1
DA:142,1
DA:143,1
DA:144,0
DA:145,0
DA:146,1
DA:147,1
DA:149,1
DA:150,1
DA:151,1
DA:152,1
LF:110
LH:57
BRDA:11,0,0,1
BRDA:13,1,0,0
BRDA:15,2,0,0
BRDA:19,3,0,7
BRDA:20,4,0,4
BRDA:20,5,0,3
BRDA:20,6,0,4
BRDA:22,7,0,3
BRDA:25,8,0,4
BRDA:29,9,0,3
BRDA:29,10,0,1
BRDA:31,11,0,2
BRDA:32,12,0,4
BRDA:33,13,0,2
BRDA:54,14,0,1
BRDA:66,15,0,1
BRDA:68,16,0,1
BRDA:141,17,0,1
BRDA:146,18,0,0
BRDA:149,19,0,1
BRF:20
BRH:17
end_of_record
TN:
SF:src/utils/overlay2Mask.ts
FN:8,captureOverlay2Mask
FN:23,sampleOverlay2Mask
FN:33,overlay2MaskHasCoverage
FNF:3
FNH:3
FNDA:3,captureOverlay2Mask
FNDA:3,sampleOverlay2Mask
FNDA:3,overlay2MaskHasCoverage
DA:8,1
DA:9,3
DA:10,3
DA:12,3
DA:13,3
DA:15,3
DA:16,3
DA:17,3
DA:18,3
DA:19,3
DA:20,3
DA:21,3
DA:23,1
DA:24,3
DA:26,2
DA:27,2
DA:28,3
DA:30,1
DA:31,1
DA:33,1
DA:34,3
DA:35,3
DA:36,3
DA:37,3
DA:38,3
DA:39,3
DA:40,3
DA:42,2
DA:43,2
DA:44,2
DA:45,2
DA:47,3
DA:48,4
DA:49,9
DA:50,9
DA:51,3
DA:53,1
DA:54,1
LF:38
LH:38
BRDA:8,0,0,3
BRDA:10,1,0,2
BRDA:10,2,0,1
BRDA:10,3,0,2
BRDA:10,4,0,1
BRDA:12,5,0,0
BRDA:13,6,0,1
BRDA:13,7,0,0
BRDA:23,8,0,3
BRDA:24,9,0,1
BRDA:24,10,0,2
BRDA:28,11,0,1
BRDA:28,12,0,1
BRDA:28,13,0,1
BRDA:28,14,0,1
BRDA:33,15,0,3
BRDA:40,16,0,1
BRDA:40,17,0,2
BRDA:47,18,0,4
BRDA:48,19,0,9
BRDA:49,20,0,1
BRDA:50,21,0,3
BRDA:51,22,0,1
BRF:23
BRH:21
end_of_record
TN:
SF:src/utils/pixelCanvas.ts
FN:6,getDevicePixelRatio
FN:14,setupPixelCanvas
FNF:2
FNH:2
FNDA:141,getDevicePixelRatio
FNDA:139,setupPixelCanvas
DA:2,1
DA:3,1
DA:4,1
DA:6,1
DA:7,141
DA:8,141
DA:14,1
DA:15,139
DA:16,139
DA:17,139
DA:18,139
DA:19,139
DA:20,139
DA:21,139
DA:23,139
DA:24,35
DA:25,35
DA:26,35
DA:27,139
DA:28,139
DA:30,139
DA:31,139
LF:22
LH:22
BRDA:6,0,0,141
BRDA:7,1,0,1
BRDA:14,2,0,139
BRDA:23,3,0,104
BRDA:23,4,0,35
BRF:5
BRH:5
end_of_record
TN:
SF:src/utils/secureFetch.ts
FN:1,secureFetch
FNF:1
FNH:1
FNDA:8,secureFetch
DA:1,8
DA:2,8
DA:3,8
DA:5,8
DA:6,0
DA:7,0
DA:9,8
DA:10,0
DA:11,0
DA:13,8
DA:14,8
DA:15,8
DA:16,8
DA:18,2
DA:19,2
LF:15
LH:11
BRDA:1,0,0,8
BRDA:5,1,0,0
BRDA:9,2,0,0
BRDA:9,3,0,0
BRDA:9,4,0,0
BRDA:15,5,0,2
BRDA:15,6,0,7
BRDA:16,7,0,2
BRF:8
BRH:4
end_of_record
TN:
SF:src/utils/spriteOverlay.ts
FN:4,applyOpaquePixelOverlay
FN:25,drawImageWithPlayerOverlay
FNF:2
FNH:2
FNDA:2,applyOpaquePixelOverlay
FNDA:3,drawImageWithPlayerOverlay
DA:2,1
DA:4,1
DA:5,2
DA:6,2
DA:7,2
DA:8,2
DA:9,2
DA:10,2
DA:11,2
DA:12,2
DA:13,2
DA:14,2
DA:15,2
DA:16,3
DA:17,3
DA:18,2
DA:19,2
DA:20,3
DA:21,2
DA:22,2
DA:23,2
DA:25,1
DA:26,3
DA:27,3
DA:28,3
DA:29,3
DA:30,3
DA:31,3
DA:32,3
DA:33,3
DA:34,3
DA:35,3
DA:36,3
DA:37,3
DA:38,3
DA:39,3
DA:41,1
DA:42,1
DA:43,1
DA:44,1
DA:45,1
DA:47,1
DA:48,1
DA:49,1
LF:44
LH:44
BRDA:4,0,0,2
BRDA:15,1,0,3
BRDA:17,2,0,2
BRDA:25,3,0,3
BRDA:39,4,0,2
BRDA:39,5,0,2
BRDA:39,6,0,1
BRDA:45,7,0,0
BRDA:45,8,0,1
BRF:9
BRH:8
end_of_record
TN:
SF:src/utils/unitSpriteMapCoords.ts
FN:3,spriteCanvasPixelToMapCoords
FN:17,getUnitSpriteBoundsOnMap
FN:31,getUnitSpriteCanvasStyle
FNF:3
FNH:3
FNDA:1,spriteCanvasPixelToMapCoords
FNDA:2,getUnitSpriteBoundsOnMap
FNDA:1,getUnitSpriteCanvasStyle
DA:1,1
DA:3,1
DA:4,1
DA:5,1
DA:6,1
DA:7,1
DA:8,1
DA:9,1
DA:10,1
DA:11,1
DA:12,1
DA:13,1
DA:14,1
DA:15,1
DA:17,1
DA:18,2
DA:19,2
DA:20,2
DA:21,2
DA:22,2
DA:23,2
DA:24,2
DA:25,2
DA:26,2
DA:27,2
DA:28,2
DA:29,2
DA:31,1
DA:32,1
DA:33,1
DA:34,1
DA:35,1
DA:36,1
DA:37,1
DA:38,1
DA:39,1
DA:41,1
DA:42,1
DA:43,1
DA:44,1
DA:45,1
DA:46,1
DA:47,1
DA:48,1
DA:49,1
DA:50,1
DA:51,1
DA:52,1
LF:48
LH:48
BRDA:3,0,0,1
BRDA:17,1,0,2
BRDA:31,2,0,1
BRF:3
BRH:3
end_of_record
