TN:
SF:src/App.tsx
FN:18,App
FNF:1
FNH:1
FNDA:4,App
DA:1,1
DA:2,1
DA:3,1
DA:4,1
DA:5,1
DA:6,1
DA:7,1
DA:8,1
DA:9,1
DA:10,1
DA:11,1
DA:12,1
DA:13,1
DA:14,1
DA:15,1
DA:16,1
DA:18,4
DA:19,4
DA:20,4
DA:21,4
DA:22,4
DA:23,4
DA:24,4
DA:25,4
DA:26,4
DA:27,4
DA:28,4
DA:29,4
DA:30,4
DA:31,4
DA:32,4
DA:33,4
DA:34,4
DA:35,4
DA:36,4
DA:37,4
DA:39,4
DA:41,1
LF:38
LH:38
BRDA:18,0,0,4
BRF:1
BRH:1
end_of_record
TN:
SF:src/components/AnnouncementsDropdown.tsx
FN:8,readLastSeenId
FN:14,writeLastSeenId
FN:18,AnnouncementsDropdown
FN:48,onClick
FN:66,toggleStar
FN:87,clearAll
FN:110,onClick
FN:152,onClick
FN:161,onClick
FN:190,onClick
FN:209,onClick
FNF:11
FNH:10
FNDA:3,readLastSeenId
FNDA:2,writeLastSeenId
FNDA:16,AnnouncementsDropdown
FNDA:9,onClick
FNDA:1,toggleStar
FNDA:1,clearAll
FNDA:2,onClick
FNDA:1,onClick
FNDA:0,onClick
FNDA:1,onClick
FNDA:1,onClick
DA:1,1
DA:2,1
DA:3,1
DA:6,1
DA:8,3
DA:9,3
DA:10,3
DA:11,3
DA:12,3
DA:14,2
DA:15,2
DA:16,2
DA:18,16
DA:19,16
DA:20,16
DA:21,16
DA:22,16
DA:23,16
DA:24,16
DA:25,16
DA:26,16
DA:28,16
DA:29,6
DA:30,6
DA:31,5
DA:32,6
DA:33,16
DA:35,16
DA:36,3
DA:37,16
DA:39,16
DA:40,14
DA:41,0
DA:42,0
DA:43,0
DA:44,14
DA:45,16
DA:47,16
DA:48,3
DA:49,9
DA:50,4
DA:51,4
DA:52,9
DA:53,3
DA:54,3
DA:55,16
DA:57,16
DA:58,11
DA:59,11
DA:60,11
DA:61,2
DA:62,2
DA:63,2
DA:64,16
DA:66,16
DA:67,1
DA:68,1
DA:69,1
DA:70,1
DA:71,1
DA:72,1
DA:73,1
DA:74,1
DA:75,0
DA:76,0
DA:77,0
DA:78,1
DA:79,1
DA:80,1
DA:81,1
DA:82,1
DA:83,1
DA:84,1
DA:85,1
DA:87,16
DA:88,1
DA:89,1
DA:90,1
DA:91,1
DA:92,1
DA:93,0
DA:94,0
DA:95,0
DA:96,1
DA:97,1
DA:98,1
DA:99,1
DA:100,1
DA:101,1
DA:103,16
DA:104,16
DA:106,16
DA:107,16
DA:108,16
DA:109,16
DA:110,16
DA:111,2
DA:112,2
DA:113,2
DA:114,2
DA:115,2
DA:116,2
DA:117,16
DA:118,16
DA:119,16
DA:121,16
DA:122,16
DA:123,16
DA:124,16
DA:125,16
DA:126,16
DA:127,16
DA:128,16
DA:129,16
DA:130,16
DA:132,16
DA:133,16
DA:134,16
DA:135,16
DA:136,2
DA:137,2
DA:138,2
DA:139,14
DA:140,16
DA:142,16
DA:143,11
DA:144,11
DA:145,11
DA:146,11
DA:147,11
DA:148,11
DA:149,11
DA:150,11
DA:151,11
DA:152,11
DA:153,11
DA:155,11
DA:156,0
DA:157,11
DA:158,11
DA:159,11
DA:160,11
DA:161,11
DA:162,11
DA:164,11
DA:165,11
DA:166,11
DA:167,11
DA:168,11
DA:169,0
DA:171,11
DA:172,11
DA:173,21
DA:174,21
DA:175,21
DA:176,21
DA:177,21
DA:179,21
DA:180,21
DA:181,21
DA:182,21
DA:183,21
DA:184,3
DA:185,18
DA:186,21
DA:187,21
DA:188,21
DA:189,21
DA:190,21
DA:192,21
DA:193,21
DA:194,21
DA:195,21
DA:196,21
DA:197,21
DA:198,21
DA:199,21
DA:200,21
DA:201,21
DA:203,21
DA:204,21
DA:205,21
DA:206,21
DA:207,21
DA:208,21
DA:209,21
DA:210,1
DA:211,1
DA:212,1
DA:213,21
DA:215,21
DA:216,21
DA:217,21
DA:218,21
DA:219,21
DA:220,21
DA:221,21
DA:222,21
DA:223,21
DA:224,21
DA:225,21
DA:226,21
DA:227,1
DA:228,1
DA:229,1
DA:230,20
DA:231,21
DA:233,11
DA:234,11
DA:236,11
DA:237,5
DA:238,16
DA:240,16
LF:213
LH:202
BRDA:8,0,0,3
BRDA:11,1,0,0
BRDA:14,2,0,2
BRDA:18,3,0,16
BRDA:135,4,0,5
BRDA:135,5,0,2
BRDA:137,6,0,0
BRDA:138,7,0,14
BRDA:142,8,0,11
BRDA:151,9,0,9
BRDA:155,10,0,0
BRDA:167,11,0,0
BRDA:168,12,0,0
BRDA:236,13,0,5
BRDA:28,14,0,6
BRDA:30,15,0,1
BRDA:30,16,0,5
BRDA:32,17,0,0
BRDA:35,18,0,3
BRDA:39,19,0,14
BRDA:47,20,0,3
BRDA:48,21,0,9
BRDA:49,22,0,4
BRDA:54,23,0,3
BRDA:57,24,0,11
BRDA:58,25,0,6
BRDA:58,26,0,5
BRDA:58,27,0,6
BRDA:59,28,0,0
BRDA:60,29,0,2
BRDA:66,30,0,1
BRDA:72,31,0,0
BRDA:74,32,0,0
BRDA:79,33,0,1
BRDA:80,34,0,2
BRDA:80,35,0,1
BRDA:80,36,0,1
BRDA:87,37,0,1
BRDA:92,38,0,0
BRDA:103,39,0,25
BRDA:104,40,0,25
BRDA:110,41,0,2
BRDA:111,42,0,2
BRDA:152,43,0,1
BRDA:172,44,0,21
BRDA:183,45,0,3
BRDA:184,46,0,18
BRDA:188,47,0,3
BRDA:188,48,0,18
BRDA:189,49,0,3
BRDA:189,50,0,18
BRDA:195,51,0,3
BRDA:195,52,0,18
BRDA:222,53,0,1
BRDA:222,54,0,20
BRDA:226,55,0,1
BRDA:229,56,0,20
BRDA:190,57,0,1
BRDA:209,58,0,1
BRDA:210,59,0,0
BRF:60
BRH:49
end_of_record
TN:
SF:src/components/InboxDropdown.tsx
FN:7,apiErrorMessage
FN:14,InboxDropdown
FN:45,onClick
FN:54,respond
FN:84,onClick
FN:120,onClick
FN:145,onClick
FN:153,onClick
FNF:8
FNH:7
FNDA:1,apiErrorMessage
FNDA:15,InboxDropdown
FNDA:9,onClick
FNDA:2,respond
FNDA:2,onClick
FNDA:0,onClick
FNDA:1,onClick
FNDA:1,onClick
DA:1,1
DA:2,1
DA:3,1
DA:4,1
DA:7,1
DA:8,1
DA:9,1
DA:10,1
DA:11,0
DA:12,0
DA:14,15
DA:15,15
DA:16,15
DA:17,15
DA:18,15
DA:19,15
DA:20,15
DA:21,15
DA:22,15
DA:24,15
DA:25,6
DA:26,6
DA:27,5
DA:28,6
DA:29,6
DA:30,15
DA:32,15
DA:33,3
DA:34,15
DA:36,15
DA:37,15
DA:38,0
DA:39,0
DA:40,0
DA:41,15
DA:42,15
DA:44,15
DA:45,3
DA:46,9
DA:47,5
DA:48,5
DA:49,9
DA:50,3
DA:51,3
DA:52,15
DA:54,15
DA:55,2
DA:56,2
DA:57,2
DA:58,2
DA:59,2
DA:60,2
DA:61,2
DA:62,2
DA:63,1
DA:64,1
DA:65,1
DA:66,1
DA:67,1
DA:68,1
DA:69,1
DA:70,1
DA:71,2
DA:72,0
DA:73,2
DA:74,2
DA:75,2
DA:76,2
DA:78,15
DA:80,15
DA:81,15
DA:82,15
DA:83,15
DA:84,15
DA:85,2
DA:86,2
DA:87,2
DA:88,15
DA:89,15
DA:90,15
DA:92,15
DA:93,15
DA:94,15
DA:95,15
DA:96,15
DA:97,15
DA:98,15
DA:99,15
DA:100,15
DA:101,15
DA:103,15
DA:104,15
DA:105,15
DA:106,15
DA:107,12
DA:108,12
DA:109,12
DA:110,3
DA:111,15
DA:113,15
DA:114,7
DA:115,7
DA:116,7
DA:117,7
DA:118,7
DA:119,7
DA:120,7
DA:121,7
DA:123,7
DA:124,7
DA:125,7
DA:126,7
DA:127,0
DA:129,7
DA:130,7
DA:131,7
DA:132,7
DA:133,7
DA:135,7
DA:136,7
DA:137,7
DA:138,7
DA:139,7
DA:140,7
DA:141,7
DA:142,7
DA:143,7
DA:144,7
DA:145,7
DA:146,7
DA:147,7
DA:149,7
DA:150,7
DA:151,7
DA:152,7
DA:153,7
DA:154,7
DA:155,7
DA:157,7
DA:158,7
DA:159,7
DA:160,7
DA:161,7
DA:163,7
DA:164,8
DA:165,15
DA:167,15
LF:147
LH:140
BRDA:7,0,0,1
BRDA:8,1,0,0
BRDA:10,2,0,0
BRDA:14,3,0,15
BRDA:106,4,0,12
BRDA:108,5,0,0
BRDA:109,6,0,3
BRDA:113,7,0,7
BRDA:125,8,0,1
BRDA:125,9,0,6
BRDA:126,10,0,0
BRDA:163,11,0,8
BRDA:24,12,0,6
BRDA:26,13,0,1
BRDA:26,14,0,5
BRDA:28,15,0,0
BRDA:29,16,0,0
BRDA:32,17,0,3
BRDA:36,18,0,15
BRDA:44,19,0,3
BRDA:45,20,0,9
BRDA:46,21,0,5
BRDA:51,22,0,3
BRDA:54,23,0,2
BRDA:62,24,0,1
BRDA:71,25,0,0
BRDA:73,26,0,1
BRDA:78,27,0,12
BRDA:84,28,0,2
BRDA:85,29,0,2
BRDA:130,30,0,7
BRDA:145,31,0,1
BRDA:153,32,0,1
BRF:33
BRH:26
end_of_record
TN:
SF:src/components/InvitePlayerModal.tsx
FN:12,apiErrorMessage
FN:19,InvitePlayerModal
FN:76,invitePlayer
FN:131,onChange
FN:163,onClick
FNF:5
FNH:5
FNDA:2,apiErrorMessage
FNDA:245,InvitePlayerModal
FNDA:5,invitePlayer
FNDA:21,onChange
FNDA:5,onClick
DA:1,1
DA:2,1
DA:12,2
DA:13,2
DA:14,2
DA:15,2
DA:16,1
DA:17,1
DA:19,245
DA:20,245
DA:21,245
DA:22,245
DA:23,245
DA:24,245
DA:25,245
DA:26,245
DA:27,245
DA:28,245
DA:29,245
DA:30,245
DA:31,245
DA:33,245
DA:34,38
DA:35,33
DA:36,33
DA:37,33
DA:38,33
DA:39,33
DA:40,245
DA:42,245
DA:43,60
DA:44,26
DA:45,57
DA:46,7
DA:47,7
DA:48,7
DA:50,19
DA:51,19
DA:52,7
DA:53,7
DA:54,7
DA:55,7
DA:56,0
DA:57,0
DA:58,0
DA:59,6
DA:60,6
DA:61,7
DA:62,1
DA:63,7
DA:64,7
DA:65,7
DA:66,19
DA:68,19
DA:69,19
DA:70,19
DA:71,19
DA:72,245
DA:74,245
DA:76,51
DA:77,5
DA:78,5
DA:79,5
DA:80,5
DA:81,5
DA:82,5
DA:83,5
DA:84,5
DA:85,5
DA:86,5
DA:87,2
DA:88,2
DA:89,2
DA:90,2
DA:91,2
DA:92,2
DA:93,2
DA:94,2
DA:95,5
DA:96,1
DA:97,5
DA:98,5
DA:99,5
DA:100,5
DA:102,51
DA:103,51
DA:104,51
DA:105,51
DA:106,51
DA:107,51
DA:108,51
DA:110,51
DA:111,51
DA:112,51
DA:113,51
DA:115,51
DA:116,51
DA:117,51
DA:118,51
DA:119,51
DA:120,51
DA:121,51
DA:123,51
DA:124,51
DA:126,51
DA:128,51
DA:129,51
DA:130,51
DA:131,51
DA:132,51
DA:133,51
DA:134,51
DA:135,51
DA:137,51
DA:138,5
DA:139,5
DA:140,5
DA:142,5
DA:143,5
DA:144,46
DA:146,245
DA:147,245
DA:148,245
DA:149,21
DA:150,30
DA:151,245
DA:152,15
DA:153,15
DA:154,15
DA:156,15
DA:157,15
DA:158,15
DA:159,15
DA:160,15
DA:161,15
DA:162,15
DA:163,15
DA:164,15
DA:166,15
DA:167,15
DA:168,15
DA:169,245
DA:170,245
DA:171,245
DA:172,245
DA:174,245
LF:146
LH:143
BRDA:12,0,0,2
BRDA:13,1,0,0
BRDA:15,2,0,1
BRDA:19,3,0,245
BRDA:74,4,0,194
BRDA:74,5,0,241
BRDA:74,6,0,51
BRDA:137,7,0,5
BRDA:139,8,0,3
BRDA:139,9,0,2
BRDA:143,10,0,46
BRDA:147,11,0,0
BRDA:147,12,0,51
BRDA:148,13,0,51
BRDA:148,14,0,36
BRDA:148,15,0,21
BRDA:149,16,0,30
BRDA:33,17,0,38
BRDA:34,18,0,33
BRDA:42,19,0,60
BRDA:43,20,0,34
BRDA:43,21,0,57
BRDA:43,22,0,26
BRDA:45,23,0,7
BRDA:48,24,0,19
BRDA:51,25,0,7
BRDA:54,26,0,6
BRDA:55,27,0,0
BRDA:58,28,0,6
BRDA:60,29,0,0
BRDA:61,30,0,1
BRDA:68,31,0,19
BRDA:76,32,0,5
BRDA:84,33,0,4
BRDA:85,34,0,4
BRDA:86,35,0,2
BRDA:95,36,0,1
BRDA:97,37,0,3
BRDA:131,38,0,21
BRDA:151,39,0,15
BRDA:166,40,0,5
BRDA:166,41,0,10
BRDA:163,42,0,5
BRF:43
BRH:39
end_of_record
TN:
SF:src/components/Navbar.tsx
FN:11,Navbar
FN:29,checkSession
FN:53,handleClickOutside
FN:66,handleSubmit
FN:107,handleLogout
FN:117,handleChange
FN:123,onClick
FN:138,onClick
FN:156,onMouseEnter
FN:159,onMouseLeave
FN:164,onClick
FN:175,onClick
FN:185,onClick
FN:195,onClick
FN:205,onClick
FN:219,onClick
FN:228,onClick
FN:234,onClick
FN:252,onClick
FN:301,onClick
FNF:20
FNH:20
FNDA:101,Navbar
FNDA:16,checkSession
FNDA:39,handleClickOutside
FNDA:6,handleSubmit
FNDA:1,handleLogout
FNDA:31,handleChange
FNDA:1,onClick
FNDA:1,onClick
FNDA:9,onMouseEnter
FNDA:4,onMouseLeave
FNDA:5,onClick
FNDA:1,onClick
FNDA:1,onClick
FNDA:1,onClick
FNDA:1,onClick
FNDA:1,onClick
FNDA:1,onClick
FNDA:1,onClick
FNDA:4,onClick
FNDA:3,onClick
DA:1,1
DA:2,1
DA:3,1
DA:4,1
DA:5,1
DA:7,1
DA:8,1
DA:9,1
DA:11,1
DA:12,101
DA:13,101
DA:14,101
DA:15,101
DA:16,101
DA:17,101
DA:18,101
DA:19,101
DA:21,101
DA:22,101
DA:23,101
DA:24,101
DA:25,101
DA:26,101
DA:28,101
DA:29,16
DA:30,16
DA:31,16
DA:32,16
DA:33,1
DA:34,1
DA:35,12
DA:36,10
DA:37,10
DA:38,16
DA:39,5
DA:40,5
DA:41,16
DA:42,16
DA:43,101
DA:45,101
DA:46,16
DA:47,1
DA:48,1
DA:49,1
DA:50,101
DA:52,101
DA:53,16
DA:54,39
DA:55,30
DA:56,30
DA:57,30
DA:58,39
DA:59,12
DA:60,12
DA:61,39
DA:62,16
DA:63,16
DA:64,101
DA:66,101
DA:67,6
DA:68,6
DA:69,1
DA:70,1
DA:71,1
DA:73,6
DA:74,6
DA:75,0
DA:76,5
DA:78,6
DA:79,6
DA:80,6
DA:81,6
DA:82,6
DA:84,6
DA:85,1
DA:86,1
DA:87,1
DA:88,1
DA:89,6
DA:90,4
DA:91,4
DA:92,4
DA:93,4
DA:94,2
DA:95,1
DA:96,1
DA:97,4
DA:98,1
DA:99,1
DA:100,4
DA:102,1
DA:103,4
DA:104,4
DA:105,6
DA:107,101
DA:108,1
DA:109,1
DA:110,1
DA:111,1
DA:112,1
DA:113,1
DA:114,1
DA:115,1
DA:117,101
DA:118,31
DA:119,31
DA:121,101
DA:122,101
DA:123,101
DA:124,101
DA:125,101
DA:126,101
DA:127,101
DA:128,101
DA:129,101
DA:131,101
DA:132,101
DA:133,101
DA:134,1
DA:135,1
DA:136,1
DA:137,1
DA:138,1
DA:139,1
DA:141,1
DA:142,1
DA:143,1
DA:145,100
DA:147,101
DA:149,101
DA:150,101
DA:153,101
DA:154,101
DA:155,101
DA:156,101
DA:157,9
DA:158,9
DA:159,101
DA:160,4
DA:161,4
DA:163,101
DA:164,101
DA:165,5
DA:166,5
DA:167,5
DA:168,101
DA:169,101
DA:171,101
DA:172,101
DA:173,19
DA:174,19
DA:175,19
DA:176,1
DA:177,1
DA:178,1
DA:179,1
DA:180,19
DA:181,19
DA:183,19
DA:184,19
DA:185,19
DA:186,1
DA:187,1
DA:188,1
DA:189,1
DA:190,19
DA:191,19
DA:193,19
DA:194,19
DA:195,19
DA:196,1
DA:197,1
DA:198,1
DA:199,1
DA:200,19
DA:201,19
DA:203,19
DA:204,19
DA:205,19
DA:206,1
DA:207,1
DA:208,1
DA:209,1
DA:210,19
DA:211,19
DA:213,19
DA:214,19
DA:216,101
DA:218,101
DA:219,101
DA:220,101
DA:221,101
DA:223,101
DA:225,101
DA:226,1
DA:227,1
DA:228,1
DA:229,1
DA:230,1
DA:232,1
DA:233,1
DA:234,1
DA:235,1
DA:236,1
DA:238,1
DA:239,1
DA:242,101
DA:243,1
DA:244,1
DA:245,1
DA:246,1
DA:248,1
DA:250,100
DA:251,100
DA:252,100
DA:253,100
DA:255,100
DA:256,100
DA:258,100
DA:259,56
DA:260,56
DA:261,56
DA:262,56
DA:263,56
DA:264,56
DA:265,56
DA:266,56
DA:267,56
DA:268,56
DA:269,56
DA:270,56
DA:271,56
DA:272,56
DA:273,56
DA:274,56
DA:275,56
DA:276,56
DA:277,19
DA:278,19
DA:279,19
DA:280,19
DA:281,19
DA:282,19
DA:283,19
DA:284,19
DA:285,19
DA:286,19
DA:287,19
DA:288,19
DA:289,19
DA:290,19
DA:291,19
DA:292,19
DA:293,19
DA:294,19
DA:296,56
DA:298,56
DA:299,56
DA:300,56
DA:301,56
DA:302,56
DA:304,56
DA:305,56
DA:306,56
DA:308,100
DA:310,101
DA:311,101
DA:313,101
DA:315,1
LF:269
LH:268
BRDA:11,0,0,101
BRDA:133,1,0,1
BRDA:143,2,0,100
BRDA:149,3,0,1
BRDA:149,4,0,100
BRDA:150,5,0,1
BRDA:150,6,0,100
BRDA:172,7,0,19
BRDA:225,8,0,1
BRDA:225,9,0,1
BRDA:242,10,0,1
BRDA:248,11,0,100
BRDA:255,12,0,19
BRDA:255,13,0,81
BRDA:258,14,0,56
BRDA:276,15,0,19
BRDA:304,16,0,19
BRDA:304,17,0,37
BRDA:28,18,0,16
BRDA:29,19,0,16
BRDA:31,20,0,11
BRDA:32,21,0,12
BRDA:32,22,0,1
BRDA:35,23,0,10
BRDA:38,24,0,5
BRDA:45,25,0,16
BRDA:46,26,0,1
BRDA:46,27,0,15
BRDA:46,28,0,1
BRDA:52,29,0,16
BRDA:53,30,0,39
BRDA:54,31,0,30
BRDA:58,32,0,35
BRDA:58,33,0,12
BRDA:63,34,0,16
BRDA:66,35,0,6
BRDA:68,36,0,1
BRDA:68,37,0,1
BRDA:71,38,0,5
BRDA:73,39,0,0
BRDA:73,40,0,5
BRDA:74,41,0,0
BRDA:75,42,0,5
BRDA:82,43,0,5
BRDA:84,44,0,1
BRDA:89,45,0,4
BRDA:90,46,0,0
BRDA:92,47,0,3
BRDA:93,48,0,2
BRDA:94,49,0,1
BRDA:95,50,0,1
BRDA:97,51,0,1
BRDA:100,52,0,1
BRDA:107,53,0,1
BRDA:117,54,0,31
BRDA:123,55,0,1
BRDA:138,56,0,1
BRDA:156,57,0,9
BRDA:157,58,0,5
BRDA:159,59,0,4
BRDA:160,60,0,0
BRDA:164,61,0,5
BRDA:175,62,0,1
BRDA:185,63,0,1
BRDA:195,64,0,1
BRDA:205,65,0,1
BRDA:219,66,0,1
BRDA:228,67,0,1
BRDA:234,68,0,1
BRDA:252,69,0,4
BRDA:301,70,0,3
BRF:71
BRH:67
end_of_record
TN:
SF:src/components/units/UnitIdleSprite.tsx
FN:12,loadImageElement
FN:20,finish
FN:26,img.onload
FN:27,img.onerror
FN:36,imageExists
FN:40,UnitIdleSprite
FN:58,drawSpriteOutline
FN:92,loadAnimFromPath
FN:146,loadAssets
FN:172,computeVerticalShift
FN:207,draw
FN:251,maybeStart
FN:260,spriteImage.onload
FNF:13
FNH:12
FNDA:22,loadImageElement
FNDA:37,finish
FNDA:15,img.onload
FNDA:3,img.onerror
FNDA:11,imageExists
FNDA:24,UnitIdleSprite
FNDA:1,drawSpriteOutline
FNDA:11,loadAnimFromPath
FNDA:9,loadAssets
FNDA:4,computeVerticalShift
FNDA:7,draw
FNDA:7,maybeStart
FNDA:0,spriteImage.onload
DA:1,1
DA:2,1
DA:12,22
DA:13,22
DA:14,22
DA:15,22
DA:16,22
DA:17,22
DA:19,22
DA:20,22
DA:21,37
DA:22,21
DA:23,21
DA:24,37
DA:26,22
DA:27,22
DA:28,22
DA:30,22
DA:31,19
DA:32,19
DA:33,22
DA:34,22
DA:36,11
DA:37,11
DA:38,11
DA:40,24
DA:41,24
DA:42,24
DA:43,24
DA:44,24
DA:45,24
DA:46,24
DA:47,24
DA:48,24
DA:49,24
DA:50,24
DA:51,24
DA:52,24
DA:53,24
DA:55,24
DA:56,24
DA:58,24
DA:59,1
DA:60,1
DA:61,1
DA:62,1
DA:63,1
DA:64,1
DA:65,1
DA:66,1
DA:67,1
DA:68,48
DA:69,1152
DA:70,1152
DA:72,1151
DA:73,1151
DA:74,1103
DA:75,1080
DA:76,1033
DA:77,1011
DA:78,1010
DA:79,1009
DA:80,1008
DA:82,1152
DA:83,144
DA:84,144
DA:85,1152
DA:86,48
DA:87,1
DA:89,24
DA:90,9
DA:92,9
DA:93,11
DA:94,10
DA:96,7
DA:97,10
DA:99,7
DA:100,7
DA:101,7
DA:102,7
DA:103,10
DA:105,7
DA:106,7
DA:107,7
DA:109,10
DA:110,1
DA:111,1
DA:112,1
DA:114,10
DA:116,11
DA:117,11
DA:118,11
DA:119,8
DA:120,11
DA:122,11
DA:124,7
DA:125,10
DA:126,7
DA:127,11
DA:129,11
DA:130,11
DA:131,11
DA:133,7
DA:135,10
DA:136,4
DA:137,4
DA:138,4
DA:139,4
DA:140,4
DA:141,4
DA:143,7
DA:144,11
DA:146,9
DA:147,9
DA:148,9
DA:149,9
DA:151,9
DA:152,9
DA:153,0
DA:154,9
DA:155,9
DA:156,9
DA:157,9
DA:159,9
DA:160,9
DA:161,2
DA:162,2
DA:163,9
DA:165,9
DA:167,9
DA:168,9
DA:169,9
DA:170,24
DA:172,24
DA:173,4
DA:174,4
DA:175,4
DA:176,4
DA:177,4
DA:178,4
DA:180,4
DA:181,4
DA:182,145
DA:183,3457
DA:184,1
DA:185,1
DA:186,1
DA:187,3457
DA:188,145
DA:189,145
DA:191,4
DA:192,4
DA:194,24
DA:195,24
DA:196,24
DA:197,24
DA:199,24
DA:200,24
DA:201,24
DA:203,7
DA:204,7
DA:205,7
DA:207,7
DA:208,7
DA:210,7
DA:211,7
DA:212,7
DA:214,7
DA:215,3
DA:216,3
DA:218,7
DA:219,1
DA:220,1
DA:221,1
DA:222,1
DA:223,1
DA:224,1
DA:225,7
DA:226,6
DA:228,6
DA:229,1
DA:230,1
DA:231,1
DA:232,1
DA:233,1
DA:235,1
DA:236,1
DA:237,1
DA:238,6
DA:240,7
DA:242,7
DA:243,7
DA:244,0
DA:245,0
DA:246,0
DA:248,7
DA:249,7
DA:251,7
DA:252,7
DA:253,7
DA:254,7
DA:255,7
DA:257,7
DA:258,7
DA:259,23
DA:260,0
DA:261,0
DA:263,7
DA:264,24
DA:266,24
DA:268,24
DA:269,15
DA:270,15
DA:271,15
DA:272,15
DA:273,15
DA:274,15
DA:275,15
DA:276,15
DA:278,15
DA:279,15
DA:280,15
DA:281,15
DA:282,15
DA:283,15
DA:284,15
DA:285,15
DA:286,15
DA:287,15
DA:288,15
DA:289,15
DA:290,15
DA:291,15
DA:292,15
DA:293,15
DA:295,9
DA:296,9
DA:297,9
DA:298,9
DA:299,9
DA:300,9
DA:301,9
DA:302,9
DA:303,9
DA:304,9
DA:306,24
LF:246
LH:240
BRDA:12,0,0,22
BRDA:13,1,0,22
BRDA:30,2,0,19
BRDA:31,3,0,18
BRDA:31,4,0,1
BRDA:20,5,0,37
BRDA:21,6,0,16
BRDA:21,7,0,21
BRDA:26,8,0,15
BRDA:27,9,0,3
BRDA:36,10,0,11
BRDA:37,11,0,10
BRDA:40,12,0,24
BRDA:268,13,0,15
BRDA:293,14,0,9
BRDA:58,15,0,1
BRDA:67,16,0,48
BRDA:68,17,0,1152
BRDA:70,18,0,1
BRDA:70,19,0,1151
BRDA:73,20,0,1103
BRDA:74,21,0,1080
BRDA:75,22,0,1033
BRDA:76,23,0,1011
BRDA:77,24,0,1010
BRDA:78,25,0,1009
BRDA:79,26,0,1008
BRDA:82,27,0,144
BRDA:89,28,0,9
BRDA:92,29,0,11
BRDA:93,30,0,10
BRDA:94,31,0,3
BRDA:94,32,0,7
BRDA:97,33,0,0
BRDA:97,34,0,7
BRDA:103,35,0,0
BRDA:103,36,0,7
BRDA:109,37,0,1
BRDA:112,38,0,7
BRDA:114,39,0,0
BRDA:114,40,0,7
BRDA:116,41,0,0
BRDA:117,42,0,7
BRDA:117,43,0,0
BRDA:122,44,0,10
BRDA:122,45,0,0
BRDA:122,46,0,7
BRDA:125,47,0,1
BRDA:125,48,0,7
BRDA:127,49,0,1
BRDA:127,50,0,6
BRDA:129,51,0,1
BRDA:129,52,0,6
BRDA:130,53,0,7
BRDA:131,54,0,10
BRDA:131,55,0,0
BRDA:131,56,0,7
BRDA:135,57,0,4
BRDA:141,58,0,7
BRDA:106,59,0,7
BRDA:110,60,0,1
BRDA:118,61,0,8
BRDA:119,62,0,0
BRDA:146,63,0,9
BRDA:152,64,0,0
BRDA:154,65,0,0
BRDA:159,66,0,8
BRDA:160,67,0,2
BRDA:160,68,0,2
BRDA:167,69,0,9
BRDA:172,70,0,4
BRDA:181,71,0,145
BRDA:182,72,0,3457
BRDA:183,73,0,1
BRDA:188,74,0,1
BRDA:194,75,0,24
BRDA:201,76,0,7
BRDA:201,77,0,17
BRDA:201,78,0,23
BRDA:201,79,0,7
BRDA:259,80,0,0
BRDA:261,81,0,7
BRDA:207,82,0,7
BRDA:214,83,0,4
BRDA:214,84,0,4
BRDA:214,85,0,3
BRDA:218,86,0,1
BRDA:218,87,0,1
BRDA:225,88,0,6
BRDA:228,89,0,1
BRDA:243,90,0,0
BRDA:251,91,0,7
BRDA:263,92,0,7
BRF:93
BRH:81
end_of_record
TN:
SF:src/components/units/UnitPortrait.tsx
FN:10,UnitPortrait
FN:24,testImage
FN:28,finish
FN:34,img.onload
FN:35,img.onerror
FN:44,loadPortrait
FN:79,onLoad
FNF:7
FNH:7
FNDA:8,UnitPortrait
FNDA:6,testImage
FNDA:8,finish
FNDA:3,img.onload
FNDA:3,img.onerror
FNDA:4,loadPortrait
FNDA:1,onLoad
DA:1,1
DA:10,8
DA:11,8
DA:12,8
DA:13,8
DA:15,8
DA:16,4
DA:17,4
DA:18,0
DA:19,4
DA:20,4
DA:21,4
DA:22,4
DA:24,4
DA:25,6
DA:26,6
DA:27,6
DA:28,6
DA:29,8
DA:30,6
DA:31,6
DA:32,8
DA:34,6
DA:35,6
DA:36,6
DA:38,6
DA:39,2
DA:40,2
DA:41,6
DA:42,6
DA:44,4
DA:45,4
DA:46,4
DA:47,2
DA:48,2
DA:49,2
DA:50,2
DA:51,1
DA:52,1
DA:53,1
DA:54,1
DA:55,2
DA:56,4
DA:58,4
DA:59,8
DA:61,8
DA:62,8
DA:63,1
DA:64,8
DA:66,8
DA:67,8
DA:68,8
DA:69,8
DA:70,8
DA:71,8
DA:72,8
DA:74,8
DA:75,4
DA:76,4
DA:77,4
DA:78,4
DA:79,4
DA:80,1
DA:81,1
DA:82,1
DA:83,1
DA:84,4
DA:86,4
DA:88,8
LF:69
LH:68
BRDA:10,0,0,8
BRDA:62,1,0,1
BRDA:64,2,0,1
BRDA:64,3,0,7
BRDA:74,4,0,4
BRDA:84,5,0,4
BRDA:15,6,0,4
BRDA:17,7,0,0
BRDA:19,8,0,0
BRDA:24,9,0,6
BRDA:25,10,0,6
BRDA:38,11,0,2
BRDA:28,12,0,8
BRDA:29,13,0,2
BRDA:29,14,0,6
BRDA:34,15,0,3
BRDA:35,16,0,3
BRDA:44,17,0,4
BRDA:46,18,0,2
BRDA:50,19,0,1
BRDA:79,20,0,1
BRDA:81,21,0,0
BRDA:82,22,0,0
BRF:23
BRH:19
end_of_record
TN:
SF:src/content/gameGuide.ts
FNF:0
FNH:0
DA:13,1
DA:14,1
DA:15,1
DA:16,1
DA:17,1
DA:18,1
DA:19,1
DA:20,1
DA:21,1
DA:22,1
DA:23,1
DA:24,1
DA:25,1
DA:26,1
DA:27,1
DA:28,1
DA:29,1
DA:30,1
DA:31,1
DA:32,1
DA:33,1
DA:34,1
DA:35,1
DA:36,1
DA:37,1
DA:38,1
DA:39,1
DA:40,1
DA:41,1
DA:42,1
DA:43,1
DA:44,1
DA:46,1
DA:47,1
DA:48,1
DA:49,1
DA:50,1
DA:51,1
DA:52,1
DA:53,1
DA:54,1
DA:55,1
DA:56,1
DA:57,1
DA:58,1
DA:59,1
DA:60,1
DA:61,1
DA:62,1
DA:63,1
DA:65,1
DA:66,1
DA:67,1
DA:68,1
DA:69,1
DA:70,1
DA:71,1
DA:72,1
DA:73,1
DA:74,1
DA:75,1
DA:76,1
DA:77,1
DA:78,1
DA:79,1
DA:80,1
DA:81,1
DA:82,1
DA:83,1
DA:84,1
DA:85,1
DA:86,1
DA:87,1
DA:88,1
DA:89,1
DA:90,1
DA:91,1
DA:92,1
DA:93,1
DA:94,1
DA:95,1
DA:96,1
DA:97,1
DA:98,1
DA:99,1
DA:100,1
DA:102,1
DA:103,1
DA:104,1
DA:105,1
DA:106,1
DA:107,1
DA:108,1
DA:109,1
DA:110,1
DA:111,1
DA:112,1
DA:113,1
DA:114,1
DA:115,1
DA:116,1
DA:117,1
DA:118,1
DA:119,1
DA:120,1
DA:121,1
DA:122,1
DA:123,1
DA:124,1
DA:125,1
DA:126,1
DA:127,1
DA:128,1
DA:129,1
DA:130,1
DA:131,1
DA:132,1
DA:133,1
DA:134,1
DA:135,1
DA:136,1
DA:137,1
DA:138,1
DA:139,1
DA:140,1
DA:141,1
DA:142,1
DA:143,1
DA:144,1
DA:145,1
DA:146,1
DA:147,1
DA:148,1
DA:149,1
DA:151,1
DA:152,1
DA:153,1
DA:154,1
DA:155,1
DA:156,1
DA:157,1
DA:158,1
DA:159,1
DA:160,1
DA:161,1
DA:162,1
DA:163,1
DA:164,1
DA:165,1
DA:166,1
DA:167,1
DA:168,1
DA:169,1
DA:170,1
DA:171,1
DA:172,1
DA:173,1
DA:174,1
DA:175,1
DA:176,1
DA:177,1
DA:178,1
DA:200,1
DA:201,1
DA:202,1
DA:203,1
DA:204,1
DA:205,1
DA:206,1
DA:207,1
DA:208,1
DA:209,1
DA:210,1
DA:211,1
DA:212,1
DA:213,1
DA:214,1
DA:215,1
DA:216,1
DA:217,1
DA:218,1
DA:219,1
DA:220,1
DA:221,1
DA:222,1
DA:223,1
DA:224,1
DA:225,1
DA:226,1
DA:227,1
DA:228,1
DA:229,1
DA:230,1
DA:231,1
DA:232,1
DA:233,1
DA:234,1
DA:235,1
DA:236,1
DA:237,1
DA:238,1
DA:239,1
DA:240,1
DA:241,1
DA:242,1
DA:243,1
DA:244,1
DA:245,1
DA:246,1
DA:247,1
DA:248,1
DA:249,1
DA:250,1
DA:251,1
DA:252,1
DA:253,1
DA:254,1
DA:255,1
DA:256,1
DA:257,1
DA:258,1
DA:259,1
DA:260,1
DA:261,1
DA:262,1
DA:264,1
DA:265,1
DA:266,1
DA:267,1
DA:268,1
DA:269,1
DA:270,1
DA:271,1
DA:272,1
DA:273,1
DA:274,1
DA:275,1
DA:276,1
DA:277,1
DA:278,1
DA:279,1
DA:280,1
DA:281,1
DA:282,1
DA:283,1
DA:284,1
DA:285,1
DA:286,1
DA:288,1
DA:289,1
DA:290,1
DA:291,1
DA:292,1
DA:293,1
DA:294,1
DA:297,1
DA:298,1
DA:299,1
DA:300,1
LF:259
LH:259
BRDA:298,0,0,15
BRF:1
BRH:1
end_of_record
TN:
SF:src/hooks/useMapDisplayScale.ts
FN:4,useMapDisplayScale
FN:8,update
FNF:2
FNH:2
FNDA:267,useMapDisplayScale
FNDA:65,update
DA:1,1
DA:2,1
DA:4,1
DA:5,267
DA:7,267
DA:8,64
DA:9,65
DA:10,65
DA:11,65
DA:13,64
DA:14,64
DA:15,64
DA:16,267
DA:18,267
DA:19,267
LF:15
LH:15
BRDA:4,0,0,267
BRDA:7,1,0,64
BRDA:8,2,0,65
BRDA:15,3,0,64
BRF:4
BRH:4
end_of_record
TN:
SF:src/hooks/useMapItemRenderer.ts
FN:8,useMapItemRenderer
FN:24,draw
FN:86,pending
FN:105,onDone
FNF:4
FNH:4
FNDA:9,useMapItemRenderer
FNDA:7,draw
FNDA:5,pending
FNDA:3,onDone
DA:1,1
DA:2,1
DA:3,1
DA:4,1
DA:6,1
DA:8,1
DA:9,9
DA:10,9
DA:11,9
DA:12,9
DA:13,9
DA:14,9
DA:15,9
DA:17,9
DA:18,9
DA:19,8
DA:20,9
DA:22,7
DA:24,7
DA:25,7
DA:27,7
DA:28,7
DA:29,7
DA:31,7
DA:32,7
DA:33,7
DA:34,7
DA:36,7
DA:38,7
DA:39,22
DA:40,22
DA:41,22
DA:42,86
DA:43,86
DA:45,5
DA:46,5
DA:47,0
DA:48,5
DA:49,86
DA:51,3
DA:52,86
DA:54,2
DA:55,2
DA:56,2
DA:57,2
DA:58,2
DA:59,2
DA:60,2
DA:61,2
DA:62,2
DA:63,2
DA:64,2
DA:65,2
DA:66,21
DA:67,7
DA:69,7
DA:70,7
DA:71,7
DA:72,22
DA:73,22
DA:74,86
DA:75,5
DA:76,5
DA:77,0
DA:78,5
DA:79,86
DA:80,86
DA:81,21
DA:82,7
DA:84,9
DA:85,5
DA:86,5
DA:87,5
DA:88,5
DA:89,5
DA:91,2
DA:93,5
DA:94,3
DA:95,3
DA:97,3
DA:98,3
DA:99,3
DA:100,3
DA:101,3
DA:103,3
DA:104,3
DA:105,3
DA:106,3
DA:107,3
DA:108,3
DA:109,3
DA:110,3
DA:111,3
DA:112,3
DA:114,5
DA:116,2
DA:117,2
DA:118,2
DA:119,9
DA:120,9
LF:100
LH:98
BRDA:8,0,0,9
BRDA:17,1,0,9
BRDA:18,2,0,1
BRDA:18,3,0,8
BRDA:20,4,0,7
BRDA:20,5,0,7
BRDA:20,6,0,1
BRDA:20,7,0,7
BRDA:71,8,0,22
BRDA:72,9,0,1
BRDA:72,10,0,21
BRDA:73,11,0,86
BRDA:74,12,0,81
BRDA:74,13,0,7
BRDA:74,14,0,5
BRDA:76,15,0,0
BRDA:77,16,0,5
BRDA:79,17,0,3
BRDA:80,18,0,21
BRDA:84,19,0,5
BRDA:89,20,0,2
BRDA:93,21,0,3
BRDA:95,22,0,0
BRDA:95,23,0,0
BRDA:95,24,0,0
BRDA:111,25,0,0
BRDA:112,26,0,2
BRDA:114,27,0,0
BRDA:114,28,0,2
BRDA:24,29,0,7
BRDA:25,30,0,0
BRDA:29,31,0,0
BRDA:36,32,0,0
BRDA:38,33,0,22
BRDA:40,34,0,1
BRDA:40,35,0,21
BRDA:41,36,0,86
BRDA:43,37,0,81
BRDA:43,38,0,7
BRDA:43,39,0,5
BRDA:46,40,0,0
BRDA:47,41,0,5
BRDA:49,42,0,7
BRDA:49,43,0,2
BRDA:49,44,0,3
BRDA:52,45,0,2
BRDA:52,46,0,7
BRDA:52,47,0,1
BRDA:52,48,0,2
BRDA:65,49,0,21
BRDA:86,50,0,5
BRDA:105,51,0,3
BRDA:107,52,0,2
BRDA:116,53,0,2
BRF:54
BRH:44
end_of_record
TN:
SF:src/hooks/useMapObjectiveRenderer.ts
FN:22,resolveObjectiveOverlayColor
FN:51,useMapObjectiveRenderer
FN:68,draw
FN:147,pending
FN:170,onDone
FNF:5
FNH:5
FNDA:4,resolveObjectiveOverlayColor
FNDA:10,useMapObjectiveRenderer
FNDA:4,draw
FNDA:1,pending
FNDA:4,onDone
DA:1,1
DA:2,1
DA:7,1
DA:8,1
DA:11,1
DA:12,1
DA:13,1
DA:14,1
DA:15,1
DA:16,1
DA:17,1
DA:18,1
DA:19,1
DA:20,1
DA:22,4
DA:23,4
DA:24,4
DA:25,4
DA:26,4
DA:27,4
DA:28,3
DA:29,4
DA:30,3
DA:31,3
DA:32,3
DA:33,4
DA:34,4
DA:51,1
DA:52,10
DA:53,10
DA:54,10
DA:55,10
DA:56,10
DA:57,10
DA:58,10
DA:59,10
DA:61,10
DA:62,10
DA:63,6
DA:64,10
DA:66,5
DA:68,5
DA:69,4
DA:71,4
DA:72,4
DA:73,4
DA:75,4
DA:76,4
DA:77,4
DA:78,4
DA:80,4
DA:82,4
DA:83,4
DA:84,4
DA:85,4
DA:86,5
DA:87,5
DA:89,4
DA:90,4
DA:91,4
DA:93,4
DA:95,5
DA:96,5
DA:97,5
DA:98,4
DA:99,4
DA:100,4
DA:101,4
DA:102,4
DA:103,4
DA:104,4
DA:105,4
DA:106,4
DA:107,4
DA:108,4
DA:109,4
DA:110,4
DA:111,4
DA:113,5
DA:114,5
DA:115,1
DA:116,1
DA:117,1
DA:118,1
DA:120,5
DA:121,5
DA:122,5
DA:123,5
DA:124,5
DA:125,5
DA:126,5
DA:127,5
DA:128,5
DA:129,5
DA:130,5
DA:131,3
DA:132,4
DA:134,5
DA:135,5
DA:136,5
DA:137,5
DA:138,5
DA:139,6
DA:140,6
DA:141,6
DA:142,4
DA:143,5
DA:145,10
DA:146,1
DA:147,1
DA:148,1
DA:149,1
DA:150,1
DA:152,4
DA:153,4
DA:154,4
DA:155,4
DA:156,4
DA:158,7
DA:159,5
DA:160,5
DA:162,5
DA:163,5
DA:164,5
DA:165,5
DA:166,5
DA:168,5
DA:169,5
DA:170,5
DA:171,4
DA:172,4
DA:173,4
DA:174,5
DA:175,5
DA:176,5
DA:177,5
DA:179,10
DA:181,4
DA:182,4
DA:183,4
DA:184,10
DA:185,10
DA:186,10
DA:187,10
DA:188,10
DA:189,10
DA:190,10
DA:191,10
DA:192,10
DA:193,10
LF:150
LH:150
BRDA:22,0,0,4
BRDA:27,1,0,1
BRDA:27,2,0,3
BRDA:29,3,0,3
BRDA:31,4,0,1
BRDA:32,5,0,2
BRDA:33,6,0,0
BRDA:51,7,0,10
BRDA:61,8,0,10
BRDA:62,9,0,4
BRDA:62,10,0,7
BRDA:62,11,0,6
BRDA:64,12,0,5
BRDA:64,13,0,5
BRDA:64,14,0,1
BRDA:64,15,0,5
BRDA:137,16,0,1
BRDA:137,17,0,4
BRDA:138,18,0,6
BRDA:139,19,0,1
BRDA:139,20,0,5
BRDA:140,21,0,1
BRDA:140,22,0,4
BRDA:141,23,0,4
BRDA:145,24,0,1
BRDA:150,25,0,7
BRDA:150,26,0,4
BRDA:158,27,0,5
BRDA:160,28,0,0
BRDA:160,29,0,0
BRDA:160,30,0,0
BRDA:176,31,0,0
BRDA:177,32,0,4
BRDA:179,33,0,0
BRDA:179,34,0,4
BRDA:68,35,0,4
BRDA:69,36,0,0
BRDA:73,37,0,0
BRDA:80,38,0,1
BRDA:80,39,0,3
BRDA:84,40,0,1
BRDA:84,41,0,3
BRDA:85,42,0,5
BRDA:87,43,0,1
BRDA:87,44,0,4
BRDA:95,45,0,1
BRDA:95,46,0,3
BRDA:97,47,0,4
BRDA:97,48,0,4
BRDA:97,49,0,4
BRDA:113,50,0,2
BRDA:113,51,0,1
BRDA:114,52,0,1
BRDA:118,53,0,4
BRDA:120,54,0,1
BRDA:121,55,0,0
BRDA:128,56,0,2
BRDA:128,57,0,2
BRDA:130,58,0,3
BRDA:147,59,0,1
BRDA:170,60,0,4
BRDA:172,61,0,3
BRDA:181,62,0,4
BRF:63
BRH:54
end_of_record
TN:
SF:src/hooks/useMapRenderer.ts
FN:4,useMapRenderer
FNF:1
FNH:1
FNDA:6,useMapRenderer
DA:1,1
DA:2,1
DA:4,1
DA:5,6
DA:6,6
DA:7,6
DA:8,6
DA:9,6
DA:10,6
DA:11,6
DA:13,1
DA:14,1
DA:15,1
DA:16,1
DA:17,1
DA:18,1
DA:19,1
DA:20,1
DA:21,1
DA:22,1
DA:23,1
DA:24,6
DA:25,6
LF:23
LH:23
BRDA:4,0,0,6
BRDA:9,1,0,6
BRDA:11,2,0,5
BRDA:11,3,0,1
BRDA:11,4,0,5
BRDA:11,5,0,1
BRF:6
BRH:6
end_of_record
TN:
SF:src/hooks/useOverlay2Renderer.ts
FN:16,useOverlay2Renderer
FNF:1
FNH:1
FNDA:7,useOverlay2Renderer
DA:1,1
DA:2,1
DA:16,1
DA:17,7
DA:18,7
DA:19,7
DA:20,7
DA:21,6
DA:22,6
DA:24,1
DA:25,7
DA:26,7
LF:12
LH:12
BRDA:16,0,0,7
BRDA:20,1,0,6
BRDA:22,2,0,3
BRDA:22,3,0,1
BRDA:22,4,0,5
BRDA:22,5,0,1
BRF:6
BRH:6
end_of_record
TN:
SF:src/hooks/useOverlay3Renderer.ts
FN:16,useOverlay3Renderer
FNF:1
FNH:1
FNDA:6,useOverlay3Renderer
DA:1,1
DA:2,1
DA:16,1
DA:17,6
DA:18,6
DA:19,6
DA:20,6
DA:21,5
DA:22,5
DA:24,1
DA:25,6
DA:26,6
LF:12
LH:12
BRDA:16,0,0,6
BRDA:20,1,0,5
BRDA:22,2,0,2
BRDA:22,3,0,1
BRDA:22,4,0,4
BRDA:22,5,0,1
BRF:6
BRH:6
end_of_record
TN:
SF:src/pages/GameGuide.tsx
FN:9,GuideBlock
FN:39,CreditName
FN:55,CreditsBlock
FN:90,GameGuide
FNF:4
FNH:4
FNDA:5,GuideBlock
FNDA:60,CreditName
FNDA:1,CreditsBlock
FNDA:1,GameGuide
DA:1,1
DA:9,5
DA:10,5
DA:11,5
DA:12,5
DA:13,5
DA:14,5
DA:19,5
DA:20,5
DA:21,5
DA:22,5
DA:23,5
DA:24,5
DA:25,5
DA:26,31
DA:27,31
DA:28,31
DA:30,31
DA:31,31
DA:32,31
DA:33,5
DA:34,5
DA:35,5
DA:37,5
DA:39,60
DA:40,60
DA:41,32
DA:42,32
DA:43,28
DA:44,28
DA:45,28
DA:46,28
DA:47,28
DA:48,28
DA:50,28
DA:51,28
DA:53,28
DA:55,1
DA:56,1
DA:57,1
DA:58,1
DA:59,1
DA:60,1
DA:61,1
DA:62,4
DA:63,4
DA:64,4
DA:66,4
DA:67,4
DA:68,1
DA:70,4
DA:71,3
DA:72,3
DA:73,60
DA:74,60
DA:75,60
DA:76,3
DA:77,3
DA:79,4
DA:80,1
DA:81,1
DA:82,1
DA:83,1
DA:84,1
DA:85,1
DA:86,1
DA:88,1
DA:90,1
DA:91,1
DA:92,1
DA:93,1
DA:94,1
DA:95,1
DA:96,1
DA:99,1
DA:100,1
DA:102,1
DA:103,1
DA:104,1
DA:106,1
DA:107,1
DA:108,1
DA:109,6
DA:110,6
DA:111,6
DA:112,6
DA:114,6
DA:115,6
DA:116,6
DA:117,1
DA:118,1
DA:119,1
DA:121,1
DA:122,1
DA:123,5
DA:124,1
DA:125,1
DA:126,1
DA:127,1
DA:129,1
LF:100
LH:100
BRDA:9,0,0,5
BRDA:23,1,0,4
BRDA:25,2,0,31
BRDA:39,3,0,60
BRDA:40,4,0,32
BRDA:42,5,0,28
BRDA:55,6,0,1
BRDA:61,7,0,4
BRDA:67,8,0,1
BRDA:70,9,0,3
BRDA:70,10,0,3
BRDA:72,11,0,60
BRDA:90,12,0,1
BRDA:108,13,0,6
BRDA:122,14,0,5
BRF:15
BRH:15
end_of_record
TN:
SF:src/pages/Homepage.tsx
FN:34,AlphaBadge
FN:42,GameModeCards
FN:58,Toast
FN:69,LoggedOutHome
FN:123,LoggedInHome
FN:134,handlePasteLink
FN:201,onChange
FN:242,Homepage
FN:276,onLogin
FN:277,onRegister
FNF:10
FNH:10
FNDA:19,AlphaBadge
FNDA:19,GameModeCards
FNDA:4,Toast
FNDA:4,LoggedOutHome
FNDA:15,LoggedInHome
FNDA:3,handlePasteLink
FNDA:3,onChange
FNDA:15,Homepage
FNDA:1,onLogin
FNDA:1,onRegister
DA:1,1
DA:2,1
DA:3,1
DA:4,1
DA:11,1
DA:12,1
DA:13,1
DA:14,1
DA:15,1
DA:16,1
DA:17,1
DA:18,1
DA:19,1
DA:20,1
DA:21,1
DA:22,1
DA:23,1
DA:24,1
DA:26,1
DA:27,1
DA:28,1
DA:29,1
DA:30,1
DA:31,1
DA:32,1
DA:34,19
DA:35,19
DA:36,19
DA:38,19
DA:40,19
DA:42,19
DA:43,19
DA:44,19
DA:45,19
DA:46,57
DA:47,57
DA:48,57
DA:50,57
DA:51,57
DA:52,57
DA:53,19
DA:54,19
DA:56,19
DA:58,4
DA:59,4
DA:60,4
DA:61,4
DA:62,4
DA:64,4
DA:65,4
DA:67,4
DA:69,4
DA:70,4
DA:71,4
DA:72,4
DA:74,4
DA:75,4
DA:77,4
DA:79,4
DA:80,4
DA:81,4
DA:82,4
DA:83,4
DA:84,4
DA:86,4
DA:87,4
DA:88,4
DA:89,4
DA:90,4
DA:91,4
DA:93,4
DA:94,4
DA:95,4
DA:97,4
DA:98,4
DA:99,4
DA:100,4
DA:101,4
DA:102,4
DA:103,4
DA:104,4
DA:106,4
DA:107,4
DA:108,4
DA:109,4
DA:111,4
DA:113,4
DA:114,4
DA:116,4
DA:118,4
DA:119,4
DA:121,4
DA:123,15
DA:124,15
DA:125,15
DA:126,15
DA:129,15
DA:130,15
DA:131,15
DA:132,15
DA:134,15
DA:135,3
DA:136,3
DA:137,3
DA:138,1
DA:139,1
DA:140,1
DA:142,2
DA:143,2
DA:144,2
DA:145,3
DA:146,1
DA:147,1
DA:148,1
DA:149,1
DA:150,3
DA:151,2
DA:152,2
DA:153,3
DA:155,15
DA:156,15
DA:157,15
DA:159,15
DA:160,15
DA:162,15
DA:163,15
DA:164,15
DA:165,15
DA:166,15
DA:168,15
DA:169,15
DA:170,15
DA:171,15
DA:172,15
DA:174,15
DA:175,15
DA:177,15
DA:178,15
DA:179,15
DA:180,15
DA:181,15
DA:183,15
DA:184,15
DA:185,15
DA:186,15
DA:187,15
DA:189,15
DA:190,15
DA:192,15
DA:193,15
DA:195,15
DA:196,15
DA:197,15
DA:198,15
DA:199,15
DA:200,15
DA:201,15
DA:202,15
DA:203,15
DA:204,15
DA:205,15
DA:206,15
DA:207,15
DA:208,15
DA:209,15
DA:211,15
DA:212,15
DA:213,15
DA:214,15
DA:216,15
DA:217,15
DA:218,15
DA:219,15
DA:220,75
DA:221,15
DA:222,15
DA:223,15
DA:225,15
DA:226,15
DA:227,15
DA:228,15
DA:230,15
DA:232,15
DA:233,15
DA:235,15
DA:237,15
DA:238,15
DA:240,15
DA:242,1
DA:243,15
DA:244,15
DA:245,15
DA:246,15
DA:248,15
DA:249,10
DA:250,10
DA:251,1
DA:252,1
DA:253,15
DA:255,15
DA:256,12
DA:257,3
DA:258,3
DA:259,15
DA:261,15
DA:262,2
DA:263,2
DA:265,2
DA:267,2
DA:269,13
DA:270,13
DA:271,15
DA:272,15
DA:273,9
DA:275,4
DA:276,4
DA:277,4
DA:278,4
DA:280,15
DA:282,15
DA:284,1
LF:221
LH:221
BRDA:34,0,0,19
BRDA:42,1,0,19
BRDA:45,2,0,57
BRDA:58,3,0,4
BRDA:69,4,0,4
BRDA:123,5,0,15
BRDA:211,6,0,2
BRDA:211,7,0,13
BRDA:134,8,0,3
BRDA:137,9,0,1
BRDA:140,10,0,2
BRDA:145,11,0,1
BRDA:150,12,0,2
BRDA:201,13,0,3
BRDA:219,14,0,75
BRDA:242,15,0,15
BRDA:261,16,0,13
BRDA:261,17,0,2
BRDA:271,18,0,4
BRDA:272,19,0,9
BRDA:273,20,0,4
BRDA:248,21,0,10
BRDA:249,22,0,1
BRDA:250,23,0,9
BRDA:250,24,0,1
BRDA:255,25,0,12
BRDA:256,26,0,9
BRDA:256,27,0,3
BRDA:258,28,0,3
BRDA:276,29,0,1
BRDA:277,30,0,1
BRF:31
BRH:31
end_of_record
TN:
SF:src/pages/Login.tsx
FN:5,Login
FNF:1
FNH:1
FNDA:3,Login
DA:1,1
DA:2,1
DA:3,1
DA:5,1
DA:6,3
DA:7,3
DA:8,3
DA:9,3
DA:12,3
DA:13,3
DA:14,2
DA:15,2
DA:16,3
DA:18,3
DA:19,3
DA:20,3
DA:21,3
DA:22,3
DA:24,3
DA:26,1
LF:20
LH:20
BRDA:5,0,0,3
BRDA:9,1,0,2
BRDA:12,2,0,3
BRDA:13,3,0,2
BRF:4
BRH:4
end_of_record
TN:
SF:src/pages/NotFound.tsx
FN:1,NotFound
FNF:1
FNH:1
FNDA:8,NotFound
DA:1,1
DA:2,8
DA:3,8
DA:4,8
DA:5,8
DA:6,8
DA:8,8
DA:10,1
LF:8
LH:8
BRDA:1,0,0,8
BRF:1
BRH:1
end_of_record
TN:
SF:src/pages/PlayerProfilePage.tsx
FN:14,PlayerProfilePage
FN:22,load
FN:95,handleUserUpdated
FNF:3
FNH:3
FNDA:30,PlayerProfilePage
FNDA:10,load
FNDA:1,handleUserUpdated
DA:1,1
DA:2,1
DA:3,1
DA:4,1
DA:6,1
DA:7,1
DA:14,30
DA:15,30
DA:16,30
DA:17,30
DA:19,30
DA:20,10
DA:22,10
DA:23,10
DA:24,10
DA:25,10
DA:26,1
DA:27,1
DA:28,1
DA:30,9
DA:31,9
DA:32,10
DA:33,1
DA:34,1
DA:35,1
DA:36,1
DA:37,1
DA:38,10
DA:39,1
DA:40,1
DA:41,1
DA:42,1
DA:43,1
DA:44,10
DA:45,1
DA:46,1
DA:47,1
DA:48,1
DA:49,1
DA:51,5
DA:52,5
DA:53,10
DA:55,10
DA:56,3
DA:57,3
DA:58,3
DA:59,2
DA:60,2
DA:61,2
DA:62,2
DA:63,2
DA:64,2
DA:65,2
DA:66,2
DA:67,2
DA:68,2
DA:69,3
DA:70,0
DA:71,0
DA:72,3
DA:73,1
DA:74,1
DA:75,1
DA:76,1
DA:77,3
DA:79,5
DA:80,5
DA:81,5
DA:82,10
DA:83,1
DA:84,1
DA:85,1
DA:86,1
DA:87,10
DA:89,10
DA:90,10
DA:91,10
DA:92,10
DA:93,30
DA:95,30
DA:96,1
DA:97,1
DA:98,1
DA:99,1
DA:100,1
DA:101,1
DA:102,1
DA:103,1
DA:104,1
DA:105,1
DA:106,1
DA:107,1
DA:108,1
DA:110,30
DA:111,19
DA:112,19
DA:114,19
DA:116,19
DA:118,30
DA:119,5
DA:120,5
DA:121,5
DA:122,5
DA:123,5
DA:125,5
DA:126,5
DA:128,5
DA:130,6
DA:131,6
DA:132,30
DA:133,4
DA:134,4
DA:135,4
DA:136,4
DA:137,4
DA:138,2
DA:139,30
DA:141,30
LF:118
LH:116
BRDA:14,0,0,30
BRDA:93,1,0,10
BRDA:110,2,0,19
BRDA:116,3,0,11
BRDA:118,4,0,5
BRDA:128,5,0,6
BRDA:132,6,0,4
BRDA:132,7,0,4
BRDA:137,8,0,2
BRDA:19,9,0,10
BRDA:22,10,0,10
BRDA:25,11,0,1
BRDA:28,12,0,9
BRDA:31,13,0,8
BRDA:32,14,0,1
BRDA:37,15,0,7
BRDA:38,16,0,1
BRDA:43,17,0,6
BRDA:44,18,0,1
BRDA:49,19,0,5
BRDA:53,20,0,3
BRDA:53,21,0,3
BRDA:55,22,0,3
BRDA:57,23,0,2
BRDA:58,24,0,2
BRDA:69,25,0,0
BRDA:72,26,0,1
BRDA:77,27,0,5
BRDA:82,28,0,1
BRDA:90,29,0,10
BRDA:95,30,0,1
BRDA:97,31,0,1
BRDA:98,32,0,0
BRF:33
BRH:31
end_of_record
TN:
SF:src/pages/ProfileAccountSettings.tsx
FN:10,apiErrorMessage
FN:29,ProfileAccountSettings
FN:45,handleEmailSubmit
FN:80,handlePasswordSubmit
FN:149,onChange
FN:163,onChange
FN:199,onChange
FN:213,onChange
FN:228,onChange
FNF:9
FNH:9
FNDA:2,apiErrorMessage
FNDA:189,ProfileAccountSettings
FNDA:4,handleEmailSubmit
FNDA:5,handlePasswordSubmit
FNDA:34,onChange
FNDA:24,onChange
FNDA:36,onChange
FNDA:35,onChange
FNDA:35,onChange
DA:1,1
DA:2,1
DA:10,2
DA:11,2
DA:12,2
DA:13,2
DA:14,2
DA:15,1
DA:16,1
DA:17,1
DA:18,1
DA:19,1
DA:20,0
DA:21,0
DA:23,1
DA:24,1
DA:25,1
DA:26,1
DA:27,1
DA:29,1
DA:30,189
DA:31,189
DA:32,189
DA:33,189
DA:34,189
DA:35,189
DA:37,189
DA:38,189
DA:39,189
DA:40,189
DA:42,189
DA:43,189
DA:45,189
DA:46,4
DA:47,4
DA:48,4
DA:49,4
DA:50,4
DA:51,4
DA:52,4
DA:53,4
DA:54,4
DA:55,4
DA:56,4
DA:57,4
DA:58,4
DA:59,1
DA:60,1
DA:61,1
DA:62,3
DA:63,4
DA:64,1
DA:65,1
DA:66,1
DA:67,1
DA:68,1
DA:69,1
DA:70,2
DA:71,2
DA:72,2
DA:73,4
DA:74,0
DA:75,4
DA:76,4
DA:77,4
DA:78,4
DA:80,189
DA:81,5
DA:82,5
DA:84,5
DA:85,1
DA:86,1
DA:87,1
DA:88,5
DA:89,1
DA:90,1
DA:91,1
DA:93,3
DA:94,3
DA:95,3
DA:96,3
DA:97,3
DA:98,3
DA:99,3
DA:100,3
DA:101,3
DA:102,3
DA:103,5
DA:104,0
DA:105,0
DA:106,0
DA:107,2
DA:108,5
DA:109,1
DA:110,1
DA:111,1
DA:112,1
DA:113,1
DA:114,1
DA:115,1
DA:116,1
DA:117,1
DA:118,1
DA:119,1
DA:120,1
DA:121,1
DA:122,5
DA:123,3
DA:124,3
DA:125,5
DA:127,189
DA:128,189
DA:129,189
DA:131,189
DA:132,189
DA:133,189
DA:134,189
DA:136,189
DA:137,189
DA:138,189
DA:139,189
DA:140,189
DA:142,189
DA:143,189
DA:144,189
DA:145,189
DA:146,189
DA:147,189
DA:148,189
DA:149,189
DA:150,189
DA:151,189
DA:152,189
DA:153,189
DA:154,189
DA:156,189
DA:157,189
DA:158,189
DA:159,189
DA:160,189
DA:161,189
DA:162,189
DA:163,189
DA:164,189
DA:165,189
DA:166,189
DA:167,189
DA:168,189
DA:169,3
DA:170,3
DA:171,3
DA:173,3
DA:174,3
DA:175,186
DA:176,189
DA:177,189
DA:178,189
DA:179,189
DA:181,189
DA:182,189
DA:183,189
DA:184,189
DA:186,189
DA:187,189
DA:188,189
DA:189,189
DA:190,189
DA:192,189
DA:193,189
DA:194,189
DA:195,189
DA:196,189
DA:197,189
DA:198,189
DA:199,189
DA:200,189
DA:201,189
DA:202,189
DA:203,189
DA:204,189
DA:206,189
DA:207,189
DA:208,189
DA:209,189
DA:210,189
DA:211,189
DA:212,189
DA:213,189
DA:214,189
DA:215,189
DA:216,189
DA:217,189
DA:218,189
DA:219,189
DA:221,189
DA:222,189
DA:223,189
DA:224,189
DA:225,189
DA:226,189
DA:227,189
DA:228,189
DA:229,189
DA:230,189
DA:231,189
DA:232,189
DA:233,189
DA:234,189
DA:235,5
DA:236,5
DA:237,5
DA:239,5
DA:240,5
DA:241,184
DA:242,189
DA:243,189
DA:244,189
DA:245,189
DA:246,189
DA:248,189
LF:220
LH:214
BRDA:10,0,0,2
BRDA:11,1,0,0
BRDA:13,2,0,1
BRDA:14,3,0,1
BRDA:19,4,0,0
BRDA:29,5,0,189
BRDA:168,6,0,3
BRDA:170,7,0,2
BRDA:170,8,0,1
BRDA:174,9,0,186
BRDA:177,10,0,4
BRDA:177,11,0,185
BRDA:234,12,0,5
BRDA:236,13,0,4
BRDA:236,14,0,1
BRDA:240,15,0,184
BRDA:243,16,0,3
BRDA:243,17,0,186
BRDA:45,18,0,4
BRDA:58,19,0,1
BRDA:61,20,0,3
BRDA:63,21,0,2
BRDA:63,22,0,1
BRDA:73,23,0,0
BRDA:75,24,0,2
BRDA:80,25,0,5
BRDA:84,26,0,1
BRDA:87,27,0,4
BRDA:88,28,0,1
BRDA:91,29,0,3
BRDA:102,30,0,2
BRDA:103,31,0,0
BRDA:106,32,0,2
BRDA:108,33,0,1
BRDA:122,34,0,2
BRDA:122,35,0,3
BRDA:149,36,0,34
BRDA:163,37,0,24
BRDA:199,38,0,36
BRDA:213,39,0,35
BRDA:228,40,0,35
BRF:41
BRH:37
end_of_record
TN:
SF:src/pages/ProfileCard.tsx
FN:18,normalizeProfileView
FN:40,roleLabel
FN:46,AvatarMark
FN:70,ProfileCard
FNF:4
FNH:4
FNDA:22,normalizeProfileView
FNDA:15,roleLabel
FNDA:13,AvatarMark
FNDA:9,ProfileCard
DA:15,1
DA:18,1
DA:19,22
DA:24,22
DA:25,22
DA:26,22
DA:27,22
DA:28,22
DA:29,22
DA:30,22
DA:31,22
DA:32,22
DA:33,22
DA:34,22
DA:35,22
DA:36,22
DA:37,22
DA:38,22
DA:40,1
DA:41,15
DA:42,9
DA:43,3
DA:44,3
DA:46,1
DA:47,13
DA:48,13
DA:50,13
DA:51,13
DA:52,13
DA:53,13
DA:55,13
DA:56,2
DA:58,11
DA:60,13
DA:62,13
DA:70,1
DA:71,9
DA:73,9
DA:74,9
DA:75,9
DA:76,9
DA:77,9
DA:78,9
DA:79,9
DA:80,9
DA:81,9
DA:83,9
DA:84,9
DA:85,9
DA:86,9
DA:87,9
DA:88,9
DA:89,9
DA:90,9
DA:91,9
DA:92,9
DA:93,9
DA:94,9
DA:95,9
DA:96,9
DA:97,6
DA:98,6
DA:99,6
DA:100,6
DA:101,3
DA:102,9
DA:103,9
DA:104,9
DA:105,9
DA:106,9
DA:107,9
DA:108,9
DA:109,9
DA:110,9
DA:112,9
DA:113,9
DA:115,9
LF:77
LH:77
BRDA:18,0,0,22
BRDA:26,1,0,3
BRDA:26,2,0,1
BRDA:27,3,0,4
BRDA:27,4,0,2
BRDA:29,5,0,4
BRDA:30,6,0,1
BRDA:31,7,0,4
BRDA:32,8,0,20
BRDA:32,9,0,2
BRDA:33,10,0,21
BRDA:33,11,0,1
BRDA:34,12,0,18
BRDA:34,13,0,4
BRDA:35,14,0,4
BRDA:36,15,0,11
BRDA:40,16,0,15
BRDA:41,17,0,9
BRDA:41,18,0,6
BRDA:42,19,0,3
BRDA:46,20,0,13
BRDA:47,21,0,2
BRDA:48,22,0,12
BRDA:55,23,0,2
BRDA:56,24,0,11
BRDA:70,25,0,9
BRDA:96,26,0,6
BRDA:96,27,0,6
BRDA:100,28,0,3
BRF:29
BRH:29
end_of_record
TN:
SF:src/pages/ReportBug.tsx
FN:9,ReportBug
FN:20,handleCopy
FNF:2
FNH:2
FNDA:5,ReportBug
FNDA:2,handleCopy
DA:1,1
DA:2,1
DA:3,1
DA:9,5
DA:10,5
DA:11,5
DA:13,5
DA:14,5
DA:15,5
DA:16,5
DA:17,5
DA:18,5
DA:20,5
DA:21,2
DA:22,2
DA:23,1
DA:24,1
DA:25,1
DA:26,1
DA:27,1
DA:28,1
DA:29,2
DA:31,5
DA:32,5
DA:33,5
DA:34,5
DA:36,5
DA:38,5
DA:39,3
DA:40,3
DA:41,3
DA:42,3
DA:43,3
DA:44,3
DA:45,1
DA:46,1
DA:47,1
DA:48,1
DA:50,3
DA:51,1
DA:52,1
DA:53,1
DA:54,1
DA:56,3
DA:59,5
DA:61,5
DA:62,5
DA:63,5
DA:64,5
DA:65,5
DA:66,5
DA:67,5
DA:68,5
DA:70,5
DA:71,5
DA:72,5
DA:73,5
DA:74,5
DA:76,5
DA:77,1
DA:78,4
DA:79,1
DA:80,3
DA:81,5
DA:82,5
DA:83,5
DA:84,5
DA:85,5
DA:86,5
DA:87,5
DA:88,5
DA:90,5
DA:92,5
DA:94,5
DA:95,0
DA:97,0
DA:99,5
DA:101,5
LF:78
LH:76
BRDA:9,0,0,5
BRDA:38,1,0,3
BRDA:44,2,0,1
BRDA:50,3,0,1
BRDA:76,4,0,1
BRDA:77,5,0,4
BRDA:78,6,0,1
BRDA:79,7,0,3
BRDA:94,8,0,0
BRDA:14,9,0,3
BRDA:17,10,0,3
BRDA:20,11,0,2
BRDA:22,12,0,1
BRF:13
BRH:12
end_of_record
TN:
SF:src/pages/admin/AdminPage.tsx
FN:53,readError
FN:64,AdminPage
FN:141,actionPayload
FN:143,runAction
FN:161,publishAnnouncement
FN:226,onChange
FN:236,onChange
FN:248,onClick
FN:267,onClick
FN:327,onChange
FN:335,onChange
FN:343,onClick
FN:349,onClick
FN:355,onClick
FN:366,onClick
FN:379,onClick
FN:392,onClick
FN:410,onChange
FN:421,onChange
FN:430,onChange
FNF:20
FNH:19
FNDA:3,readError
FNDA:144,AdminPage
FNDA:6,actionPayload
FNDA:6,runAction
FNDA:3,publishAnnouncement
FNDA:30,onChange
FNDA:21,onChange
FNDA:3,onClick
FNDA:7,onClick
FNDA:11,onChange
FNDA:16,onChange
FNDA:1,onClick
FNDA:1,onClick
FNDA:1,onClick
FNDA:1,onClick
FNDA:2,onClick
FNDA:0,onClick
FNDA:3,onChange
FNDA:2,onChange
FNDA:1,onChange
DA:1,1
DA:2,1
DA:3,1
DA:4,1
DA:5,1
DA:6,1
DA:53,3
DA:54,3
DA:55,3
DA:56,3
DA:57,3
DA:58,3
DA:60,0
DA:61,0
DA:62,0
DA:64,144
DA:65,144
DA:66,144
DA:67,144
DA:68,144
DA:69,144
DA:70,144
DA:71,144
DA:72,144
DA:73,144
DA:74,144
DA:75,144
DA:76,144
DA:77,144
DA:78,144
DA:79,144
DA:80,144
DA:81,144
DA:82,144
DA:84,144
DA:85,16
DA:86,16
DA:87,1
DA:88,1
DA:89,1
DA:90,16
DA:91,14
DA:92,144
DA:94,144
DA:95,11
DA:96,11
DA:97,1
DA:98,1
DA:99,1
DA:101,10
DA:102,10
DA:103,10
DA:104,10
DA:105,6
DA:106,6
DA:107,6
DA:108,6
DA:109,6
DA:110,10
DA:111,1
DA:112,10
DA:113,10
DA:114,10
DA:115,10
DA:116,144
DA:118,144
DA:119,24
DA:120,17
DA:121,17
DA:122,17
DA:123,17
DA:125,7
DA:126,7
DA:127,7
DA:128,1
DA:129,1
DA:130,1
DA:131,6
DA:132,6
DA:134,6
DA:135,6
DA:136,6
DA:137,6
DA:138,7
DA:139,144
DA:141,144
DA:143,144
DA:144,6
DA:145,6
DA:146,6
DA:147,6
DA:148,6
DA:149,6
DA:150,6
DA:151,0
DA:152,0
DA:153,0
DA:154,6
DA:155,6
DA:156,6
DA:157,6
DA:158,6
DA:159,6
DA:161,144
DA:162,3
DA:163,3
DA:164,3
DA:165,3
DA:166,3
DA:167,3
DA:168,3
DA:169,3
DA:170,3
DA:171,3
DA:172,3
DA:173,3
DA:174,1
DA:175,1
DA:176,1
DA:177,1
DA:178,1
DA:179,1
DA:180,1
DA:181,1
DA:182,3
DA:183,3
DA:184,3
DA:185,3
DA:187,144
DA:188,3
DA:189,3
DA:191,144
DA:192,10
DA:193,10
DA:194,10
DA:195,10
DA:197,10
DA:199,131
DA:200,131
DA:201,131
DA:202,131
DA:203,131
DA:205,131
DA:206,131
DA:208,131
DA:209,28
DA:210,28
DA:211,28
DA:214,144
DA:215,82
DA:216,82
DA:217,82
DA:219,82
DA:220,82
DA:221,82
DA:223,82
DA:224,82
DA:225,82
DA:226,82
DA:227,82
DA:228,82
DA:229,82
DA:230,82
DA:231,82
DA:233,82
DA:234,82
DA:235,82
DA:236,82
DA:237,82
DA:238,82
DA:239,82
DA:240,82
DA:241,82
DA:242,82
DA:243,82
DA:244,82
DA:245,79
DA:246,51
DA:248,82
DA:249,82
DA:251,82
DA:252,82
DA:253,82
DA:254,82
DA:255,49
DA:257,144
DA:258,144
DA:259,144
DA:260,144
DA:261,49
DA:263,82
DA:264,82
DA:265,82
DA:266,82
DA:267,82
DA:268,82
DA:269,82
DA:270,53
DA:271,29
DA:272,82
DA:274,82
DA:275,82
DA:276,82
DA:277,82
DA:278,82
DA:279,82
DA:280,82
DA:281,82
DA:282,82
DA:284,144
DA:286,144
DA:287,144
DA:288,144
DA:289,80
DA:291,51
DA:292,51
DA:293,51
DA:294,51
DA:295,51
DA:296,51
DA:297,51
DA:298,51
DA:299,51
DA:300,51
DA:302,51
DA:303,6
DA:304,6
DA:305,6
DA:306,6
DA:307,6
DA:308,6
DA:310,51
DA:311,51
DA:312,51
DA:313,51
DA:314,51
DA:315,51
DA:316,51
DA:317,51
DA:318,51
DA:319,51
DA:320,51
DA:321,51
DA:323,51
DA:324,51
DA:325,51
DA:326,51
DA:327,51
DA:328,51
DA:329,51
DA:330,51
DA:331,51
DA:332,51
DA:333,51
DA:334,51
DA:335,51
DA:336,51
DA:337,51
DA:338,51
DA:339,51
DA:341,51
DA:342,51
DA:343,51
DA:344,51
DA:345,51
DA:347,51
DA:348,51
DA:349,51
DA:350,51
DA:351,51
DA:353,51
DA:354,51
DA:355,51
DA:356,1
DA:357,1
DA:358,1
DA:359,1
DA:361,51
DA:362,51
DA:363,51
DA:364,51
DA:365,51
DA:366,51
DA:367,1
DA:368,1
DA:369,1
DA:370,1
DA:372,51
DA:373,51
DA:374,51
DA:375,51
DA:376,51
DA:377,10
DA:378,10
DA:379,10
DA:380,2
DA:381,2
DA:382,2
DA:383,2
DA:384,2
DA:386,10
DA:388,10
DA:389,10
DA:390,10
DA:391,3
DA:392,3
DA:393,3
DA:394,3
DA:396,3
DA:398,10
DA:400,51
DA:402,51
DA:403,51
DA:405,51
DA:406,51
DA:407,51
DA:408,51
DA:409,51
DA:410,51
DA:411,51
DA:412,51
DA:413,51
DA:414,51
DA:416,51
DA:417,51
DA:418,51
DA:419,51
DA:420,51
DA:421,51
DA:422,51
DA:423,51
DA:424,51
DA:425,51
DA:426,10
DA:427,10
DA:428,10
DA:429,10
DA:430,10
DA:431,10
DA:433,10
DA:435,51
DA:436,51
DA:438,144
DA:439,144
DA:441,144
DA:442,82
DA:443,82
DA:444,82
DA:445,82
DA:446,82
DA:447,18
DA:448,18
DA:449,18
DA:450,18
DA:451,82
DA:452,82
DA:453,82
DA:455,82
DA:456,82
DA:457,82
DA:458,82
DA:459,18
DA:460,18
DA:461,18
DA:462,18
DA:463,18
DA:464,18
DA:465,18
DA:466,18
DA:467,18
DA:468,82
DA:469,82
DA:470,82
DA:471,82
DA:473,144
DA:475,144
LF:376
LH:370
BRDA:53,0,0,3
BRDA:56,1,0,1
BRDA:56,2,0,2
BRDA:57,3,0,2
BRDA:58,4,0,0
BRDA:64,5,0,144
BRDA:187,6,0,142
BRDA:187,7,0,3
BRDA:189,8,0,141
BRDA:191,9,0,10
BRDA:197,10,0,131
BRDA:208,11,0,28
BRDA:214,12,0,82
BRDA:244,13,0,79
BRDA:245,14,0,51
BRDA:251,15,0,3
BRDA:251,16,0,79
BRDA:254,17,0,49
BRDA:260,18,0,49
BRDA:261,19,0,82
BRDA:288,20,0,80
BRDA:289,21,0,51
BRDA:298,22,0,3
BRDA:298,23,0,48
BRDA:299,24,0,3
BRDA:299,25,0,48
BRDA:302,26,0,6
BRDA:376,27,0,10
BRDA:388,28,0,7
BRDA:388,29,0,3
BRDA:390,30,0,3
BRDA:425,31,0,10
BRDA:441,32,0,82
BRDA:84,33,0,16
BRDA:86,34,0,1
BRDA:89,35,0,15
BRDA:90,36,0,1
BRDA:90,37,0,14
BRDA:94,38,0,11
BRDA:95,39,0,0
BRDA:96,40,0,1
BRDA:99,41,0,10
BRDA:101,42,0,10
BRDA:103,43,0,9
BRDA:104,44,0,6
BRDA:110,45,0,1
BRDA:111,46,0,0
BRDA:118,47,0,24
BRDA:119,48,0,17
BRDA:123,49,0,7
BRDA:125,50,0,7
BRDA:127,51,0,1
BRDA:130,52,0,6
BRDA:141,53,0,6
BRDA:141,54,0,5
BRDA:143,55,0,6
BRDA:148,56,0,2
BRDA:150,57,0,0
BRDA:161,58,0,3
BRDA:172,59,0,2
BRDA:173,60,0,1
BRDA:182,61,0,2
BRDA:226,62,0,30
BRDA:236,63,0,21
BRDA:248,64,0,3
BRDA:264,65,0,82
BRDA:269,66,0,53
BRDA:270,67,0,29
BRDA:267,68,0,7
BRDA:327,69,0,11
BRDA:335,70,0,16
BRDA:343,71,0,1
BRDA:349,72,0,1
BRDA:355,73,0,1
BRDA:366,74,0,1
BRDA:379,75,0,2
BRDA:383,76,0,1
BRDA:383,77,0,1
BRDA:410,78,0,3
BRDA:421,79,0,2
BRDA:430,80,0,1
BRDA:446,81,0,18
BRDA:458,82,0,18
BRDA:463,83,0,0
BRF:84
BRH:79
end_of_record
TN:
SF:src/pages/games/ActiveGames.tsx
FN:5,ActiveGames
FN:14,fetchGames
FN:30,fetchUser
FN:55,goFirstPage
FN:56,goPrevPage
FN:57,goNextPage
FN:58,goLastPage
FN:77,onChange
FN:92,onChange
FN:96,onClick
FN:122,onClick
FNF:11
FNH:11
FNDA:26,ActiveGames
FNDA:5,fetchGames
FNDA:4,fetchUser
FNDA:1,goFirstPage
FNDA:2,goPrevPage
FNDA:2,goNextPage
FNDA:1,goLastPage
FNDA:2,onChange
FNDA:10,onChange
FNDA:1,onClick
FNDA:1,onClick
DA:1,1
DA:2,1
DA:3,1
DA:5,26
DA:6,26
DA:7,26
DA:8,26
DA:9,26
DA:10,26
DA:12,26
DA:14,26
DA:15,5
DA:16,5
DA:17,4
DA:18,4
DA:19,4
DA:20,5
DA:21,1
DA:22,1
DA:23,5
DA:25,26
DA:26,4
DA:27,26
DA:29,26
DA:30,4
DA:31,4
DA:32,4
DA:33,3
DA:34,3
DA:35,4
DA:36,1
DA:37,1
DA:38,4
DA:39,4
DA:40,26
DA:42,26
DA:43,26
DA:44,112
DA:45,112
DA:46,112
DA:47,112
DA:48,112
DA:49,26
DA:50,26
DA:52,26
DA:53,26
DA:55,26
DA:56,26
DA:57,26
DA:58,26
DA:60,26
DA:61,13
DA:62,13
DA:63,13
DA:64,13
DA:65,13
DA:66,13
DA:67,13
DA:70,26
DA:71,26
DA:72,26
DA:74,26
DA:75,26
DA:76,26
DA:77,26
DA:78,26
DA:80,26
DA:81,26
DA:82,182
DA:83,182
DA:84,182
DA:85,26
DA:86,26
DA:88,26
DA:89,26
DA:90,26
DA:91,26
DA:92,26
DA:93,26
DA:94,26
DA:95,26
DA:96,26
DA:97,26
DA:98,26
DA:99,26
DA:101,26
DA:102,26
DA:103,26
DA:104,26
DA:105,26
DA:106,55
DA:107,55
DA:108,55
DA:109,55
DA:110,55
DA:111,55
DA:112,55
DA:113,55
DA:114,55
DA:115,55
DA:116,55
DA:117,55
DA:118,55
DA:119,55
DA:120,55
DA:121,55
DA:122,55
DA:123,55
DA:125,55
DA:126,55
DA:127,26
DA:128,26
DA:129,26
DA:130,26
DA:132,26
LF:115
LH:115
BRDA:5,0,0,26
BRDA:60,1,0,13
BRDA:14,2,0,5
BRDA:16,3,0,4
BRDA:20,4,0,1
BRDA:25,5,0,4
BRDA:29,6,0,4
BRDA:30,7,0,4
BRDA:32,8,0,3
BRDA:35,9,0,1
BRDA:43,10,0,112
BRDA:45,11,0,2
BRDA:47,12,0,20
BRDA:48,13,0,111
BRDA:50,14,0,80
BRDA:55,15,0,1
BRDA:56,16,0,2
BRDA:57,17,0,2
BRDA:58,18,0,1
BRDA:77,19,0,2
BRDA:81,20,0,182
BRDA:92,21,0,10
BRDA:96,22,0,1
BRDA:105,23,0,55
BRDA:107,24,0,5
BRDA:109,25,0,50
BRDA:109,26,0,5
BRDA:122,27,0,1
BRF:28
BRH:28
end_of_record
TN:
SF:src/pages/games/CompletedGames.tsx
FN:5,CompletedGames
FN:14,fetchGames
FN:30,fetchUser
FN:55,goFirstPage
FN:56,goPrevPage
FN:57,goNextPage
FN:58,goLastPage
FN:77,onChange
FN:92,onChange
FN:96,onClick
FN:122,onClick
FNF:11
FNH:11
FNDA:26,CompletedGames
FNDA:5,fetchGames
FNDA:4,fetchUser
FNDA:1,goFirstPage
FNDA:2,goPrevPage
FNDA:2,goNextPage
FNDA:1,goLastPage
FNDA:2,onChange
FNDA:10,onChange
FNDA:1,onClick
FNDA:1,onClick
DA:1,1
DA:2,1
DA:3,1
DA:5,26
DA:6,26
DA:7,26
DA:8,26
DA:9,26
DA:10,26
DA:12,26
DA:14,26
DA:15,5
DA:16,5
DA:17,4
DA:18,4
DA:19,4
DA:20,5
DA:21,1
DA:22,1
DA:23,5
DA:25,26
DA:26,4
DA:27,26
DA:29,26
DA:30,4
DA:31,4
DA:32,4
DA:33,3
DA:34,3
DA:35,4
DA:36,1
DA:37,1
DA:38,4
DA:39,4
DA:40,26
DA:42,26
DA:43,26
DA:44,112
DA:45,112
DA:46,112
DA:47,112
DA:48,112
DA:49,26
DA:50,26
DA:52,26
DA:53,26
DA:55,26
DA:56,26
DA:57,26
DA:58,26
DA:60,26
DA:61,13
DA:62,13
DA:63,13
DA:64,13
DA:65,13
DA:66,13
DA:67,13
DA:70,26
DA:71,26
DA:72,26
DA:74,26
DA:75,26
DA:76,26
DA:77,26
DA:78,26
DA:80,26
DA:81,26
DA:82,182
DA:83,182
DA:84,182
DA:85,26
DA:86,26
DA:88,26
DA:89,26
DA:90,26
DA:91,26
DA:92,26
DA:93,26
DA:94,26
DA:95,26
DA:96,26
DA:97,26
DA:98,26
DA:99,26
DA:101,26
DA:102,26
DA:103,26
DA:104,26
DA:105,26
DA:106,56
DA:107,56
DA:108,56
DA:109,56
DA:110,56
DA:111,56
DA:112,56
DA:113,56
DA:114,56
DA:115,56
DA:116,56
DA:117,56
DA:118,56
DA:119,56
DA:120,56
DA:121,56
DA:122,56
DA:123,56
DA:125,56
DA:126,56
DA:127,26
DA:128,26
DA:129,26
DA:130,26
DA:132,26
LF:115
LH:115
BRDA:5,0,0,26
BRDA:60,1,0,13
BRDA:14,2,0,5
BRDA:16,3,0,4
BRDA:20,4,0,1
BRDA:25,5,0,4
BRDA:29,6,0,4
BRDA:30,7,0,4
BRDA:32,8,0,3
BRDA:35,9,0,1
BRDA:43,10,0,112
BRDA:45,11,0,2
BRDA:47,12,0,18
BRDA:48,13,0,111
BRDA:50,14,0,81
BRDA:55,15,0,1
BRDA:56,16,0,2
BRDA:57,17,0,2
BRDA:58,18,0,1
BRDA:77,19,0,2
BRDA:81,20,0,182
BRDA:92,21,0,10
BRDA:96,22,0,1
BRDA:105,23,0,56
BRDA:107,24,0,5
BRDA:109,25,0,51
BRDA:109,26,0,5
BRDA:122,27,0,1
BRF:28
BRH:28
end_of_record
TN:
SF:src/pages/games/CreateGame.tsx
FN:5,CreateGame
FN:20,handleMaxTurnsChange
FN:52,fetchMe
FN:68,fetchMaps
FN:97,applyGamemodeDefaults
FN:117,handleSubmit
FN:164,onChange
FN:176,onChange
FN:193,onChange
FN:209,onChange
FN:225,onChange
FN:244,onChange
FN:245,onBlur
FN:257,onChange
FN:275,onChange
FN:289,onChange
FN:307,onChange
FN:318,onChange
FNF:18
FNH:14
FNDA:43,CreateGame
FNDA:2,handleMaxTurnsChange
FNDA:5,fetchMe
FNDA:5,fetchMaps
FNDA:5,applyGamemodeDefaults
FNDA:2,handleSubmit
FNDA:17,onChange
FNDA:0,onChange
FNDA:2,onChange
FNDA:1,onChange
FNDA:0,onChange
FNDA:6,onChange
FNDA:2,onBlur
FNDA:1,onChange
FNDA:0,onChange
FNDA:0,onChange
FNDA:1,onChange
FNDA:1,onChange
DA:1,1
DA:2,1
DA:3,1
DA:5,1
DA:6,43
DA:7,43
DA:8,43
DA:9,43
DA:10,43
DA:11,43
DA:12,43
DA:13,43
DA:14,43
DA:15,43
DA:16,43
DA:17,43
DA:18,43
DA:20,43
DA:21,2
DA:22,2
DA:23,0
DA:24,2
DA:25,1
DA:26,1
DA:27,1
DA:28,1
DA:29,0
DA:30,0
DA:31,2
DA:33,43
DA:35,43
DA:36,43
DA:37,43
DA:38,43
DA:39,43
DA:40,43
DA:41,43
DA:42,43
DA:43,43
DA:44,43
DA:45,43
DA:46,43
DA:47,43
DA:48,43
DA:49,43
DA:51,43
DA:52,5
DA:53,5
DA:54,5
DA:55,4
DA:56,0
DA:57,0
DA:58,4
DA:59,4
DA:60,5
DA:61,1
DA:62,1
DA:63,5
DA:64,5
DA:65,43
DA:67,43
DA:68,5
DA:69,5
DA:70,5
DA:71,4
DA:72,4
DA:73,4
DA:74,5
DA:75,1
DA:76,1
DA:77,5
DA:78,5
DA:79,43
DA:81,43
DA:82,9
DA:83,3
DA:84,3
DA:85,43
DA:87,43
DA:88,9
DA:89,0
DA:90,0
DA:91,43
DA:93,43
DA:94,43
DA:95,43
DA:97,43
DA:98,5
DA:99,5
DA:100,1
DA:101,1
DA:102,1
DA:103,1
DA:104,5
DA:105,1
DA:106,1
DA:107,1
DA:108,1
DA:109,4
DA:110,3
DA:111,3
DA:112,3
DA:113,3
DA:114,3
DA:115,5
DA:117,43
DA:118,2
DA:120,2
DA:121,2
DA:122,2
DA:123,2
DA:124,2
DA:125,2
DA:126,2
DA:127,2
DA:128,2
DA:129,2
DA:130,2
DA:131,2
DA:132,2
DA:134,2
DA:135,2
DA:136,2
DA:137,2
DA:138,2
DA:139,2
DA:140,2
DA:142,2
DA:144,2
DA:145,2
DA:146,2
DA:147,2
DA:148,0
DA:149,0
DA:150,2
DA:152,43
DA:153,43
DA:154,43
DA:156,43
DA:158,43
DA:159,43
DA:160,43
DA:161,43
DA:162,43
DA:163,43
DA:164,43
DA:165,43
DA:166,43
DA:167,43
DA:168,43
DA:169,43
DA:172,43
DA:173,43
DA:174,43
DA:175,43
DA:176,43
DA:177,43
DA:179,43
DA:180,43
DA:181,38
DA:182,38
DA:183,38
DA:184,43
DA:185,43
DA:186,43
DA:189,43
DA:190,43
DA:191,43
DA:192,43
DA:193,43
DA:194,43
DA:196,43
DA:197,112
DA:198,112
DA:199,112
DA:200,43
DA:201,43
DA:202,43
DA:205,43
DA:206,43
DA:207,43
DA:208,43
DA:209,43
DA:210,43
DA:212,43
DA:213,111
DA:214,111
DA:215,111
DA:216,43
DA:217,43
DA:218,43
DA:220,43
DA:221,34
DA:222,34
DA:223,34
DA:224,34
DA:225,34
DA:226,34
DA:228,34
DA:229,1734
DA:230,1734
DA:231,34
DA:232,34
DA:233,34
DA:237,43
DA:238,43
DA:239,43
DA:240,43
DA:241,43
DA:242,43
DA:243,43
DA:244,43
DA:245,43
DA:246,43
DA:247,43
DA:248,43
DA:250,43
DA:251,43
DA:253,43
DA:254,43
DA:255,43
DA:256,43
DA:257,43
DA:258,43
DA:260,43
DA:261,559
DA:262,43
DA:263,43
DA:264,43
DA:266,43
DA:267,43
DA:269,43
DA:270,9
DA:271,9
DA:272,9
DA:273,9
DA:274,9
DA:275,9
DA:276,9
DA:278,9
DA:279,99
DA:280,99
DA:281,9
DA:282,9
DA:283,9
DA:285,9
DA:286,9
DA:287,9
DA:288,9
DA:289,9
DA:290,9
DA:292,9
DA:293,162
DA:294,162
DA:295,9
DA:296,9
DA:297,9
DA:298,9
DA:302,43
DA:303,43
DA:304,43
DA:305,43
DA:306,43
DA:307,43
DA:308,43
DA:309,43
DA:310,43
DA:311,43
DA:313,43
DA:314,43
DA:315,43
DA:316,43
DA:317,43
DA:318,43
DA:319,43
DA:320,43
DA:321,43
DA:322,43
DA:325,43
DA:326,43
DA:327,43
DA:328,43
DA:330,43
DA:331,43
DA:332,43
DA:334,43
DA:336,1
LF:287
LH:278
BRDA:5,0,0,43
BRDA:94,1,0,38
BRDA:94,2,0,5
BRDA:95,3,0,38
BRDA:95,4,0,5
BRDA:220,5,0,34
BRDA:220,6,0,21
BRDA:220,7,0,34
BRDA:269,8,0,9
BRDA:20,9,0,2
BRDA:22,10,0,0
BRDA:24,11,0,1
BRDA:28,12,0,0
BRDA:51,13,0,5
BRDA:52,14,0,5
BRDA:54,15,0,4
BRDA:55,16,0,0
BRDA:60,17,0,1
BRDA:67,18,0,5
BRDA:68,19,0,5
BRDA:70,20,0,4
BRDA:74,21,0,1
BRDA:81,22,0,9
BRDA:82,23,0,4
BRDA:82,24,0,3
BRDA:87,25,0,9
BRDA:88,26,0,4
BRDA:88,27,0,0
BRDA:93,28,0,38
BRDA:97,29,0,5
BRDA:99,30,0,1
BRDA:104,31,0,4
BRDA:104,32,0,1
BRDA:109,33,0,3
BRDA:117,34,0,2
BRDA:128,35,0,0
BRDA:147,36,0,0
BRDA:164,37,0,17
BRDA:180,38,0,38
BRDA:193,39,0,2
BRDA:196,40,0,112
BRDA:198,41,0,186
BRDA:209,42,0,1
BRDA:212,43,0,111
BRDA:228,44,0,1734
BRDA:244,45,0,6
BRDA:245,46,0,2
BRDA:257,47,0,1
BRDA:260,48,0,559
BRDA:278,49,0,99
BRDA:292,50,0,162
BRDA:307,51,0,1
BRDA:307,52,0,1
BRDA:318,53,0,1
BRDA:318,54,0,1
BRF:55
BRH:49
end_of_record
TN:
SF:src/pages/games/GamePage.tsx
FN:64,isActivePlacedUnit
FN:69,getBlockedTilesByEnemy
FN:96,buildPlayerColorMap
FN:113,GamePage
FN:314,getMapItemIdAtTile
FN:323,getMapItemLabel
FN:379,getPlayerColor
FN:385,addSystemChat
FN:396,getOverlayColor
FN:403,getCurrentMovementRange
FN:407,getStatColor
FN:411,mapReplayLogToChatEntries
FN:415,getStatusIconSrc
FN:419,normalizeGameData
FN:423,getWeatherIconSrc
FN:427,parseRangeSpec
FN:431,getDirectionalOverlayTiles
FN:442,fmt
FN:447,getAssetBaseUrl
FN:455,getWeatherIconImage
FN:466,img.onload
FN:467,img.onerror
FN:475,getHazardIconSrc
FN:479,getHazardIconImage
FN:487,img.onload
FN:488,img.onerror
FN:496,drawWeatherFallback
FN:528,isTileOccupied
FN:536,getOccupiedTileSet
FN:546,filterOccupiedTiles
FN:551,getMapSpecialTiles
FN:555,getRawMovementOverlayTiles
FN:591,getMovementOverlayTiles
FN:615,getUnitTypesForMovement
FN:620,sanitizeMovementTilesForUnit
FN:637,sanitizeMovementLock
FN:647,computeMovementCacheFromOrigin
FN:671,ingestTurnlock
FN:689,fetchAndApplyTurnlock
FN:696,getMovementCacheForUnit
FN:715,getMovementLockForUnit
FN:721,applyMovementLockToUi
FN:732,refreshMovementLockOccupancy
FN:748,getActiveOrigin
FN:779,inBounds
FN:785,rebuildAttackOverlay
FN:800,canUnitLandOnTile
FN:813,validateDisplacementMoveLanding
FN:833,getDisplacementLandingOverlayTiles
FN:849,drawTileOutline
FN:852,hasTile
FN:887,handleMoveHoverStart
FN:897,handleMoveHoverEnd
FN:907,isMoveOverlayTile
FN:914,handleMoveSelect
FN:966,handleWait
FN:1002,lockUnit
FN:1027,handlePickUpItem
FN:1065,applyItemPickupToUnit
FN:1075,lockUnit
FN:1127,handleMoveCancel
FN:1158,getOccupiedTileKeySet
FN:1168,resolveUnitMoveDestination
FN:1207,lockUnitMovement
FN:1213,clearMovementLocks
FN:1217,sendMove
FN:1261,getLivePlacedUnit
FN:1268,hasUncommittedMove
FN:1276,applyUnitTile
FN:1294,revertUncommittedMovement
FN:1331,releaseLockedUnitMenu
FN:1390,handleStartGame
FN:1400,handleEndTurn
FN:1409,handleExecuteMove
FN:1470,syncUnitsFromBackend
FN:1476,mergeUnit
FN:1570,loadMapItemCatalog
FN:1591,redirectWithToast
FN:1595,fetchGame
FN:1673,fetchUser
FN:1690,fetchUnits
FN:1724,fetchAbilities
FN:1761,tick
FN:1771,handleVisibilityChange
FN:1795,tick
FN:1810,fetchMoves
FN:1879,handleClickOutside
FN:2024,handleClick
FN:2108,handleMove
FN:2118,handleLeave
FN:2169,ws.onopen
FN:2170,ws.onclose
FN:2171,ws.onerror
FN:2173,ws.onmessage
FN:2691,updateMenuPosition
FN:2725,handleToggleReady
FN:2737,handleTileSelect
FN:2815,handleRemovePlacedUnit
FN:2846,handleChangeUnitAbility
FN:2875,handleChangeUnitItem
FN:2904,handleRemoveUnitItem
FN:2929,handlePlacePreparationUnit
FN:2964,handleWarSummonUnit
FN:3009,handleWarCapture
FN:3049,handleCtfAction
FN:3110,handleMapUnitMouseEnter
FN:3118,handleMapUnitMouseLeave
FN:3124,handleMapUnitClick
FN:3160,handleSendChat
FN:3179,handleOpenBugReport
FN:3357,onMapItemHover
FN:3360,onMapItemLeave
FN:3367,onSpriteFrameSize
FN:3396,GamePage.children.children.gameData.gamemode.onTileSelect
FN:3418,GamePage.children.children.gameData.gamemode.onTileSelect
FN:3437,onInvitePlayers
FN:3444,onClose
FN:3445,onInvited
FNF:118
FNH:107
FNDA:36,isActivePlacedUnit
FNDA:3,getBlockedTilesByEnemy
FNDA:65,buildPlayerColorMap
FNDA:264,GamePage
FNDA:19,getMapItemIdAtTile
FNDA:4,getMapItemLabel
FNDA:36,getPlayerColor
FNDA:1,addSystemChat
FNDA:88,getOverlayColor
FNDA:1,getCurrentMovementRange
FNDA:67,getStatColor
FNDA:63,mapReplayLogToChatEntries
FNDA:78,getStatusIconSrc
FNDA:37,normalizeGameData
FNDA:34,getWeatherIconSrc
FNDA:17,parseRangeSpec
FNDA:528,getDirectionalOverlayTiles
FNDA:84,fmt
FNDA:129,getAssetBaseUrl
FNDA:34,getWeatherIconImage
FNDA:0,img.onload
FNDA:0,img.onerror
FNDA:17,getHazardIconSrc
FNDA:88,getHazardIconImage
FNDA:0,img.onload
FNDA:0,img.onerror
FNDA:34,drawWeatherFallback
FNDA:3,isTileOccupied
FNDA:20,getOccupiedTileSet
FNDA:20,filterOccupiedTiles
FNDA:24,getMapSpecialTiles
FNDA:1,getRawMovementOverlayTiles
FNDA:0,getMovementOverlayTiles
FNDA:24,getUnitTypesForMovement
FNDA:20,sanitizeMovementTilesForUnit
FNDA:20,sanitizeMovementLock
FNDA:1,computeMovementCacheFromOrigin
FNDA:37,ingestTurnlock
FNDA:37,fetchAndApplyTurnlock
FNDA:20,getMovementCacheForUnit
FNDA:20,getMovementLockForUnit
FNDA:21,applyMovementLockToUi
FNDA:48,refreshMovementLockOccupancy
FNDA:564,getActiveOrigin
FNDA:0,inBounds
FNDA:17,rebuildAttackOverlay
FNDA:0,canUnitLandOnTile
FNDA:3,validateDisplacementMoveLanding
FNDA:88,getDisplacementLandingOverlayTiles
FNDA:2,drawTileOutline
FNDA:8,hasTile
FNDA:2,handleMoveHoverStart
FNDA:2,handleMoveHoverEnd
FNDA:2,isMoveOverlayTile
FNDA:4,handleMoveSelect
FNDA:4,handleWait
FNDA:2,lockUnit
FNDA:1,handlePickUpItem
FNDA:2,applyItemPickupToUnit
FNDA:2,lockUnit
FNDA:1,handleMoveCancel
FNDA:3,getOccupiedTileKeySet
FNDA:3,resolveUnitMoveDestination
FNDA:1,lockUnitMovement
FNDA:2,clearMovementLocks
FNDA:3,sendMove
FNDA:6,getLivePlacedUnit
FNDA:2,hasUncommittedMove
FNDA:6,applyUnitTile
FNDA:2,revertUncommittedMovement
FNDA:25,releaseLockedUnitMenu
FNDA:2,handleStartGame
FNDA:2,handleEndTurn
FNDA:3,handleExecuteMove
FNDA:2,syncUnitsFromBackend
FNDA:4,mergeUnit
FNDA:31,loadMapItemCatalog
FNDA:1,redirectWithToast
FNDA:32,fetchGame
FNDA:32,fetchUser
FNDA:11,fetchUnits
FNDA:11,fetchAbilities
FNDA:12,tick
FNDA:1,handleVisibilityChange
FNDA:19,tick
FNDA:32,fetchMoves
FNDA:68,handleClickOutside
FNDA:4,handleClick
FNDA:1,handleMove
FNDA:1,handleLeave
FNDA:28,ws.onopen
FNDA:3,ws.onclose
FNDA:3,ws.onerror
FNDA:14,ws.onmessage
FNDA:100,updateMenuPosition
FNDA:2,handleToggleReady
FNDA:3,handleTileSelect
FNDA:1,handleRemovePlacedUnit
FNDA:1,handleChangeUnitAbility
FNDA:1,handleChangeUnitItem
FNDA:1,handleRemoveUnitItem
FNDA:2,handlePlacePreparationUnit
FNDA:1,handleWarSummonUnit
FNDA:1,handleWarCapture
FNDA:0,handleCtfAction
FNDA:1,handleMapUnitMouseEnter
FNDA:1,handleMapUnitMouseLeave
FNDA:15,handleMapUnitClick
FNDA:2,handleSendChat
FNDA:1,handleOpenBugReport
FNDA:1,onMapItemHover
FNDA:1,onMapItemLeave
FNDA:0,onSpriteFrameSize
FNDA:0,GamePage.children.children.gameData.gamemode.onTileSelect
FNDA:0,GamePage.children.children.gameData.gamemode.onTileSelect
FNDA:1,onInvitePlayers
FNDA:1,onClose
FNDA:1,onInvited
DA:1,1
DA:2,1
DA:3,1
DA:4,1
DA:5,1
DA:6,1
DA:7,1
DA:8,1
DA:9,1
DA:10,1
DA:11,1
DA:12,1
DA:13,1
DA:18,1
DA:19,1
DA:24,1
DA:25,1
DA:26,1
DA:27,1
DA:28,1
DA:29,1
DA:30,1
DA:31,1
DA:32,1
DA:40,1
DA:46,1
DA:60,1
DA:61,1
DA:62,1
DA:64,1
DA:65,36
DA:66,36
DA:67,36
DA:69,1
DA:70,3
DA:71,3
DA:72,3
DA:73,3
DA:74,3
DA:75,2
DA:76,3
DA:78,6
DA:79,2
DA:80,2
DA:81,6
DA:82,2
DA:83,2
DA:85,1
DA:86,1
DA:87,1
DA:88,1
DA:89,1
DA:90,1
DA:91,1
DA:92,1
DA:93,1
DA:94,1
DA:96,1
DA:97,65
DA:99,32
DA:100,32
DA:101,32
DA:102,32
DA:103,32
DA:104,59
DA:105,59
DA:106,59
DA:107,32
DA:108,32
DA:109,32
DA:113,264
DA:115,264
DA:116,264
DA:117,264
DA:118,264
DA:119,264
DA:120,264
DA:121,264
DA:122,264
DA:123,264
DA:124,264
DA:125,264
DA:126,264
DA:127,264
DA:128,264
DA:129,264
DA:130,264
DA:131,264
DA:132,264
DA:133,264
DA:134,264
DA:135,264
DA:136,264
DA:140,264
DA:141,264
DA:142,264
DA:143,264
DA:144,264
DA:145,264
DA:146,264
DA:147,264
DA:148,264
DA:149,264
DA:150,264
DA:151,264
DA:152,264
DA:153,264
DA:154,264
DA:155,264
DA:156,264
DA:157,264
DA:158,264
DA:159,264
DA:161,264
DA:162,264
DA:163,264
DA:164,264
DA:165,264
DA:166,264
DA:167,264
DA:168,264
DA:169,264
DA:170,264
DA:171,264
DA:172,264
DA:174,264
DA:175,264
DA:176,264
DA:177,264
DA:178,264
DA:179,264
DA:180,264
DA:181,264
DA:182,264
DA:187,264
DA:188,264
DA:189,264
DA:190,264
DA:191,264
DA:192,264
DA:193,264
DA:194,264
DA:195,85
DA:196,2
DA:197,2
DA:198,83
DA:199,264
DA:200,264
DA:201,264
DA:202,264
DA:203,264
DA:204,46
DA:205,16
DA:206,16
DA:207,16
DA:208,8
DA:211,264
DA:212,264
DA:213,138
DA:214,126
DA:215,264
DA:217,264
DA:218,264
DA:219,17
DA:220,16
DA:221,16
DA:222,3
DA:223,3
DA:224,0
DA:225,0
DA:226,0
DA:227,3
DA:228,3
DA:229,264
DA:230,264
DA:231,264
DA:232,264
DA:233,264
DA:234,264
DA:235,264
DA:236,264
DA:238,264
DA:239,264
DA:240,264
DA:241,264
DA:242,264
DA:244,264
DA:245,63
DA:246,29
DA:247,29
DA:248,29
DA:249,29
DA:250,29
DA:251,29
DA:252,264
DA:254,264
DA:255,86
DA:256,86
DA:257,147
DA:258,98
DA:259,147
DA:260,147
DA:261,86
DA:262,264
DA:264,264
DA:265,86
DA:266,86
DA:267,147
DA:268,147
DA:269,147
DA:270,147
DA:271,86
DA:272,264
DA:274,264
DA:275,68
DA:276,68
DA:277,68
DA:278,36
DA:279,36
DA:280,76
DA:281,76
DA:282,36
DA:283,68
DA:285,68
DA:286,68
DA:288,29
DA:289,60
DA:290,60
DA:291,128
DA:292,128
DA:293,0
DA:294,0
DA:295,0
DA:296,128
DA:297,60
DA:298,29
DA:299,264
DA:300,264
DA:301,264
DA:302,264
DA:303,264
DA:304,264
DA:306,264
DA:307,88
DA:308,88
DA:309,0
DA:310,0
DA:311,1
DA:312,264
DA:314,264
DA:315,19
DA:316,19
DA:317,19
DA:318,19
DA:319,19
DA:320,4
DA:321,19
DA:323,264
DA:324,4
DA:325,4
DA:326,4
DA:327,4
DA:329,264
DA:330,117
DA:331,108
DA:332,108
DA:333,117
DA:334,19
DA:335,108
DA:336,4
DA:337,4
DA:338,4
DA:339,4
DA:340,4
DA:341,117
DA:342,117
DA:343,264
DA:345,264
DA:346,264
DA:347,264
DA:348,264
DA:349,264
DA:350,264
DA:351,264
DA:352,264
DA:353,264
DA:354,264
DA:355,264
DA:356,264
DA:357,264
DA:358,264
DA:359,264
DA:360,264
DA:361,264
DA:362,264
DA:363,264
DA:364,264
DA:366,264
DA:367,39
DA:368,39
DA:369,6
DA:370,6
DA:371,6
DA:372,6
DA:373,6
DA:374,6
DA:375,6
DA:376,39
DA:377,264
DA:379,264
DA:380,36
DA:381,36
DA:385,264
DA:386,1
DA:387,1
DA:388,1
DA:389,1
DA:390,1
DA:391,1
DA:392,1
DA:393,1
DA:394,1
DA:396,264
DA:397,88
DA:398,87
DA:399,88
DA:400,88
DA:403,264
DA:404,1
DA:405,1
DA:407,264
DA:408,67
DA:409,67
DA:411,264
DA:412,63
DA:413,63
DA:415,264
DA:416,78
DA:417,78
DA:419,264
DA:420,37
DA:421,37
DA:423,264
DA:424,34
DA:425,34
DA:427,264
DA:428,17
DA:429,17
DA:431,264
DA:432,528
DA:433,528
DA:434,528
DA:435,528
DA:436,528
DA:437,528
DA:438,528
DA:439,528
DA:440,528
DA:442,264
DA:443,84
DA:444,84
DA:447,264
DA:448,129
DA:449,129
DA:450,0
DA:451,129
DA:452,129
DA:453,129
DA:455,264
DA:456,34
DA:458,34
DA:459,34
DA:461,34
DA:462,34
DA:464,2
DA:465,2
DA:466,2
DA:467,2
DA:468,0
DA:469,0
DA:470,0
DA:471,2
DA:472,2
DA:473,34
DA:475,264
DA:476,17
DA:477,17
DA:479,264
DA:480,88
DA:482,88
DA:483,88
DA:485,17
DA:486,17
DA:487,17
DA:488,17
DA:489,0
DA:490,0
DA:491,0
DA:492,17
DA:493,17
DA:494,88
DA:496,264
DA:497,34
DA:498,34
DA:499,34
DA:500,34
DA:501,34
DA:502,34
DA:503,34
DA:504,34
DA:505,34
DA:506,34
DA:507,34
DA:508,34
DA:510,34
DA:511,34
DA:513,34
DA:514,34
DA:515,34
DA:516,34
DA:518,34
DA:519,34
DA:520,34
DA:521,34
DA:522,34
DA:523,34
DA:524,34
DA:525,34
DA:526,34
DA:528,264
DA:529,3
DA:530,6
DA:531,6
DA:532,3
DA:533,3
DA:534,3
DA:536,264
DA:537,20
DA:538,20
DA:539,34
DA:540,14
DA:541,14
DA:542,14
DA:543,20
DA:544,20
DA:546,264
DA:547,20
DA:548,20
DA:549,20
DA:551,264
DA:552,24
DA:553,24
DA:555,264
DA:556,1
DA:557,1
DA:558,1
DA:559,1
DA:560,1
DA:561,1
DA:562,1
DA:563,1
DA:564,1
DA:565,1
DA:566,1
DA:567,1
DA:568,1
DA:569,1
DA:570,1
DA:571,1
DA:572,1
DA:573,1
DA:574,1
DA:575,1
DA:576,1
DA:577,1
DA:578,1
DA:579,1
DA:580,1
DA:581,1
DA:582,1
DA:583,1
DA:584,1
DA:585,1
DA:586,1
DA:587,1
DA:588,1
DA:589,1
DA:591,264
DA:592,0
DA:593,0
DA:594,0
DA:595,0
DA:596,0
DA:597,0
DA:598,0
DA:599,0
DA:600,0
DA:601,0
DA:602,0
DA:603,0
DA:604,0
DA:605,0
DA:606,0
DA:607,0
DA:608,0
DA:609,0
DA:610,0
DA:611,0
DA:612,0
DA:613,0
DA:615,264
DA:616,24
DA:617,24
DA:618,24
DA:620,264
DA:621,20
DA:622,20
DA:623,20
DA:624,20
DA:625,20
DA:626,20
DA:627,20
DA:628,20
DA:629,20
DA:630,20
DA:631,20
DA:632,20
DA:637,264
DA:638,20
DA:639,20
DA:640,20
DA:641,20
DA:642,20
DA:643,20
DA:644,20
DA:645,20
DA:647,264
DA:648,1
DA:649,1
DA:650,1
DA:651,1
DA:652,1
DA:653,1
DA:654,1
DA:655,1
DA:656,1
DA:658,1
DA:659,1
DA:660,1
DA:661,1
DA:662,1
DA:663,1
DA:664,1
DA:665,1
DA:666,1
DA:667,1
DA:668,1
DA:669,1
DA:671,264
DA:672,37
DA:673,37
DA:674,37
DA:675,37
DA:676,37
DA:677,37
DA:678,92
DA:679,92
DA:680,43
DA:681,43
DA:682,43
DA:683,43
DA:684,43
DA:685,37
DA:686,37
DA:687,37
DA:689,264
DA:690,37
DA:691,37
DA:692,37
DA:693,37
DA:694,37
DA:696,264
DA:697,20
DA:699,20
DA:700,20
DA:701,20
DA:703,20
DA:704,20
DA:705,20
DA:706,1
DA:707,1
DA:708,1
DA:709,1
DA:711,0
DA:712,20
DA:715,264
DA:716,20
DA:717,20
DA:718,20
DA:719,20
DA:721,264
DA:722,21
DA:723,1
DA:724,1
DA:725,1
DA:726,1
DA:727,20
DA:728,20
DA:729,21
DA:732,264
DA:733,48
DA:735,48
DA:736,48
DA:738,46
DA:739,48
DA:740,48
DA:741,1
DA:742,1
DA:743,1
DA:745,6
DA:746,48
DA:748,264
DA:749,564
DA:750,564
DA:751,170
DA:752,170
DA:753,170
DA:754,170
DA:758,564
DA:759,38
DA:760,38
DA:761,38
DA:762,38
DA:763,22
DA:764,22
DA:765,38
DA:767,372
DA:768,564
DA:772,264
DA:774,264
DA:777,264
DA:779,264
DA:780,0
DA:781,0
DA:782,0
DA:783,0
DA:785,264
DA:786,17
DA:787,17
DA:788,17
DA:789,17
DA:790,17
DA:791,17
DA:792,17
DA:793,17
DA:794,17
DA:795,17
DA:796,17
DA:797,17
DA:800,264
DA:801,0
DA:802,0
DA:803,0
DA:804,0
DA:805,0
DA:806,0
DA:807,0
DA:808,0
DA:809,0
DA:810,0
DA:811,0
DA:813,264
DA:814,3
DA:815,3
DA:816,3
DA:817,3
DA:818,3
DA:819,3
DA:820,1
DA:822,0
DA:823,0
DA:824,0
DA:826,3
DA:827,3
DA:828,0
DA:829,0
DA:830,0
DA:831,3
DA:833,264
DA:834,88
DA:835,88
DA:837,2
DA:838,2
DA:839,0
DA:840,88
DA:841,0
DA:842,0
DA:843,0
DA:844,0
DA:846,2
DA:847,88
DA:849,264
DA:850,2
DA:851,2
DA:852,2
DA:854,2
DA:855,2
DA:856,2
DA:857,2
DA:859,2
DA:860,2
DA:861,2
DA:862,2
DA:863,2
DA:865,2
DA:866,2
DA:867,2
DA:868,2
DA:869,2
DA:870,2
DA:871,2
DA:872,2
DA:873,2
DA:874,2
DA:875,2
DA:876,2
DA:877,2
DA:878,2
DA:879,2
DA:880,2
DA:881,2
DA:883,2
DA:884,2
DA:885,2
DA:887,264
DA:888,2
DA:889,2
DA:890,1
DA:891,1
DA:892,2
DA:893,2
DA:894,2
DA:895,2
DA:897,264
DA:898,2
DA:899,2
DA:900,2
DA:901,2
DA:902,1
DA:903,1
DA:904,1
DA:905,2
DA:907,264
DA:908,2
DA:909,2
DA:910,2
DA:912,2
DA:914,264
DA:915,4
DA:916,4
DA:917,0
DA:918,0
DA:919,0
DA:920,4
DA:921,0
DA:922,0
DA:923,0
DA:924,4
DA:925,0
DA:926,0
DA:927,0
DA:929,4
DA:930,4
DA:931,4
DA:932,4
DA:933,4
DA:934,4
DA:935,4
DA:936,4
DA:938,4
DA:939,0
DA:940,0
DA:941,0
DA:942,0
DA:943,0
DA:944,0
DA:945,0
DA:946,0
DA:947,0
DA:948,0
DA:949,0
DA:951,4
DA:952,4
DA:953,4
DA:954,4
DA:955,4
DA:958,4
DA:959,4
DA:960,1
DA:961,4
DA:962,3
DA:963,3
DA:964,4
DA:966,264
DA:967,4
DA:968,4
DA:969,1
DA:970,1
DA:971,1
DA:972,4
DA:973,1
DA:974,1
DA:975,1
DA:976,4
DA:977,1
DA:978,1
DA:979,1
DA:981,4
DA:982,4
DA:983,4
DA:985,1
DA:986,1
DA:987,1
DA:988,1
DA:989,1
DA:991,4
DA:992,0
DA:993,0
DA:994,0
DA:995,0
DA:997,1
DA:998,1
DA:999,4
DA:1000,4
DA:1002,4
DA:1003,2
DA:1004,2
DA:1005,2
DA:1006,1
DA:1007,0
DA:1008,2
DA:1010,4
DA:1011,1
DA:1012,1
DA:1013,1
DA:1014,4
DA:1015,4
DA:1016,4
DA:1017,4
DA:1018,4
DA:1019,4
DA:1020,4
DA:1021,4
DA:1022,4
DA:1023,4
DA:1024,4
DA:1025,4
DA:1027,264
DA:1028,1
DA:1029,1
DA:1030,0
DA:1031,0
DA:1032,0
DA:1033,1
DA:1034,0
DA:1035,0
DA:1036,0
DA:1037,1
DA:1038,0
DA:1039,0
DA:1040,0
DA:1042,1
DA:1043,1
DA:1044,1
DA:1046,1
DA:1047,1
DA:1048,1
DA:1049,1
DA:1050,1
DA:1052,1
DA:1053,0
DA:1054,0
DA:1055,0
DA:1056,0
DA:1058,1
DA:1059,1
DA:1060,1
DA:1061,1
DA:1062,1
DA:1063,1
DA:1065,1
DA:1066,2
DA:1067,2
DA:1068,2
DA:1069,2
DA:1070,2
DA:1071,2
DA:1072,2
DA:1073,2
DA:1075,1
DA:1076,2
DA:1077,2
DA:1078,2
DA:1079,1
DA:1080,0
DA:1081,2
DA:1083,1
DA:1084,1
DA:1085,1
DA:1086,1
DA:1087,1
DA:1088,1
DA:1089,1
DA:1090,1
DA:1091,1
DA:1092,1
DA:1093,1
DA:1094,1
DA:1095,1
DA:1096,1
DA:1097,1
DA:1098,1
DA:1100,1
DA:1101,1
DA:1102,1
DA:1103,1
DA:1104,1
DA:1105,1
DA:1106,1
DA:1107,2
DA:1108,1
DA:1109,1
DA:1110,1
DA:1111,1
DA:1112,1
DA:1113,0
DA:1114,1
DA:1115,1
DA:1116,1
DA:1117,1
DA:1118,1
DA:1119,1
DA:1120,1
DA:1121,1
DA:1122,1
DA:1123,1
DA:1124,1
DA:1125,1
DA:1127,264
DA:1128,1
DA:1129,1
DA:1130,1
DA:1131,1
DA:1132,1
DA:1134,1
DA:1135,1
DA:1136,1
DA:1137,1
DA:1138,1
DA:1139,1
DA:1140,1
DA:1141,1
DA:1142,1
DA:1143,1
DA:1144,1
DA:1145,1
DA:1146,1
DA:1147,0
DA:1148,0
DA:1149,0
DA:1150,1
DA:1151,0
DA:1152,0
DA:1153,0
DA:1154,1
DA:1155,1
DA:1156,1
DA:1158,264
DA:1159,3
DA:1160,3
DA:1161,6
DA:1162,6
DA:1163,3
DA:1164,3
DA:1165,3
DA:1166,3
DA:1168,264
DA:1169,3
DA:1170,3
DA:1171,3
DA:1172,3
DA:1173,3
DA:1174,3
DA:1175,3
DA:1176,3
DA:1177,3
DA:1178,3
DA:1179,0
DA:1180,0
DA:1182,3
DA:1183,3
DA:1184,3
DA:1185,3
DA:1186,3
DA:1187,3
DA:1188,3
DA:1189,3
DA:1191,3
DA:1192,3
DA:1193,3
DA:1194,3
DA:1195,3
DA:1196,3
DA:1197,3
DA:1198,3
DA:1199,3
DA:1200,3
DA:1201,3
DA:1202,3
DA:1203,3
DA:1204,3
DA:1205,3
DA:1207,264
DA:1208,1
DA:1209,1
DA:1210,1
DA:1211,1
DA:1213,264
DA:1214,2
DA:1215,2
DA:1217,264
DA:1218,3
DA:1219,3
DA:1220,3
DA:1221,3
DA:1222,3
DA:1223,3
DA:1224,3
DA:1225,3
DA:1226,3
DA:1227,3
DA:1228,3
DA:1229,3
DA:1230,1
DA:1231,1
DA:1232,1
DA:1233,1
DA:1234,1
DA:1235,1
DA:1236,1
DA:1237,1
DA:1238,1
DA:1240,2
DA:1241,3
DA:1242,2
DA:1243,2
DA:1244,3
DA:1245,1
DA:1246,1
DA:1247,1
DA:1248,1
DA:1249,1
DA:1250,3
DA:1251,0
DA:1252,0
DA:1253,0
DA:1254,0
DA:1255,0
DA:1256,0
DA:1257,0
DA:1258,0
DA:1259,3
DA:1261,264
DA:1262,6
DA:1263,6
DA:1264,6
DA:1265,6
DA:1266,6
DA:1268,264
DA:1269,2
DA:1270,2
DA:1271,1
DA:1272,1
DA:1273,1
DA:1274,2
DA:1276,264
DA:1277,6
DA:1278,6
DA:1279,6
DA:1280,6
DA:1281,6
DA:1282,6
DA:1283,6
DA:1284,6
DA:1285,6
DA:1286,6
DA:1287,6
DA:1288,6
DA:1289,0
DA:1290,6
DA:1291,6
DA:1292,6
DA:1294,264
DA:1295,2
DA:1296,2
DA:1298,0
DA:1299,0
DA:1300,0
DA:1301,0
DA:1303,0
DA:1304,0
DA:1306,0
DA:1307,0
DA:1308,0
DA:1309,0
DA:1310,0
DA:1311,0
DA:1312,0
DA:1313,0
DA:1314,0
DA:1315,0
DA:1316,2
DA:1317,0
DA:1318,0
DA:1319,2
DA:1320,0
DA:1321,0
DA:1322,0
DA:1323,0
DA:1324,0
DA:1325,0
DA:1326,0
DA:1328,0
DA:1329,2
DA:1331,264
DA:1332,25
DA:1333,25
DA:1334,0
DA:1335,0
DA:1336,25
DA:1337,25
DA:1338,25
DA:1339,25
DA:1340,25
DA:1342,264
DA:1343,264
DA:1344,1
DA:1346,1
DA:1347,0
DA:1348,0
DA:1349,0
DA:1351,1
DA:1352,0
DA:1353,0
DA:1354,0
DA:1355,0
DA:1356,0
DA:1357,0
DA:1358,0
DA:1359,0
DA:1360,0
DA:1361,0
DA:1362,0
DA:1363,0
DA:1364,0
DA:1365,0
DA:1366,0
DA:1367,0
DA:1368,0
DA:1369,0
DA:1371,1
DA:1373,1
DA:1374,0
DA:1375,0
DA:1377,1
DA:1378,1
DA:1379,0
DA:1380,0
DA:1381,0
DA:1383,1
DA:1384,1
DA:1385,1
DA:1386,264
DA:1387,264
DA:1390,264
DA:1391,2
DA:1392,2
DA:1393,2
DA:1394,2
DA:1395,2
DA:1396,0
DA:1397,0
DA:1398,2
DA:1400,264
DA:1401,2
DA:1402,2
DA:1403,2
DA:1404,1
DA:1405,1
DA:1406,1
DA:1407,2
DA:1409,264
DA:1410,3
DA:1413,3
DA:1414,3
DA:1417,3
DA:1418,3
DA:1419,3
DA:1420,0
DA:1421,0
DA:1422,0
DA:1423,3
DA:1425,3
DA:1426,3
DA:1427,3
DA:1428,3
DA:1429,3
DA:1430,3
DA:1431,3
DA:1432,1
DA:1433,1
DA:1434,1
DA:1436,3
DA:1437,3
DA:1438,3
DA:1439,3
DA:1440,3
DA:1441,3
DA:1442,3
DA:1444,3
DA:1445,3
DA:1447,2
DA:1448,3
DA:1450,3
DA:1451,3
DA:1452,3
DA:1453,3
DA:1454,3
DA:1455,3
DA:1456,3
DA:1457,3
DA:1458,3
DA:1459,3
DA:1460,3
DA:1461,0
DA:1462,0
DA:1463,0
DA:1464,0
DA:1465,0
DA:1466,0
DA:1468,2
DA:1470,2
DA:1471,2
DA:1472,2
DA:1473,2
DA:1474,2
DA:1475,2
DA:1476,2
DA:1477,4
DA:1478,4
DA:1479,4
DA:1480,2
DA:1481,2
DA:1482,2
DA:1483,2
DA:1485,3
DA:1486,1
DA:1487,1
DA:1488,1
DA:1489,1
DA:1490,1
DA:1491,1
DA:1492,1
DA:1493,1
DA:1494,1
DA:1495,1
DA:1496,2
DA:1497,2
DA:1498,1
DA:1499,1
DA:1500,1
DA:1501,1
DA:1502,1
DA:1503,1
DA:1504,1
DA:1505,1
DA:1506,1
DA:1507,1
DA:1508,1
DA:1509,1
DA:1510,1
DA:1511,1
DA:1512,1
DA:1514,2
DA:1516,3
DA:1517,1
DA:1518,1
DA:1519,1
DA:1520,1
DA:1521,1
DA:1522,1
DA:1523,1
DA:1524,1
DA:1525,1
DA:1526,0
DA:1527,1
DA:1528,1
DA:1529,1
DA:1532,3
DA:1534,3
DA:1535,2
DA:1536,3
DA:1537,2
DA:1538,2
DA:1539,1
DA:1540,2
DA:1541,3
DA:1544,3
DA:1545,2
DA:1546,2
DA:1547,2
DA:1548,2
DA:1549,0
DA:1550,3
DA:1553,3
DA:1554,2
DA:1555,2
DA:1556,0
DA:1557,0
DA:1558,0
DA:1559,3
DA:1560,3
DA:1561,3
DA:1562,3
DA:1563,3
DA:1564,3
DA:1565,3
DA:1567,264
DA:1568,32
DA:1570,32
DA:1571,31
DA:1572,31
DA:1573,31
DA:1574,31
DA:1575,31
DA:1576,31
DA:1577,31
DA:1578,31
DA:1579,31
DA:1580,31
DA:1581,31
DA:1582,31
DA:1583,31
DA:1584,31
DA:1585,84
DA:1586,84
DA:1587,31
DA:1588,31
DA:1589,31
DA:1591,32
DA:1592,1
DA:1593,1
DA:1595,32
DA:1596,32
DA:1597,0
DA:1598,0
DA:1599,0
DA:1601,32
DA:1602,32
DA:1604,32
DA:1605,32
DA:1606,32
DA:1607,1
DA:1608,1
DA:1609,1
DA:1611,31
DA:1612,31
DA:1614,31
DA:1615,32
DA:1617,32
DA:1618,31
DA:1619,31
DA:1620,31
DA:1621,31
DA:1622,31
DA:1624,31
DA:1625,31
DA:1626,31
DA:1628,31
DA:1629,31
DA:1630,8
DA:1631,8
DA:1632,8
DA:1633,8
DA:1634,8
DA:1635,8
DA:1636,8
DA:1638,31
DA:1639,8
DA:1640,23
DA:1643,31
DA:1644,31
DA:1645,31
DA:1647,31
DA:1648,17
DA:1649,17
DA:1650,31
DA:1652,31
DA:1653,31
DA:1654,31
DA:1656,31
DA:1657,32
DA:1658,0
DA:1659,0
DA:1660,32
DA:1661,32
DA:1663,32
DA:1664,32
DA:1665,32
DA:1666,264
DA:1668,264
DA:1669,63
DA:1670,264
DA:1672,264
DA:1673,32
DA:1674,32
DA:1675,32
DA:1676,32
DA:1677,32
DA:1678,32
DA:1679,0
DA:1680,0
DA:1681,32
DA:1682,32
DA:1683,264
DA:1685,264
DA:1686,63
DA:1687,63
DA:1688,63
DA:1690,11
DA:1691,11
DA:1692,11
DA:1693,11
DA:1694,11
DA:1696,11
DA:1697,11
DA:1698,11
DA:1699,9
DA:1700,9
DA:1701,9
DA:1702,9
DA:1703,9
DA:1705,11
DA:1706,11
DA:1707,9
DA:1708,9
DA:1709,9
DA:1710,9
DA:1711,0
DA:1712,0
DA:1713,0
DA:1714,0
DA:1715,0
DA:1716,9
DA:1718,11
DA:1719,11
DA:1720,11
DA:1722,11
DA:1724,11
DA:1725,11
DA:1726,11
DA:1727,11
DA:1728,11
DA:1729,11
DA:1731,11
DA:1732,264
DA:1734,264
DA:1735,63
DA:1736,31
DA:1737,31
DA:1738,31
DA:1739,31
DA:1740,31
DA:1741,31
DA:1742,31
DA:1743,31
DA:1744,31
DA:1745,31
DA:1746,31
DA:1747,31
DA:1748,31
DA:1749,31
DA:1750,84
DA:1751,84
DA:1752,31
DA:1753,31
DA:1754,31
DA:1755,264
DA:1757,264
DA:1758,43
DA:1759,11
DA:1761,11
DA:1762,12
DA:1763,12
DA:1764,12
DA:1765,12
DA:1767,11
DA:1768,11
DA:1771,11
DA:1772,1
DA:1773,1
DA:1774,1
DA:1775,1
DA:1777,11
DA:1779,11
DA:1780,11
DA:1781,11
DA:1782,11
DA:1783,264
DA:1785,264
DA:1787,264
DA:1788,264
DA:1789,264
DA:1791,264
DA:1792,144
DA:1793,6
DA:1795,6
DA:1796,19
DA:1797,19
DA:1798,19
DA:1799,5
DA:1800,5
DA:1801,5
DA:1802,19
DA:1803,19
DA:1805,6
DA:1806,6
DA:1807,264
DA:1809,264
DA:1810,32
DA:1811,32
DA:1812,32
DA:1813,32
DA:1814,32
DA:1815,32
DA:1816,32
DA:1817,84
DA:1818,84
DA:1819,32
DA:1820,32
DA:1821,32
DA:1822,32
DA:1823,264
DA:1826,264
DA:1827,86
DA:1829,49
DA:1830,42
DA:1833,46
DA:1834,0
DA:1835,0
DA:1836,0
DA:1837,0
DA:1838,0
DA:1839,0
DA:1840,0
DA:1841,0
DA:1842,0
DA:1843,0
DA:1844,0
DA:1845,0
DA:1846,0
DA:1847,46
DA:1848,42
DA:1849,49
DA:1850,264
DA:1852,264
DA:1853,134
DA:1854,264
DA:1856,264
DA:1857,49
DA:1858,3
DA:1859,3
DA:1860,264
DA:1862,264
DA:1863,47
DA:1864,44
DA:1865,44
DA:1866,44
DA:1867,44
DA:1868,44
DA:1869,44
DA:1870,264
DA:1872,264
DA:1873,32
DA:1874,0
DA:1875,0
DA:1876,264
DA:1878,264
DA:1879,39
DA:1880,68
DA:1881,62
DA:1882,62
DA:1883,62
DA:1884,62
DA:1887,68
DA:1888,24
DA:1889,24
DA:1890,68
DA:1892,39
DA:1893,39
DA:1894,39
DA:1895,39
DA:1896,264
DA:1898,264
DA:1899,192
DA:1900,88
DA:1901,88
DA:1902,88
DA:1903,88
DA:1905,88
DA:1906,88
DA:1907,88
DA:1908,88
DA:1910,180
DA:1911,192
DA:1913,192
DA:1915,80
DA:1916,81
DA:1917,81
DA:1918,80
DA:1919,80
DA:1922,88
DA:1923,18
DA:1924,18
DA:1925,88
DA:1927,88
DA:1928,192
DA:1929,2
DA:1930,2
DA:1931,2
DA:1932,2
DA:1933,4
DA:1934,2
DA:1935,2
DA:1936,2
DA:1938,192
DA:1939,0
DA:1940,0
DA:1942,192
DA:1943,2
DA:1944,2
DA:1946,88
DA:1947,192
DA:1948,88
DA:1949,88
DA:1950,88
DA:1951,186
DA:1952,186
DA:1953,186
DA:1954,412
DA:1955,412
DA:1956,412
DA:1958,34
DA:1959,34
DA:1960,34
DA:1961,412
DA:1962,0
DA:1963,408
DA:1964,34
DA:1965,34
DA:1966,412
DA:1967,186
DA:1968,88
DA:1970,88
DA:1971,192
DA:1972,88
DA:1973,88
DA:1974,88
DA:1975,88
DA:1976,186
DA:1977,186
DA:1978,186
DA:1979,412
DA:1980,412
DA:1982,0
DA:1983,0
DA:1984,412
DA:1985,0
DA:1986,0
DA:1987,0
DA:1988,0
DA:1989,0
DA:1990,0
DA:1991,0
DA:1992,0
DA:1993,0
DA:1994,412
DA:1995,186
DA:1996,88
DA:1997,264
DA:1998,264
DA:1999,264
DA:2000,264
DA:2001,264
DA:2002,264
DA:2003,264
DA:2004,264
DA:2005,264
DA:2006,264
DA:2007,264
DA:2008,264
DA:2009,264
DA:2010,264
DA:2011,264
DA:2012,264
DA:2013,264
DA:2014,264
DA:2015,264
DA:2016,264
DA:2018,264
DA:2019,193
DA:2021,88
DA:2022,88
DA:2024,88
DA:2025,4
DA:2026,4
DA:2028,4
DA:2029,1
DA:2030,0
DA:2031,0
DA:2032,1
DA:2033,1
DA:2035,3
DA:2036,3
DA:2037,0
DA:2038,0
DA:2039,0
DA:2040,0
DA:2041,0
DA:2042,0
DA:2043,0
DA:2044,0
DA:2045,0
DA:2046,4
DA:2047,0
DA:2048,0
DA:2049,0
DA:2051,4
DA:2052,4
DA:2053,0
DA:2054,0
DA:2055,0
DA:2056,4
DA:2057,0
DA:2058,0
DA:2059,0
DA:2062,3
DA:2064,4
DA:2065,0
DA:2066,0
DA:2067,0
DA:2069,4
DA:2070,0
DA:2071,0
DA:2072,0
DA:2074,4
DA:2075,0
DA:2076,0
DA:2077,0
DA:2079,3
DA:2080,4
DA:2081,4
DA:2082,4
DA:2083,4
DA:2085,4
DA:2086,4
DA:2087,0
DA:2088,0
DA:2090,3
DA:2092,4
DA:2093,0
DA:2094,0
DA:2096,3
DA:2097,4
DA:2099,88
DA:2100,88
DA:2101,264
DA:2103,264
DA:2104,137
DA:2105,50
DA:2106,50
DA:2108,50
DA:2109,1
DA:2110,1
DA:2111,1
DA:2112,0
DA:2113,1
DA:2114,1
DA:2115,1
DA:2116,1
DA:2118,50
DA:2120,50
DA:2121,50
DA:2122,50
DA:2123,50
DA:2124,50
DA:2125,50
DA:2126,264
DA:2128,264
DA:2129,70
DA:2130,36
DA:2131,36
DA:2132,264
DA:2134,264
DA:2135,61
DA:2136,61
DA:2137,61
DA:2138,61
DA:2139,61
DA:2140,61
DA:2141,61
DA:2142,61
DA:2143,61
DA:2144,61
DA:2145,264
DA:2147,264
DA:2148,58
DA:2149,34
DA:2150,34
DA:2151,34
DA:2152,34
DA:2153,34
DA:2154,34
DA:2155,264
DA:2157,264
DA:2158,63
DA:2159,63
DA:2160,17
DA:2161,264
DA:2163,264
DA:2164,63
DA:2165,63
DA:2166,63
DA:2167,63
DA:2169,63
DA:2170,63
DA:2171,63
DA:2173,63
DA:2174,14
DA:2175,3
DA:2176,3
DA:2177,3
DA:2178,0
DA:2179,0
DA:2180,0
DA:2181,0
DA:2183,0
DA:2184,0
DA:2185,0
DA:2186,0
DA:2187,0
DA:2188,0
DA:2189,0
DA:2190,0
DA:2191,0
DA:2192,0
DA:2193,0
DA:2194,0
DA:2195,0
DA:2196,0
DA:2197,0
DA:2198,0
DA:2199,0
DA:2200,0
DA:2201,0
DA:2202,0
DA:2203,0
DA:2204,0
DA:2206,0
DA:2207,0
DA:2208,0
DA:2209,0
DA:2210,0
DA:2211,0
DA:2212,0
DA:2214,0
DA:2215,0
DA:2216,0
DA:2217,0
DA:2218,0
DA:2219,0
DA:2220,0
DA:2221,0
DA:2222,0
DA:2223,0
DA:2224,0
DA:2225,0
DA:2226,0
DA:2227,0
DA:2229,0
DA:2230,0
DA:2231,0
DA:2232,0
DA:2233,0
DA:2234,0
DA:2236,0
DA:2237,0
DA:2238,0
DA:2240,0
DA:2241,0
DA:2242,0
DA:2243,0
DA:2244,0
DA:2245,0
DA:2246,0
DA:2247,0
DA:2248,0
DA:2249,0
DA:2250,0
DA:2251,0
DA:2253,0
DA:2254,0
DA:2255,0
DA:2256,0
DA:2257,0
DA:2258,0
DA:2261,0
DA:2262,0
DA:2263,0
DA:2264,0
DA:2265,0
DA:2266,0
DA:2267,0
DA:2268,0
DA:2269,0
DA:2270,0
DA:2271,0
DA:2272,0
DA:2273,0
DA:2274,0
DA:2275,0
DA:2276,0
DA:2277,0
DA:2278,0
DA:2279,0
DA:2280,0
DA:2281,0
DA:2282,0
DA:2283,0
DA:2284,0
DA:2285,0
DA:2286,0
DA:2287,0
DA:2288,0
DA:2289,0
DA:2290,0
DA:2291,0
DA:2292,0
DA:2293,0
DA:2294,0
DA:2295,0
DA:2296,0
DA:2297,0
DA:2298,0
DA:2299,0
DA:2300,0
DA:2301,0
DA:2302,0
DA:2303,0
DA:2304,0
DA:2305,0
DA:2306,0
DA:2307,0
DA:2308,0
DA:2309,3
DA:2310,1
DA:2311,1
DA:2312,1
DA:2313,1
DA:2314,1
DA:2315,1
DA:2316,1
DA:2317,1
DA:2318,1
DA:2319,1
DA:2320,1
DA:2321,1
DA:2322,1
DA:2323,3
DA:2324,1
DA:2325,1
DA:2326,1
DA:2327,1
DA:2328,1
DA:2329,1
DA:2330,3
DA:2332,1
DA:2333,3
DA:2335,14
DA:2336,1
DA:2337,1
DA:2338,1
DA:2339,1
DA:2340,1
DA:2341,1
DA:2342,1
DA:2343,1
DA:2344,1
DA:2345,1
DA:2346,1
DA:2347,1
DA:2348,1
DA:2349,1
DA:2350,1
DA:2351,1
DA:2352,1
DA:2353,1
DA:2354,1
DA:2355,1
DA:2356,1
DA:2358,14
DA:2359,1
DA:2360,1
DA:2361,1
DA:2362,1
DA:2363,1
DA:2364,1
DA:2365,1
DA:2366,1
DA:2367,2
DA:2368,1
DA:2369,1
DA:2370,1
DA:2371,1
DA:2372,1
DA:2373,1
DA:2374,1
DA:2375,1
DA:2376,1
DA:2377,1
DA:2378,1
DA:2379,1
DA:2380,1
DA:2381,1
DA:2382,1
DA:2384,14
DA:2385,1
DA:2386,1
DA:2387,1
DA:2388,1
DA:2389,1
DA:2390,1
DA:2391,1
DA:2392,2
DA:2393,1
DA:2394,1
DA:2395,1
DA:2396,1
DA:2397,1
DA:2398,1
DA:2399,1
DA:2400,1
DA:2401,1
DA:2402,1
DA:2403,1
DA:2404,1
DA:2405,1
DA:2406,1
DA:2407,1
DA:2409,14
DA:2410,1
DA:2411,1
DA:2412,1
DA:2413,1
DA:2414,1
DA:2415,1
DA:2416,1
DA:2417,1
DA:2418,1
DA:2419,1
DA:2420,1
DA:2421,1
DA:2422,1
DA:2423,0
DA:2424,1
DA:2425,1
DA:2426,1
DA:2427,1
DA:2428,0
DA:2429,1
DA:2430,1
DA:2431,1
DA:2432,1
DA:2433,1
DA:2434,1
DA:2436,14
DA:2437,1
DA:2438,1
DA:2439,1
DA:2440,1
DA:2441,1
DA:2442,1
DA:2443,1
DA:2444,1
DA:2445,1
DA:2446,1
DA:2447,1
DA:2448,1
DA:2449,1
DA:2450,1
DA:2452,14
DA:2453,1
DA:2454,1
DA:2455,1
DA:2456,1
DA:2457,1
DA:2458,1
DA:2459,1
DA:2460,1
[...]
FN:28,gameExists
FNF:2
FNH:2
FNDA:8,parseGameLink
FNDA:4,gameExists
DA:1,1
DA:3,1
DA:4,1
DA:6,1
DA:7,8
DA:8,8
DA:10,8
DA:11,1
DA:12,1
DA:13,1
DA:14,1
DA:15,1
DA:16,0
DA:17,0
DA:18,1
DA:20,6
DA:21,8
DA:23,8
DA:25,2
DA:26,2
DA:28,4
DA:29,4
DA:30,4
DA:31,4
LF:24
LH:22
BRDA:6,0,0,8
BRDA:8,1,0,1
BRDA:8,2,0,7
BRDA:10,3,0,1
BRDA:15,4,0,0
BRDA:18,5,0,6
BRDA:21,6,0,1
BRDA:21,7,0,1
BRDA:21,8,0,5
BRDA:23,9,0,4
BRDA:23,10,0,3
BRDA:23,11,0,2
BRDA:28,12,0,4
BRF:13
BRH:12
end_of_record
TN:
SF:src/utils/mapBuilder.ts
FN:9,createEmptyTileData
FN:45,normalizeTileData
FN:89,resizeTileData
FN:121,slugifyMapName
FN:136,validateConquestSpawnExport
FN:168,validateWarMapExport
FN:202,validateCtfMapExport
FN:237,mapHasValidCtfSetup
FN:241,countCtfPieces
FN:261,canExportMap
FN:276,buildMapExport
FN:302,downloadMapJson
FN:312,parseMapImport
FNF:13
FNH:13
FNDA:121,createEmptyTileData
FNDA:5,normalizeTileData
FNDA:3,resizeTileData
FNDA:7,slugifyMapName
FNDA:29,validateConquestSpawnExport
FNDA:10,validateWarMapExport
FNDA:7,validateCtfMapExport
FNDA:4,mapHasValidCtfSetup
FNDA:4,countCtfPieces
FNDA:26,canExportMap
FNDA:4,buildMapExport
FNDA:1,downloadMapJson
FNDA:4,parseMapImport
DA:2,1
DA:9,1
DA:10,121
DA:11,121
DA:12,121
DA:13,121
DA:14,121
DA:15,121
DA:16,121
DA:17,121
DA:18,121
DA:20,121
DA:21,768
DA:22,768
DA:23,768
DA:24,768
DA:25,768
DA:26,768
DA:27,768
DA:28,768
DA:29,768
DA:30,768
DA:32,768
DA:33,768
DA:34,768
DA:35,768
DA:36,768
DA:37,768
DA:38,768
DA:39,768
DA:40,768
DA:41,768
DA:42,768
DA:43,768
DA:45,1
DA:46,5
DA:47,5
DA:49,4
DA:50,5
DA:52,5
DA:53,6
DA:54,10
DA:55,10
DA:56,10
DA:57,10
DA:58,1
DA:59,1
DA:60,10
DA:61,0
DA:62,0
DA:63,10
DA:64,0
DA:65,0
DA:66,10
DA:67,3
DA:68,3
DA:69,10
DA:70,3
DA:71,3
DA:72,10
DA:73,1
DA:74,1
DA:75,10
DA:76,10
DA:77,9
DA:78,9
DA:79,10
DA:80,10
DA:81,1
DA:82,1
DA:83,10
DA:84,6
DA:86,4
DA:87,4
DA:89,1
DA:90,3
DA:91,3
DA:92,3
DA:93,3
DA:94,3
DA:95,3
DA:96,3
DA:98,3
DA:99,11
DA:100,101
DA:101,101
DA:102,0
DA:103,101
DA:104,101
DA:105,0
DA:106,101
DA:107,101
DA:108,0
DA:109,101
DA:110,101
DA:111,101
DA:112,101
DA:113,101
DA:114,101
DA:115,101
DA:116,11
DA:118,3
DA:119,3
DA:121,1
DA:122,7
DA:123,7
DA:124,7
DA:125,7
DA:126,7
DA:127,7
DA:128,7
DA:136,1
DA:137,29
DA:138,29
DA:139,29
DA:140,29
DA:141,1
DA:142,1
DA:144,28
DA:145,28
DA:147,28
DA:148,179
DA:149,2102
DA:150,2102
DA:151,2102
DA:152,179
DA:154,29
DA:155,34
DA:156,34
DA:157,23
DA:158,23
DA:159,23
DA:160,23
DA:161,23
DA:162,34
DA:164,5
DA:165,5
DA:168,1
DA:169,10
DA:170,10
DA:171,10
DA:172,10
DA:173,1
DA:174,1
DA:176,9
DA:177,9
DA:179,9
DA:180,18
DA:181,45
DA:182,19
DA:183,45
DA:184,45
DA:185,45
DA:186,18
DA:188,10
DA:189,19
DA:190,19
DA:191,3
DA:192,3
DA:193,3
DA:194,3
DA:195,3
DA:196,19
DA:198,6
DA:199,6
DA:202,1
DA:203,7
DA:204,7
DA:205,7
DA:207,7
DA:208,11
DA:209,20
DA:210,20
DA:211,11
DA:213,7
DA:214,11
DA:215,20
DA:216,8
DA:217,20
DA:218,20
DA:219,20
DA:220,11
DA:222,7
DA:223,7
DA:225,0
DA:226,0
DA:227,0
DA:228,0
DA:229,0
DA:230,0
DA:231,0
DA:232,0
DA:233,0
DA:234,0
DA:235,0
DA:237,1
DA:238,4
DA:239,4
DA:241,4
DA:242,4
DA:243,4
DA:244,4
DA:245,4
DA:246,6
DA:247,10
DA:248,10
DA:249,6
DA:250,4
DA:251,6
DA:252,10
DA:253,2
DA:254,10
DA:255,4
DA:256,10
DA:257,6
DA:258,4
DA:259,4
DA:261,1
DA:262,26
DA:263,26
DA:264,26
DA:265,26
DA:266,26
DA:267,2
DA:268,2
DA:269,24
DA:270,26
DA:271,3
DA:272,24
DA:273,3
DA:274,3
DA:276,1
DA:283,4
DA:284,4
DA:285,4
DA:286,4
DA:287,0
DA:288,0
DA:289,4
DA:290,4
DA:291,4
DA:292,4
DA:293,4
DA:294,4
DA:295,4
DA:296,4
DA:297,4
DA:298,4
DA:299,4
DA:300,4
DA:302,1
DA:303,1
DA:304,1
DA:305,1
DA:306,1
DA:307,1
DA:308,1
DA:309,1
DA:310,1
DA:312,1
DA:313,4
DA:314,1
DA:315,1
DA:316,3
DA:317,3
DA:318,3
DA:319,3
DA:320,2
DA:321,2
DA:322,2
DA:323,2
DA:324,2
DA:325,4
DA:326,1
DA:327,1
DA:328,2
DA:329,2
DA:330,2
DA:331,2
DA:332,2
LF:280
LH:260
BRDA:9,0,0,121
BRDA:20,1,0,768
BRDA:21,2,0,8495
BRDA:22,3,0,8495
BRDA:23,4,0,8495
BRDA:24,5,0,8495
BRDA:25,6,0,8495
BRDA:26,7,0,8495
BRDA:27,8,0,8495
BRDA:28,9,0,8495
BRDA:29,10,0,8495
BRDA:45,11,0,5
BRDA:47,12,0,4
BRDA:47,13,0,1
BRDA:47,14,0,4
BRDA:50,15,0,0
BRDA:52,16,0,6
BRDA:53,17,0,10
BRDA:57,18,0,9
BRDA:57,19,0,1
BRDA:60,20,0,8
BRDA:60,21,0,0
BRDA:63,22,0,8
BRDA:63,23,0,0
BRDA:66,24,0,9
BRDA:66,25,0,3
BRDA:69,26,0,9
BRDA:69,27,0,3
BRDA:72,28,0,9
BRDA:72,29,0,1
BRDA:76,30,0,9
BRDA:80,31,0,2
BRDA:80,32,0,1
BRDA:84,33,0,4
BRDA:89,34,0,3
BRDA:98,35,0,11
BRDA:99,36,0,101
BRDA:101,37,0,0
BRDA:104,38,0,0
BRDA:107,39,0,0
BRDA:121,40,0,7
BRDA:136,41,0,29
BRDA:140,42,0,1
BRDA:142,43,0,28
BRDA:147,44,0,179
BRDA:148,45,0,2102
BRDA:149,46,0,11
BRDA:149,47,0,11
BRDA:149,48,0,2091
BRDA:149,49,0,11
BRDA:154,50,0,34
BRDA:155,51,0,23
BRDA:156,52,0,23
BRDA:162,53,0,5
BRDA:168,54,0,10
BRDA:172,55,0,1
BRDA:174,56,0,9
BRDA:179,57,0,18
BRDA:180,58,0,45
BRDA:181,59,0,22
BRDA:181,60,0,43
BRDA:181,61,0,26
BRDA:181,62,0,19
BRDA:183,63,0,19
BRDA:183,64,0,0
BRDA:183,65,0,42
BRDA:183,66,0,19
BRDA:184,67,0,18
BRDA:188,68,0,19
BRDA:189,69,0,2
BRDA:190,70,0,3
BRDA:196,71,0,6
BRDA:202,72,0,7
BRDA:207,73,0,11
BRDA:208,74,0,20
BRDA:209,75,0,0
BRDA:209,76,0,0
BRDA:213,77,0,11
BRDA:214,78,0,20
BRDA:215,79,0,14
BRDA:215,80,0,12
BRDA:215,81,0,8
BRDA:217,82,0,0
BRDA:217,83,0,8
BRDA:218,84,0,0
BRDA:223,85,0,0
BRDA:237,86,0,4
BRDA:241,87,0,4
BRDA:245,88,0,6
BRDA:246,89,0,10
BRDA:247,90,0,0
BRDA:247,91,0,0
BRDA:250,92,0,6
BRDA:251,93,0,10
BRDA:252,94,0,8
BRDA:252,95,0,2
BRDA:254,96,0,4
BRDA:254,97,0,0
BRDA:254,98,0,2
BRDA:255,99,0,0
BRDA:261,100,0,26
BRDA:266,101,0,24
BRDA:266,102,0,2
BRDA:270,103,0,21
BRDA:270,104,0,24
BRDA:270,105,0,3
BRDA:272,106,0,0
BRDA:272,107,0,3
BRDA:276,108,0,4
BRDA:284,109,0,1
BRDA:286,110,0,0
BRDA:290,111,0,1
BRDA:302,112,0,1
BRDA:307,113,0,0
BRDA:312,114,0,4
BRDA:313,115,0,3
BRDA:313,116,0,1
BRDA:315,117,0,3
BRDA:319,118,0,2
BRDA:320,119,0,2
BRDA:321,120,0,2
BRDA:322,121,0,2
BRDA:323,122,0,2
BRDA:325,123,0,2
BRDA:325,124,0,1
BRF:125
BRH:106
end_of_record
TN:
SF:src/utils/mapMovement.ts
FN:20,normalizeSpecialTile
FN:29,getSpecialTile
FN:40,isWaterTile
FN:48,isRockTile
FN:56,isSandTile
FN:64,isIceTile
FN:72,isLedgeTile
FN:81,normalizedTypes
FN:87,normalizedAbilities
FN:93,unitHasLevitate
FN:100,unitCanCrossWater
FN:109,unitCanCrossRock
FN:118,unitCanStandOnLedge
FN:127,unitCanPassThroughUnits
FN:133,unitIgnoresSandSlow
FN:142,unitIgnoresIceSlide
FN:151,normalizeStepDirection
FN:157,findShortestPath
FN:214,slideOnIceFrom
FN:243,resolveMovementDestination
FN:299,ledgeAllowsEntry
FN:315,canEnterTile
FN:333,isValidMovementDestination
FN:347,buildMovementCostGrid
FN:373,getMovementRangeWithTerrain
FN:430,unitCanOccupyTile
FN:448,filterMovementTilesForUnit
FNF:27
FNH:27
FNDA:229,normalizeSpecialTile
FNDA:229,getSpecialTile
FNDA:1,isWaterTile
FNDA:1,isRockTile
FNDA:1,isSandTile
FNDA:11,isIceTile
FNDA:1,isLedgeTile
FNDA:56,normalizedTypes
FNDA:37,normalizedAbilities
FNDA:37,unitHasLevitate
FNDA:12,unitCanCrossWater
FNDA:9,unitCanCrossRock
FNDA:13,unitCanStandOnLedge
FNDA:7,unitCanPassThroughUnits
FNDA:7,unitIgnoresSandSlow
FNDA:8,unitIgnoresIceSlide
FNDA:1,normalizeStepDirection
FNDA:10,findShortestPath
FNDA:4,slideOnIceFrom
FNDA:7,resolveMovementDestination
FNDA:8,ledgeAllowsEntry
FNDA:34,canEnterTile
FNDA:70,isValidMovementDestination
FNDA:7,buildMovementCostGrid
FNDA:2,getMovementRangeWithTerrain
FNDA:72,unitCanOccupyTile
FNDA:23,filterMovementTilesForUnit
DA:1,1
DA:2,1
DA:3,1
DA:4,1
DA:5,1
DA:6,1
DA:7,1
DA:8,1
DA:9,1
DA:10,1
DA:11,1
DA:12,1
DA:13,1
DA:14,1
DA:15,1
DA:16,1
DA:17,1
DA:18,1
DA:20,1
DA:21,229
DA:22,82
DA:23,41
DA:24,41
DA:25,41
DA:26,1
DA:27,1
DA:29,1
DA:30,229
DA:31,229
DA:32,229
DA:33,229
DA:34,229
DA:35,227
DA:36,229
DA:37,226
DA:38,226
DA:40,1
DA:41,1
DA:42,1
DA:43,1
DA:44,1
DA:45,1
DA:46,1
DA:48,1
DA:49,1
DA:50,1
DA:51,1
DA:52,1
DA:53,1
DA:54,1
DA:56,1
DA:57,1
DA:58,1
DA:59,1
DA:60,1
DA:61,1
DA:62,1
DA:64,1
DA:65,11
DA:66,11
DA:67,11
DA:68,11
DA:69,11
DA:70,11
DA:72,1
DA:73,1
DA:74,1
DA:75,1
DA:76,1
DA:77,1
DA:78,1
DA:79,1
DA:81,56
DA:82,56
DA:83,56
DA:84,56
DA:85,56
DA:87,37
DA:88,37
DA:89,37
DA:90,37
DA:91,37
DA:93,1
DA:94,37
DA:95,37
DA:96,37
DA:97,37
DA:98,37
DA:100,1
DA:101,12
DA:102,12
DA:103,12
DA:104,12
DA:105,12
DA:106,10
DA:107,10
DA:109,1
DA:110,9
DA:111,9
DA:112,9
DA:113,9
DA:114,9
DA:115,5
DA:116,5
DA:118,1
DA:119,13
DA:120,13
DA:121,13
DA:122,13
DA:123,13
DA:124,10
DA:125,10
DA:127,1
DA:128,7
DA:129,7
DA:130,7
DA:131,7
DA:133,1
DA:134,7
DA:135,7
DA:136,7
DA:137,7
DA:138,7
DA:139,5
DA:140,5
DA:142,1
DA:143,8
DA:144,8
DA:145,8
DA:146,8
DA:147,8
DA:148,6
DA:149,6
DA:151,1
DA:152,1
DA:153,1
DA:154,1
DA:155,1
DA:157,1
DA:158,10
DA:159,10
DA:160,10
DA:161,10
DA:162,10
DA:163,10
DA:164,10
DA:165,10
DA:166,10
DA:167,10
DA:168,10
DA:169,10
DA:170,10
DA:172,10
DA:173,10
DA:174,10
DA:175,10
DA:176,10
DA:177,10
DA:178,10
DA:179,10
DA:180,10
DA:181,10
DA:183,10
DA:184,24
DA:185,24
DA:186,6
DA:187,6
DA:188,6
DA:189,7
DA:190,7
DA:191,7
DA:192,6
DA:193,6
DA:194,6
DA:196,24
DA:197,72
DA:198,72
DA:199,72
DA:200,38
DA:201,72
DA:202,26
DA:203,26
DA:204,26
DA:205,19
DA:206,19
DA:207,19
DA:208,19
DA:209,18
DA:211,3
DA:212,3
DA:214,1
DA:215,4
DA:216,4
DA:217,4
DA:218,4
DA:219,4
DA:220,4
DA:221,4
DA:222,4
DA:223,4
DA:224,4
DA:225,4
DA:226,4
DA:227,4
DA:228,4
DA:230,4
DA:231,6
DA:232,6
DA:233,6
DA:234,6
DA:235,6
DA:236,6
DA:237,6
DA:238,2
DA:239,2
DA:240,2
DA:241,4
DA:243,1
DA:244,7
DA:245,7
DA:246,7
DA:247,7
DA:248,7
DA:249,7
DA:250,7
DA:251,7
DA:252,7
DA:253,7
DA:254,7
DA:255,7
DA:256,7
DA:257,7
DA:258,1
DA:259,1
DA:261,6
DA:262,6
DA:263,6
DA:264,6
DA:265,6
DA:266,6
DA:267,6
DA:268,6
DA:269,6
DA:270,6
DA:271,6
DA:272,7
DA:274,5
DA:275,5
DA:276,5
DA:277,5
DA:278,1
DA:279,1
DA:280,5
DA:281,1
DA:282,1
DA:283,1
DA:284,1
DA:285,1
DA:286,1
DA:287,1
DA:288,1
DA:289,1
DA:290,1
DA:291,1
DA:292,1
DA:293,1
DA:294,1
DA:296,4
DA:297,4
DA:299,1
DA:300,8
DA:301,8
DA:302,8
DA:303,8
DA:304,8
DA:305,8
DA:306,8
DA:307,8
DA:308,8
DA:309,8
DA:310,8
DA:311,8
DA:312,1
DA:313,1
DA:315,1
DA:316,34
DA:317,34
DA:318,34
DA:319,34
DA:320,34
DA:321,34
DA:322,34
DA:323,34
DA:324,34
DA:325,34
DA:326,26
DA:327,2
DA:328,2
DA:329,2
DA:330,7
DA:331,7
DA:333,1
DA:334,70
DA:335,70
DA:336,70
DA:337,70
DA:338,70
DA:339,70
DA:340,70
DA:341,70
DA:342,2
DA:343,2
DA:344,68
DA:345,68
DA:347,1
DA:348,7
DA:349,7
DA:350,7
DA:351,7
DA:352,7
DA:353,7
DA:355,6
DA:356,6
DA:357,6
DA:358,6
DA:360,6
DA:361,14
DA:362,34
DA:363,34
DA:364,34
DA:365,34
DA:366,34
DA:367,34
DA:368,27
DA:369,14
DA:370,6
DA:371,6
DA:373,1
DA:374,2
DA:375,2
DA:376,2
DA:377,2
DA:378,2
DA:379,2
DA:380,2
DA:381,2
DA:382,2
DA:383,2
DA:384,2
DA:385,2
DA:386,2
DA:387,2
DA:388,2
DA:390,2
DA:391,2
DA:392,2
DA:393,2
DA:394,2
DA:395,2
DA:397,2
DA:398,6
DA:399,6
DA:400,6
DA:401,6
DA:403,6
DA:404,6
DA:405,6
DA:407,6
DA:408,24
DA:409,24
DA:410,24
DA:412,12
DA:413,24
DA:414,10
DA:415,6
DA:417,6
DA:418,6
DA:420,6
DA:421,14
DA:422,4
DA:423,4
DA:424,24
DA:425,6
DA:427,2
DA:428,2
DA:430,1
DA:431,72
DA:432,72
DA:433,72
DA:434,72
DA:435,72
DA:436,72
DA:437,72
DA:438,72
DA:439,72
DA:440,72
DA:441,72
DA:442,1
DA:443,1
DA:444,66
DA:445,66
DA:448,1
DA:449,23
DA:450,23
DA:451,23
DA:452,23
DA:453,23
DA:454,23
DA:455,22
DA:456,63
DA:457,62
DA:458,22
DA:459,22
LF:413
LH:413
BRDA:20,0,0,229
BRDA:21,1,0,187
BRDA:21,2,0,82
BRDA:21,3,0,42
BRDA:22,4,0,41
BRDA:24,5,0,0
BRDA:25,6,0,1
BRDA:29,7,0,229
BRDA:34,8,0,228
BRDA:34,9,0,228
BRDA:34,10,0,227
BRDA:34,11,0,2
BRDA:34,12,0,227
BRDA:36,13,0,226
BRDA:36,14,0,1
BRDA:36,15,0,226
BRDA:40,16,0,1
BRDA:48,17,0,1
BRDA:56,18,0,1
BRDA:64,19,0,11
BRDA:72,20,0,1
BRDA:81,21,0,56
BRDA:83,22,0,1
BRDA:83,23,0,55
BRDA:87,24,0,37
BRDA:89,25,0,23
BRDA:89,26,0,2
BRDA:93,27,0,37
BRDA:100,28,0,12
BRDA:105,29,0,11
BRDA:105,30,0,2
BRDA:105,31,0,10
BRDA:109,32,0,9
BRDA:114,33,0,6
BRDA:114,34,0,4
BRDA:114,35,0,5
BRDA:118,36,0,13
BRDA:123,37,0,3
BRDA:123,38,0,10
BRDA:127,39,0,7
BRDA:133,40,0,7
BRDA:138,41,0,6
BRDA:138,42,0,2
BRDA:138,43,0,5
BRDA:142,44,0,8
BRDA:147,45,0,6
BRDA:147,46,0,2
BRDA:147,47,0,6
BRDA:151,48,0,1
BRDA:152,49,0,0
BRDA:152,50,0,0
BRDA:153,51,0,0
BRDA:157,52,0,10
BRDA:170,53,0,1
BRDA:170,54,0,1
BRDA:170,55,0,9
BRDA:172,56,0,5
BRDA:183,57,0,24
BRDA:185,58,0,8
BRDA:185,59,0,21
BRDA:185,60,0,6
BRDA:188,61,0,7
BRDA:194,62,0,18
BRDA:196,63,0,72
BRDA:199,64,0,60
BRDA:199,65,0,48
BRDA:199,66,0,45
BRDA:199,67,0,66
BRDA:199,68,0,34
BRDA:199,69,0,38
BRDA:201,70,0,37
BRDA:201,71,0,12
BRDA:201,72,0,26
BRDA:202,73,0,0
BRDA:202,74,0,26
BRDA:204,75,0,7
BRDA:204,76,0,19
BRDA:208,77,0,18
BRDA:209,78,0,3
BRDA:214,79,0,4
BRDA:226,80,0,2
BRDA:230,81,0,6
BRDA:233,82,0,0
BRDA:235,83,0,1
BRDA:235,84,0,5
BRDA:236,85,0,1
BRDA:236,86,0,4
BRDA:237,87,0,2
BRDA:243,88,0,7
BRDA:257,89,0,1
BRDA:259,90,0,6
BRDA:272,91,0,1
BRDA:272,92,0,5
BRDA:277,93,0,4
BRDA:277,94,0,1
BRDA:278,95,0,2
BRDA:278,96,0,0
BRDA:278,97,0,1
BRDA:280,98,0,0
BRDA:280,99,0,2
BRDA:280,100,0,0
BRDA:280,101,0,1
BRDA:294,102,0,4
BRDA:299,103,0,8
BRDA:308,104,0,4
BRDA:309,105,0,1
BRDA:309,106,0,3
BRDA:310,107,0,1
BRDA:310,108,0,2
BRDA:311,109,0,1
BRDA:315,110,0,34
BRDA:325,111,0,25
BRDA:325,112,0,26
BRDA:325,113,0,9
BRDA:326,114,0,2
BRDA:327,115,0,0
BRDA:329,116,0,7
BRDA:333,117,0,70
BRDA:341,118,0,4
BRDA:341,119,0,2
BRDA:341,120,0,2
BRDA:343,121,0,68
BRDA:347,122,0,7
BRDA:353,123,0,6
BRDA:353,124,0,1
BRDA:353,125,0,6
BRDA:360,126,0,14
BRDA:361,127,0,34
BRDA:363,128,0,2
BRDA:363,129,0,32
BRDA:364,130,0,4
BRDA:364,131,0,3
BRDA:364,132,0,29
BRDA:365,133,0,0
BRDA:365,134,0,0
BRDA:365,135,0,29
BRDA:366,136,0,5
BRDA:366,137,0,2
BRDA:366,138,0,1
BRDA:366,139,0,28
BRDA:367,140,0,2
BRDA:367,141,0,1
BRDA:367,142,0,27
BRDA:373,143,0,2
BRDA:397,144,0,6
BRDA:400,145,0,0
BRDA:407,146,0,24
BRDA:410,147,0,20
BRDA:410,148,0,16
BRDA:410,149,0,14
BRDA:410,150,0,18
BRDA:410,151,0,12
BRDA:413,152,0,6
BRDA:413,153,0,2
BRDA:413,154,0,10
BRDA:414,155,0,14
BRDA:414,156,0,4
BRDA:414,157,0,6
BRDA:415,158,0,0
BRDA:415,159,0,6
BRDA:418,160,0,0
BRDA:418,161,0,14
BRDA:418,162,0,6
BRDA:421,163,0,4
BRDA:430,164,0,72
BRDA:438,165,0,1
BRDA:438,166,0,71
BRDA:439,167,0,3
BRDA:439,168,0,68
BRDA:440,169,0,1
BRDA:440,170,0,67
BRDA:441,171,0,3
BRDA:441,172,0,1
BRDA:443,173,0,66
BRDA:448,174,0,23
BRDA:454,175,0,22
BRDA:454,176,0,22
BRDA:454,177,0,1
BRDA:455,178,0,63
BRDA:456,179,0,62
BRF:180
BRH:165
end_of_record
TN:
SF:src/utils/mapPointer.ts
FN:11,getMapDisplayMaxSize
FN:30,computeMapDisplayScale
FN:41,pointerToTileCoords
FNF:3
FNH:3
FNDA:63,getMapDisplayMaxSize
FNDA:68,computeMapDisplayScale
FNDA:7,pointerToTileCoords
DA:2,1
DA:3,1
DA:4,1
DA:5,1
DA:6,1
DA:7,1
DA:8,1
DA:9,1
DA:11,1
DA:12,63
DA:13,63
DA:14,63
DA:15,63
DA:16,63
DA:17,63
DA:18,63
DA:19,63
DA:21,63
DA:22,63
DA:23,63
DA:24,63
DA:25,63
DA:26,63
DA:27,63
DA:28,63
DA:30,1
DA:31,68
DA:32,68
DA:33,68
DA:34,68
DA:35,68
DA:36,68
DA:37,35
DA:38,35
DA:41,1
DA:42,7
DA:43,7
DA:44,7
DA:45,7
DA:46,7
DA:47,7
DA:48,7
DA:49,7
DA:50,7
DA:51,7
DA:52,7
LF:46
LH:46
BRDA:11,0,0,63
BRDA:30,1,0,68
BRDA:36,2,0,35
BRDA:36,3,0,40
BRDA:36,4,0,33
BRDA:36,5,0,35
BRDA:41,6,0,7
BRF:7
BRH:7
end_of_record
TN:
SF:src/utils/mapTileDrawing.ts
FN:11,resolveTilesetBase
FN:19,isTileRefPresent
FN:25,buildOverlay2TileSet
FN:54,installMapTileRenderer
FN:77,drawTile
FN:105,drawAll
FN:135,onTilesetReady
FN:142,img.onload
FN:143,img.onerror
FNF:9
FNH:9
FNDA:4,resolveTilesetBase
FNDA:13,isTileRefPresent
FNDA:5,buildOverlay2TileSet
FNDA:4,installMapTileRenderer
FNDA:5,drawTile
FNDA:3,drawAll
FNDA:4,onTilesetReady
FNDA:4,img.onload
FNDA:1,img.onerror
DA:1,1
DA:11,4
DA:12,4
DA:13,4
DA:14,0
DA:15,4
DA:16,4
DA:17,4
DA:19,1
DA:20,13
DA:21,10
DA:22,13
DA:23,13
DA:25,1
DA:26,5
DA:27,5
DA:28,5
DA:29,5
DA:31,5
DA:32,2
DA:33,4
DA:34,2
DA:35,2
DA:36,4
DA:37,2
DA:39,1
DA:40,1
DA:54,1
DA:55,4
DA:56,4
DA:57,4
DA:58,4
DA:59,4
DA:60,4
DA:61,4
DA:62,4
DA:63,4
DA:65,4
DA:66,4
DA:68,4
DA:69,5
DA:70,5
DA:71,5
DA:72,4
DA:74,4
DA:75,4
DA:77,4
DA:78,5
DA:79,5
DA:80,5
DA:81,5
DA:82,5
DA:83,5
DA:84,5
DA:85,5
DA:86,5
DA:88,5
DA:89,5
DA:90,5
DA:92,5
DA:93,5
DA:94,5
DA:95,5
DA:96,5
DA:97,5
DA:98,5
DA:99,5
DA:100,5
DA:101,5
DA:102,5
DA:103,5
DA:105,4
DA:106,3
DA:108,2
DA:109,2
DA:110,2
DA:112,2
DA:113,2
DA:115,2
DA:116,2
DA:118,2
DA:119,2
DA:120,2
DA:121,2
DA:122,2
DA:123,2
DA:124,2
DA:125,2
DA:127,3
DA:128,1
DA:129,1
DA:130,1
DA:132,2
DA:133,3
DA:135,4
DA:136,4
DA:137,4
DA:138,4
DA:139,4
DA:141,4
DA:142,5
DA:143,5
DA:144,1
DA:145,1
DA:146,5
DA:147,4
DA:149,4
DA:150,3
DA:151,3
DA:152,4
LF:110
LH:109
BRDA:11,0,0,4
BRDA:13,1,0,0
BRDA:15,2,0,0
BRDA:19,3,0,13
BRDA:20,4,0,10
BRDA:20,5,0,3
BRDA:20,6,0,10
BRDA:22,7,0,9
BRDA:25,8,0,5
BRDA:29,9,0,4
BRDA:29,10,0,1
BRDA:31,11,0,2
BRDA:32,12,0,4
BRDA:33,13,0,2
BRDA:37,14,0,1
BRDA:54,15,0,4
BRDA:66,16,0,5
BRDA:68,17,0,5
BRDA:77,18,0,5
BRDA:83,19,0,0
BRDA:86,20,0,0
BRDA:105,21,0,3
BRDA:106,22,0,1
BRDA:106,23,0,2
BRDA:110,24,0,0
BRDA:110,25,0,2
BRDA:121,26,0,1
BRDA:122,27,0,1
BRDA:122,28,0,1
BRDA:123,29,0,1
BRDA:123,30,0,1
BRDA:127,31,0,1
BRDA:130,32,0,2
BRDA:135,33,0,4
BRDA:136,34,0,0
BRDA:138,35,0,3
BRDA:141,36,0,5
BRDA:146,37,0,0
BRDA:142,38,0,4
BRDA:143,39,0,1
BRDA:149,40,0,3
BRF:41
BRH:34
end_of_record
TN:
SF:src/utils/overlay2Mask.ts
FN:8,captureOverlay2Mask
FN:23,sampleOverlay2Mask
FN:33,overlay2MaskHasCoverage
FNF:3
FNH:3
FNDA:3,captureOverlay2Mask
FNDA:3,sampleOverlay2Mask
FNDA:3,overlay2MaskHasCoverage
DA:8,1
DA:9,3
DA:10,3
DA:12,3
DA:13,3
DA:15,3
DA:16,3
DA:17,3
DA:18,3
DA:19,3
DA:20,3
DA:21,3
DA:23,1
DA:24,3
DA:26,2
DA:27,2
DA:28,3
DA:30,1
DA:31,1
DA:33,1
DA:34,3
DA:35,3
DA:36,3
DA:37,3
DA:38,3
DA:39,3
DA:40,3
DA:42,2
DA:43,2
DA:44,2
DA:45,2
DA:47,3
DA:48,4
DA:49,9
DA:50,9
DA:51,3
DA:53,1
DA:54,1
LF:38
LH:38
BRDA:8,0,0,3
BRDA:10,1,0,2
BRDA:10,2,0,1
BRDA:10,3,0,2
BRDA:10,4,0,1
BRDA:12,5,0,0
BRDA:13,6,0,1
BRDA:13,7,0,0
BRDA:23,8,0,3
BRDA:24,9,0,1
BRDA:24,10,0,2
BRDA:28,11,0,1
BRDA:28,12,0,1
BRDA:28,13,0,1
BRDA:28,14,0,1
BRDA:33,15,0,3
BRDA:40,16,0,1
BRDA:40,17,0,2
BRDA:47,18,0,4
BRDA:48,19,0,9
BRDA:49,20,0,1
BRDA:50,21,0,3
BRDA:51,22,0,1
BRF:23
BRH:21
end_of_record
TN:
SF:src/utils/pixelCanvas.ts
FN:6,getDevicePixelRatio
FN:14,setupPixelCanvas
FNF:2
FNH:2
FNDA:182,getDevicePixelRatio
FNDA:180,setupPixelCanvas
DA:2,1
DA:3,1
DA:4,1
DA:6,1
DA:7,182
DA:8,182
DA:14,1
DA:15,180
DA:16,180
DA:17,180
DA:18,180
DA:19,180
DA:20,180
DA:21,180
DA:23,180
DA:24,51
DA:25,51
DA:26,51
DA:27,180
DA:28,180
DA:30,180
DA:31,180
LF:22
LH:22
BRDA:6,0,0,182
BRDA:7,1,0,1
BRDA:14,2,0,180
BRDA:23,3,0,129
BRDA:23,4,0,51
BRF:5
BRH:5
end_of_record
TN:
SF:src/utils/secureFetch.ts
FN:1,secureFetch
FNF:1
FNH:1
FNDA:10,secureFetch
DA:1,10
DA:2,10
DA:3,10
DA:5,10
DA:6,1
DA:7,1
DA:9,10
DA:10,1
DA:11,1
DA:13,10
DA:14,10
DA:15,10
DA:16,10
DA:18,4
DA:19,4
LF:15
LH:15
BRDA:1,0,0,10
BRDA:5,1,0,9
BRDA:5,2,0,9
BRDA:5,3,0,1
BRDA:9,4,0,1
BRDA:9,5,0,1
BRDA:9,6,0,1
BRDA:15,7,0,2
BRDA:15,8,0,9
BRDA:16,9,0,4
BRF:10
BRH:10
end_of_record
TN:
SF:src/utils/spriteOverlay.ts
FN:4,applyOpaquePixelOverlay
FN:25,drawImageWithPlayerOverlay
FNF:2
FNH:2
FNDA:3,applyOpaquePixelOverlay
FNDA:4,drawImageWithPlayerOverlay
DA:2,1
DA:4,1
DA:5,3
DA:6,3
DA:7,3
DA:8,3
DA:9,3
DA:10,3
DA:11,3
DA:12,3
DA:13,3
DA:14,3
DA:15,2
DA:16,3
DA:17,3
DA:18,2
DA:19,2
DA:20,3
DA:21,2
DA:22,3
DA:23,3
DA:25,1
DA:26,4
DA:27,4
DA:28,4
DA:29,4
DA:30,4
DA:31,4
DA:32,4
DA:33,4
DA:34,4
DA:35,4
DA:36,4
DA:37,4
DA:38,4
DA:39,4
DA:41,2
DA:42,2
DA:43,2
DA:44,2
DA:45,2
DA:47,1
DA:48,1
DA:49,1
LF:44
LH:44
BRDA:4,0,0,3
BRDA:14,1,0,2
BRDA:15,2,0,3
BRDA:17,3,0,2
BRDA:25,4,0,4
BRDA:39,5,0,3
BRDA:39,6,0,2
BRDA:45,7,0,1
BRF:8
BRH:8
end_of_record
TN:
SF:src/utils/unitSpriteMapCoords.ts
FN:3,spriteCanvasPixelToMapCoords
FN:17,getUnitSpriteBoundsOnMap
FN:31,getUnitSpriteCanvasStyle
FNF:3
FNH:3
FNDA:1,spriteCanvasPixelToMapCoords
FNDA:2,getUnitSpriteBoundsOnMap
FNDA:1,getUnitSpriteCanvasStyle
DA:1,1
DA:3,1
DA:4,1
DA:5,1
DA:6,1
DA:7,1
DA:8,1
DA:9,1
DA:10,1
DA:11,1
DA:12,1
DA:13,1
DA:14,1
DA:15,1
DA:17,1
DA:18,2
DA:19,2
DA:20,2
DA:21,2
DA:22,2
DA:23,2
DA:24,2
DA:25,2
DA:26,2
DA:27,2
DA:28,2
DA:29,2
DA:31,1
DA:32,1
DA:33,1
DA:34,1
DA:35,1
DA:36,1
DA:37,1
DA:38,1
DA:39,1
DA:41,1
DA:42,1
DA:43,1
DA:44,1
DA:45,1
DA:46,1
DA:47,1
DA:48,1
DA:49,1
DA:50,1
DA:51,1
DA:52,1
LF:48
LH:48
BRDA:3,0,0,1
BRDA:17,1,0,2
BRDA:31,2,0,1
BRF:3
BRH:3
end_of_record
